This is pdfTeX, Version 3.14159265-2.6-1.40.16 (TeX Live 2015) (preloaded format=pdflatex 2015.5.24)  31 MAY 2017 14:38
entering extended mode
 restricted \write18 enabled.
 %&-line parsing enabled.
**msv3.tex
(./msv3.tex
LaTeX2e <2015/01/01>
Babel <3.9l> and hyphenation patterns for 79 languages loaded.
(/usr/local/texlive/2015/texmf-dist/tex/latex/revtex4/revtex4.cls
Document Class: revtex4 2001/08/02 v4.0 (http://publish.aps.org/revtex4/ for do
cumentation)
 Copyright (c) 2001 The American Physical Society.
 mailto:revtex@aps.org
 Licensed under the LPPL:
http://www.ctan.org/tex-archive/macros/latex/base/lppl.txt
 Arthur Ogawa <ogawa@teleport.com>
 Based on work by David Carlisle <david@dcarlisle.demon.co.uk>.
ltxutil: portions licensed from W. E. Baxter (web@superscript.com)
Class revtex4 Info: Repairing broken LateX \@sect on input line 596.
\intertabularlinepenalty=\count79
\@tbpen=\count80
\@arstrutbox@hline=\box26
Class revtex4 Info: Repairing broken LaTeX \@xbitor on input line 1610.
ltxgrid: portions licensed from W. E. Baxter (web@superscript.com)
\c@linecount=\count81
\output=\toks14
\@protection@box=\box27
\@topmark@saved=\toks15
\footins@saved=\box28
\pagesofar=\box29
\footbox=\box30
\pagegrid@col=\count82
Class revtex4 Info: Incorporating package {textcase}  [1998/11/12 v0.06 Text on
ly upper/lower case changing (DPC)]. on input line 3682.
(/usr/local/texlive/2015/texmf-dist/tex/latex/url/url.sty
\Urlmuskip=\muskip10
Package: url 2013/09/16  ver 3.4  Verb mode for urls, etc.
)
\c@affil=\count83
\absbox=\box31
\c@part=\count84
\c@section=\count85
\c@subsection=\count86
\c@subsubsection=\count87
\c@paragraph=\count88
\c@subparagraph=\count89
\abovecaptionskip=\skip41
\belowcaptionskip=\skip42
\c@figure=\count90
\c@table=\count91

(/usr/local/texlive/2015/texmf-dist/tex/latex/natbib/natbib.sty
Package: natbib 2010/09/13 8.31b (PWD, AO)
\bibhang=\skip43
\bibsep=\skip44
LaTeX Info: Redefining \cite on input line 694.
\c@NAT@ctr=\count92
)
\widetext@top=\box32
\widetext@bot=\box33

(/usr/local/texlive/2015/texmf-dist/tex/latex/revtex4/revsymb.sty
Package: revsymb 2001/08/02 v4.0 (http://publish.aps.org/revtex4/ for documenta
tion)
LaTeX Info: Redefining \REV@mathfrak on input line 118.
))
(/usr/local/texlive/2015/texmf-dist/tex/latex/amsfonts/amssymb.sty
Package: amssymb 2013/01/14 v3.01 AMS font symbols

(/usr/local/texlive/2015/texmf-dist/tex/latex/amsfonts/amsfonts.sty
Package: amsfonts 2013/01/14 v3.01 Basic AMSFonts support
\@emptytoks=\toks16
\symAMSa=\mathgroup4
\symAMSb=\mathgroup5
LaTeX Font Info:    Overwriting math alphabet `\mathfrak' in version `bold'
(Font)                  U/euf/m/n --> U/euf/b/n on input line 106.
LaTeX Info: Redefining \frak on input line 111.
LaTeX Info: Redefining \Bbb on input line 113.
))
(/usr/local/texlive/2015/texmf-dist/tex/latex/amsmath/amsmath.sty
Package: amsmath 2013/01/14 v2.14 AMS math features
\@mathmargin=\skip45

For additional information on amsmath, use the `?' option.
(/usr/local/texlive/2015/texmf-dist/tex/latex/amsmath/amstext.sty
Package: amstext 2000/06/29 v2.01

(/usr/local/texlive/2015/texmf-dist/tex/latex/amsmath/amsgen.sty
File: amsgen.sty 1999/11/30 v2.0
\@emptytoks=\toks17
\ex@=\dimen102
))
(/usr/local/texlive/2015/texmf-dist/tex/latex/amsmath/amsbsy.sty
Package: amsbsy 1999/11/29 v1.2d
\pmbraise@=\dimen103
)
(/usr/local/texlive/2015/texmf-dist/tex/latex/amsmath/amsopn.sty
Package: amsopn 1999/12/14 v2.01 operator names
)
\inf@bad=\count93
LaTeX Info: Redefining \frac on input line 210.
\uproot@=\count94
\leftroot@=\count95
LaTeX Info: Redefining \overline on input line 306.
\classnum@=\count96
\DOTSCASE@=\count97
LaTeX Info: Redefining \ldots on input line 378.
LaTeX Info: Redefining \dots on input line 381.
LaTeX Info: Redefining \cdots on input line 466.
\Mathstrutbox@=\box34
\strutbox@=\box35
\big@size=\dimen104
LaTeX Font Info:    Redeclaring font encoding OML on input line 566.
LaTeX Font Info:    Redeclaring font encoding OMS on input line 567.
\macc@depth=\count98
\c@MaxMatrixCols=\count99
\dotsspace@=\muskip11
\c@parentequation=\count100
\dspbrk@lvl=\count101
\tag@help=\toks18
\row@=\count102
\column@=\count103
\maxfields@=\count104
\andhelp@=\toks19
\eqnshift@=\dimen105
\alignsep@=\dimen106
\tagshift@=\dimen107
\tagwidth@=\dimen108
\totwidth@=\dimen109
\lineht@=\dimen110
\@envbody=\toks20
\multlinegap=\skip46
\multlinetaggap=\skip47
\mathdisplay@stack=\toks21
LaTeX Info: Redefining \[ on input line 2665.
LaTeX Info: Redefining \] on input line 2666.
)

Class revtex4 Warning: No Society specified, using generic APS style.

(/usr/local/texlive/2015/texmf-dist/tex/latex/revtex4/aps.rtx
File: aps.rtx 2001/08/02 v4.0 (http://publish.aps.org/revtex4/ for documentatio
n)
)
(/usr/local/texlive/2015/texmf-dist/tex/latex/revtex4/10pt.rtx
File: 10pt.rtx 2001/08/02 v4.0 (http://publish.aps.org/revtex4/ for documentati
on)
)
(/usr/local/texlive/2015/texmf-dist/tex/generic/babel/babel.sty
Package: babel 2014/09/25 3.9l The Babel package

(/usr/local/texlive/2015/texmf-dist/tex/generic/babel-english/english.ldf
Language: english 2012/08/20 v3.3p English support from the babel system

(/usr/local/texlive/2015/texmf-dist/tex/generic/babel/babel.def
File: babel.def 2014/09/25 3.9l Babel common definitions
\babel@savecnt=\count105
\U@D=\dimen111
)
\l@canadian = a dialect from \language\l@american 
\l@australian = a dialect from \language\l@british 
\l@newzealand = a dialect from \language\l@british 
))
(/usr/local/texlive/2015/texmf-dist/tex/latex/base/inputenc.sty
Package: inputenc 2015/03/17 v1.2c Input encoding file
\inpenc@prehook=\toks22
\inpenc@posthook=\toks23

(/usr/local/texlive/2015/texmf-dist/tex/latex/base/latin1.def
File: latin1.def 2015/03/17 v1.2c Input encoding file
))
(/usr/local/texlive/2015/texmf-dist/tex/latex/base/fontenc.sty
Package: fontenc 2005/09/27 v1.99g Standard LaTeX package

(/usr/local/texlive/2015/texmf-dist/tex/latex/base/t1enc.def
File: t1enc.def 2005/09/27 v1.99g Standard LaTeX file
LaTeX Font Info:    Redeclaring font encoding T1 on input line 48.
))
(/usr/local/texlive/2015/texmf-dist/tex/latex/graphics/color.sty
Package: color 2014/10/28 v1.1a Standard LaTeX Color (DPC)

(/usr/local/texlive/2015/texmf-dist/tex/latex/latexconfig/color.cfg
File: color.cfg 2007/01/18 v1.5 color configuration of teTeX/TeXLive
)
Package color Info: Driver file: pdftex.def on input line 142.

(/usr/local/texlive/2015/texmf-dist/tex/latex/pdftex-def/pdftex.def
File: pdftex.def 2011/05/27 v0.06d Graphics/color for pdfTeX

(/usr/local/texlive/2015/texmf-dist/tex/generic/oberdiek/infwarerr.sty
Package: infwarerr 2010/04/08 v1.3 Providing info/warning/error messages (HO)
)
(/usr/local/texlive/2015/texmf-dist/tex/generic/oberdiek/ltxcmds.sty
Package: ltxcmds 2011/11/09 v1.22 LaTeX kernel commands for general use (HO)
)
\Gread@gobject=\count106
))
(/usr/local/texlive/2015/texmf-dist/tex/latex/float/float.sty
Package: float 2001/11/08 v1.3d Float enhancements (AL)
\c@float@type=\count107
\float@exts=\toks24
\float@box=\box36
\@float@everytoks=\toks25
\@floatcapt=\box37
)
(/usr/local/texlive/2015/texmf-dist/tex/latex/tools/verbatim.sty
Package: verbatim 2014/10/28 v1.5q LaTeX2e package for verbatim enhancements
\every@verbatim=\toks26
\verbatim@line=\toks27
\verbatim@in@stream=\read1
)
(/usr/local/texlive/2015/texmf-dist/tex/latex/graphics/graphicx.sty
Package: graphicx 2014/10/28 v1.0g Enhanced LaTeX Graphics (DPC,SPQR)

(/usr/local/texlive/2015/texmf-dist/tex/latex/graphics/keyval.sty
Package: keyval 2014/10/28 v1.15 key=value parser (DPC)
\KV@toks@=\toks28
)
(/usr/local/texlive/2015/texmf-dist/tex/latex/graphics/graphics.sty
Package: graphics 2014/10/28 v1.0p Standard LaTeX Graphics (DPC,SPQR)

(/usr/local/texlive/2015/texmf-dist/tex/latex/graphics/trig.sty
Package: trig 1999/03/16 v1.09 sin cos tan (DPC)
)
(/usr/local/texlive/2015/texmf-dist/tex/latex/latexconfig/graphics.cfg
File: graphics.cfg 2010/04/23 v1.9 graphics configuration of TeX Live
)
Package graphics Info: Driver file: pdftex.def on input line 94.
)
\Gin@req@height=\dimen112
\Gin@req@width=\dimen113
)
(/usr/local/texlive/2015/texmf-dist/tex/latex/tools/bm.sty
Package: bm 2014/10/28 v1.1c Bold Symbol Support (DPC/FMi)
\symboldoperators=\mathgroup6
\symboldletters=\mathgroup7
\symboldsymbols=\mathgroup8
LaTeX Font Info:    Redeclaring math alphabet \mathbf on input line 141.
LaTeX Info: Redefining \bm on input line 207.
)
(/usr/local/texlive/2015/texmf-dist/tex/latex/mathtools/mathtools.sty
Package: mathtools 2015/05/11 v1.16 mathematical typesetting tools

(/usr/local/texlive/2015/texmf-dist/tex/latex/tools/calc.sty
Package: calc 2014/10/28 v4.3 Infix arithmetic (KKT,FJ)
\calc@Acount=\count108
\calc@Bcount=\count109
\calc@Adimen=\dimen114
\calc@Bdimen=\dimen115
\calc@Askip=\skip48
\calc@Bskip=\skip49
LaTeX Info: Redefining \setlength on input line 80.
LaTeX Info: Redefining \addtolength on input line 81.
\calc@Ccount=\count110
\calc@Cskip=\skip50
)
(/usr/local/texlive/2015/texmf-dist/tex/latex/mathtools/mhsetup.sty
Package: mhsetup 2010/01/21 v1.2a programming setup (MH)
)
LaTeX Info: Thecontrolsequence`\('isalreadyrobust on input line 129.
LaTeX Info: Thecontrolsequence`\)'isalreadyrobust on input line 129.
LaTeX Info: Thecontrolsequence`\['isalreadyrobust on input line 129.
LaTeX Info: Thecontrolsequence`\]'isalreadyrobust on input line 129.
\g_MT_multlinerow_int=\count111
\l_MT_multwidth_dim=\dimen116
\origjot=\skip51
\l_MT_shortvdotswithinadjustabove_dim=\dimen117
\l_MT_shortvdotswithinadjustbelow_dim=\dimen118
\l_MT_above_intertext_sep=\dimen119
\l_MT_below_intertext_sep=\dimen120
\l_MT_above_shortintertext_sep=\dimen121
\l_MT_below_shortintertext_sep=\dimen122
)
(/usr/local/texlive/2015/texmf-dist/tex/latex/stmaryrd/stmaryrd.sty
Package: stmaryrd 1994/03/03 St Mary's Road symbol package
\symstmry=\mathgroup9
LaTeX Font Info:    Overwriting symbol font `stmry' in version `bold'
(Font)                  U/stmry/m/n --> U/stmry/b/n on input line 89.
)
(/usr/local/texlive/2015/texmf-dist/tex/latex/anyfontsize/anyfontsize.sty
Package: anyfontsize 2007/11/22 anyfontsize.sty by pts
)
(/usr/local/texlive/2015/texmf-dist/tex/latex/caption/caption.sty
Package: caption 2013/05/02 v3.3-89 Customizing captions (AR)

(/usr/local/texlive/2015/texmf-dist/tex/latex/caption/caption3.sty
Package: caption3 2013/05/02 v1.6-88 caption3 kernel (AR)
Package caption3 Info: TeX engine: e-TeX on input line 57.
\captionmargin=\dimen123
\captionmargin@=\dimen124
\captionwidth=\dimen125
\caption@tempdima=\dimen126
\caption@indent=\dimen127
\caption@parindent=\dimen128
\caption@hangindent=\dimen129
Package caption Info: Unknown document class (or package),
(caption)             standard defaults will be used.
)

Package caption Warning: Unsupported document class (or package) detected,
(caption)                usage of the caption package is not recommended.
See the caption package documentation for explanation.

Package caption Info: \@makecaption = \long macro:#1#2->\par \vskip \abovecapti
onskip \begingroup \small \rmfamily \sbox \@tempboxa {\let \\\heading@cr #1: #2
}\@ifdim {\wd \@tempboxa >\hsize }{\begingroup \samepage \flushing \let \footno
te \@footnotemark@gobble #1: #2\par \endgroup }{\global \@minipagefalse \hb@xt@
 \hsize {\hfil \unhbox \@tempboxa \hfil }}\endgroup \vskip \belowcaptionskip .
\c@ContinuedFloat=\count112
Package caption Info: float package is loaded.
) (/usr/local/texlive/2015/texmf-dist/tex/latex/caption/subcaption.sty
Package: subcaption 2013/02/03 v1.1-62 Sub-captions (AR)
\c@subfigure=\count113
\c@subtable=\count114
)
(/usr/local/texlive/2015/texmf-dist/tex/latex/bibunits/bibunits.sty
Package: bibunits 2004/05/12 v2.4 Multiple bibliographies in one document.
\@bibunitaux=\write3
\@bibunitauxcnt=\count115
)
(./msv3.aux (./bu.aux))
\openout1 = `msv3.aux'.

LaTeX Font Info:    Checking defaults for OML/cmm/m/it on input line 50.
LaTeX Font Info:    ... okay on input line 50.
LaTeX Font Info:    Checking defaults for T1/cmr/m/n on input line 50.
LaTeX Font Info:    ... okay on input line 50.
LaTeX Font Info:    Checking defaults for OT1/cmr/m/n on input line 50.
LaTeX Font Info:    ... okay on input line 50.
LaTeX Font Info:    Checking defaults for OMS/cmsy/m/n on input line 50.
LaTeX Font Info:    ... okay on input line 50.
LaTeX Font Info:    Checking defaults for OMX/cmex/m/n on input line 50.
LaTeX Font Info:    ... okay on input line 50.
LaTeX Font Info:    Checking defaults for U/cmr/m/n on input line 50.
LaTeX Font Info:    ... okay on input line 50.
Class revtex4 Info: Patching LaTeX tabular. on input line 50.
Class revtex4 Info: cite was not loaded (OK!) on input line 50.
Class revtex4 Info: multicol was not loaded (OK!) on input line 50.

(/usr/local/texlive/2015/texmf-dist/tex/context/base/supp-pdf.mkii
[Loading MPS to PDF converter (version 2006.09.02).]
\scratchcounter=\count116
\scratchdimen=\dimen130
\scratchbox=\box38
\nofMPsegments=\count117
\nofMParguments=\count118
\everyMPshowfont=\toks29
\MPscratchCnt=\count119
\MPscratchDim=\dimen131
\MPnumerator=\count120
\makeMPintoPDFobject=\count121
\everyMPtoPDFconversion=\toks30
) (/usr/local/texlive/2015/texmf-dist/tex/generic/oberdiek/pdftexcmds.sty
Package: pdftexcmds 2011/11/29 v0.20 Utility functions of pdfTeX for LuaTeX (HO
)

(/usr/local/texlive/2015/texmf-dist/tex/generic/oberdiek/ifluatex.sty
Package: ifluatex 2010/03/01 v1.3 Provides the ifluatex switch (HO)
Package ifluatex Info: LuaTeX not detected.
)
(/usr/local/texlive/2015/texmf-dist/tex/generic/oberdiek/ifpdf.sty
Package: ifpdf 2011/01/30 v2.3 Provides the ifpdf switch (HO)
Package ifpdf Info: pdfTeX in PDF mode is detected.
)
Package pdftexcmds Info: LuaTeX not detected.
Package pdftexcmds Info: \pdf@primitive is available.
Package pdftexcmds Info: \pdf@ifprimitive is available.
Package pdftexcmds Info: \pdfdraftmode found.
)
(/usr/local/texlive/2015/texmf-dist/tex/latex/oberdiek/epstopdf-base.sty
Package: epstopdf-base 2010/02/09 v2.5 Base part for package epstopdf

(/usr/local/texlive/2015/texmf-dist/tex/latex/oberdiek/grfext.sty
Package: grfext 2010/08/19 v1.1 Manage graphics extensions (HO)

(/usr/local/texlive/2015/texmf-dist/tex/generic/oberdiek/kvdefinekeys.sty
Package: kvdefinekeys 2011/04/07 v1.3 Define keys (HO)
))
(/usr/local/texlive/2015/texmf-dist/tex/latex/oberdiek/kvoptions.sty
Package: kvoptions 2011/06/30 v3.11 Key value format for package options (HO)

(/usr/local/texlive/2015/texmf-dist/tex/generic/oberdiek/kvsetkeys.sty
Package: kvsetkeys 2012/04/25 v1.16 Key value parser (HO)

(/usr/local/texlive/2015/texmf-dist/tex/generic/oberdiek/etexcmds.sty
Package: etexcmds 2011/02/16 v1.5 Avoid name clashes with e-TeX commands (HO)
Package etexcmds Info: Could not find \expanded.
(etexcmds)             That can mean that you are not using pdfTeX 1.50 or
(etexcmds)             that some package has redefined \expanded.
(etexcmds)             In the latter case, load this package earlier.
)))
Package grfext Info: Graphics extension search list:
(grfext)             [.png,.pdf,.jpg,.mps,.jpeg,.jbig2,.jb2,.PNG,.PDF,.JPG,.JPE
G,.JBIG2,.JB2,.eps]
(grfext)             \AppendGraphicsExtensions on input line 452.

(/usr/local/texlive/2015/texmf-dist/tex/latex/latexconfig/epstopdf-sys.cfg
File: epstopdf-sys.cfg 2010/07/13 v1.3 Configuration of (r)epstopdf for TeX Liv
e
))
Package caption Info: Begin \AtBeginDocument code.
Package caption Info: Incompatible package detected (regarding \caption).
(caption)             \caption = macro:->\minipagefootnote@here \ifx \@captype 
\@undefined \@latex@error {\noexpand \caption outside float}\@ehd \expandafter 
\@gobble \else \refstepcounter \@captype \let \@tempf \@caption \expandafter \i
fx \csname @float@c@\@captype \endcsname \relax \else \expandafter \expandafter
 \let \expandafter \@tempf \csname @float@c@\@captype \endcsname \fi \fi \@dbla
rg {\@tempf \@captype }.


Package caption Warning: Forced redefinition of \caption since the
(caption)                unsupported(!) package option `compatibility=false'
(caption)                was given.
See the caption package documentation for explanation.

Package caption Info: End \AtBeginDocument code.

Class revtex4 Warning: Assuming \noaffiliation for Justin D. Yeakel${}^{1,2,*}$
, Jean P. Gibert${}^{1}$, Peter A. H. Westley${}^{3}$, \& Jonathan W. Moore${}^
{4}$ \\ ${}^1$School of Natural Sciences, University of California, Merced, Mer
ced CA, USA \\ ${}^2$The Santa Fe Institute, Santa Fe NM, USA \\ ${}^3$College 
of Fisheries and Ocean Sciences, University of Alaska, Fairbanks, Fairbanks AK,
 USA \\ ${}^4$Earth${}_2$Oceans Research Group, Simon Fraser University, Vancou
ver BC, Canada \\ ${}^*$To whom correspondence should be addressed: jdyeakel@gm
ail.com .

LaTeX Font Info:    Try loading font information for U+msa on input line 66.
(/usr/local/texlive/2015/texmf-dist/tex/latex/amsfonts/umsa.fd
File: umsa.fd 2013/01/14 v3.01 AMS symbols A
)
LaTeX Font Info:    Try loading font information for U+msb on input line 66.

(/usr/local/texlive/2015/texmf-dist/tex/latex/amsfonts/umsb.fd
File: umsb.fd 2013/01/14 v3.01 AMS symbols B
)
LaTeX Font Info:    Try loading font information for U+stmry on input line 66.

(/usr/local/texlive/2015/texmf-dist/tex/latex/stmaryrd/Ustmry.fd) [1{/usr/local
/texlive/2015/texmf-var/fonts/map/pdftex/updmap/pdftex.map}]
Underfull \hbox (badness 1803) in paragraph at lines 154--161
[]\T1/cmr/m/n/10 Here we seek to ex-plore how col-lec-tive density-
 []

<figs2/fig_traj.pdf, id=15, 361.35pt x 578.16pt>
File: figs2/fig_traj.pdf Graphic file (type pdf)
 <use figs2/fig_traj.pdf>
Package pdftex.def Info: figs2/fig_traj.pdf used on input line 184.
(pdftex.def)             Requested size: 203.99689pt x 326.39635pt.

Underfull \hbox (badness 2318) in paragraph at lines 192--198
\T1/cmr/m/n/10 in-com-ing strays, the re-cruit-ment of the ag-gre-gate
 []

[2 <./figs2/fig_traj.pdf>]
Overfull \hbox (0.50703pt too wide) in paragraph at lines 216--216
[] 
 []


Underfull \hbox (badness 1062) in paragraph at lines 218--224
\T1/cmr/m/n/10 found that stray-ing in-di-vid-u-als have lower life-time
 []


Underfull \hbox (badness 10000) in paragraph at lines 218--224

 []

<figs2/fig_MDPE_hm.pdf, id=31, 722.7pt x 216.81pt>
File: figs2/fig_MDPE_hm.pdf Graphic file (type pdf)
 <use figs2/fig_MDPE_hm.pdf>
Package pdftex.def Info: figs2/fig_MDPE_hm.pdf used on input line 230.
(pdftex.def)             Requested size: 408.00156pt x 122.40193pt.


Package natbib Warning: Citation `Gilbert:2014ee' on page 3 undefined on input 
line 247.


Package natbib Warning: Citation `Gibert:2015kc' on page 3 undefined on input l
ine 247.


Underfull \hbox (badness 10000) in paragraph at lines 260--263

 []


Underfull \hbox (badness 10000) in paragraph at lines 277--281

 []


Underfull \hbox (badness 10000) in paragraph at lines 286--291

 []

[3]
Underfull \hbox (badness 1308) in paragraph at lines 293--296
\T1/cmr/bx/n/10 (d) Mea-sur-ing metapop-u-la-tion ro-bust-ness \T1/cmr/m/n/10 W
e
 []


Underfull \hbox (badness 1968) in paragraph at lines 311--316
\T1/cmr/m/n/10 po-nent of the metapop-u-la-tion has a longer-lasting
 []


Underfull \hbox (badness 10000) in paragraph at lines 311--316

 []

<figs2/fig_thetaPEmvm.pdf, id=37, 361.35pt x 578.16pt>
File: figs2/fig_thetaPEmvm.pdf Graphic file (type pdf)

<use figs2/fig_thetaPEmvm.pdf>
Package pdftex.def Info: figs2/fig_thetaPEmvm.pdf used on input line 326.
(pdftex.def)             Requested size: 203.99689pt x 326.39635pt.
 [4 <./figs2/fig_MDPE_hm.pdf>]

LaTeX Warning: A float is stuck (cannot be placed); try class option [floatfix]
 on input line 346.

<figs2/fig_relax_lowh.pdf, id=48, 722.7pt x 289.08pt>
File: figs2/fig_relax_lowh.pdf Graphic file (type pdf)

<use figs2/fig_relax_lowh.pdf>
Package pdftex.def Info: figs2/fig_relax_lowh.pdf used on input line 353.
(pdftex.def)             Requested size: 458.99689pt x 183.59904pt.

Underfull \hbox (badness 1515) in paragraph at lines 380--386
[]\T1/cmr/m/n/10 Straying had non-linear im-pacts on the re-cov-ery
 []


Underfull \hbox (badness 10000) in paragraph at lines 380--386

 []

[5 <./figs2/fig_thetaPEmvm.pdf>]
Underfull \hbox (badness 1057) in paragraph at lines 388--399
\T1/cmr/m/n/10 If we as-sume that the rate of stray-ing is density-
 []


LaTeX Warning: Reference `fig:PEtheta' on page 6 undefined on input line 409.

<figs2/fig_traitdiff.pdf, id=62, 361.35pt x 289.08pt>
File: figs2/fig_traitdiff.pdf Graphic file (type pdf)

<use figs2/fig_traitdiff.pdf>
Package pdftex.def Info: figs2/fig_traitdiff.pdf used on input line 420.
(pdftex.def)             Requested size: 255.0pt x 203.99991pt.

Overfull \hbox (9.0pt too wide) in paragraph at lines 420--423
 [][] 
 []


Underfull \hbox (badness 10000) in paragraph at lines 427--434

 []

[6 <./figs2/fig_relax_lowh.pdf>]

LaTeX Warning: A float is stuck (cannot be placed); try class option [floatfix]
 on input line 434.

<figs2/fig_mtheta_rt.pdf, id=73, 361.35pt x 289.08pt>
File: figs2/fig_mtheta_rt.pdf Graphic file (type pdf)

<use figs2/fig_mtheta_rt.pdf>
Package pdftex.def Info: figs2/fig_mtheta_rt.pdf used on input line 474.
(pdftex.def)             Requested size: 255.0pt x 203.99991pt.

Overfull \hbox (9.0pt too wide) in paragraph at lines 474--479
 [][] 
 []

[7 <./figs2/fig_traitdiff.pdf> <./figs2/fig_mtheta_rt.pdf>]

Package natbib Warning: Citation `Levin:1992p1472' on page 8 undefined on input
 line 511.


Package natbib Warning: Citation `Meinhardt:2012hw' on page 8 undefined on inpu
t line 512.


Package natbib Warning: Citation `Hanski:1999vu' on page 8 undefined on input l
ine 515.


Package natbib Warning: Citation `Boughton:1999fa' on page 8 undefined on input
 line 515.


LaTeX Warning: Reference `fig:PEtheta' on page 8 undefined on input line 539.

[8]
\openout3 = `bu.aux'.

 (./msv3.bbl [9]
Underfull \hbox (badness 1286) in paragraph at lines 182--187
 []\T1/cmr/m/n/9 J. R. Jasper, C. Habicht, S. Mof-fitt, R. Bren-ner,
 []


Underfull \hbox (badness 1142) in paragraph at lines 213--216
 \T1/cmr/m/n/9 Dy-nam-ics in Fluc-tu-at-ing En-vi-ron-ments,'' \T1/cmr/m/it/9 A
m. Nat.\T1/cmr/m/n/9 ,
 []

[10]) [11] <figs2/fig_relax_small.pdf, id=102, 433.62pt x 578.16pt>
File: figs2/fig_relax_small.pdf Graphic file (type pdf)

<use figs2/fig_relax_small.pdf>
Package pdftex.def Info: figs2/fig_relax_small.pdf used on input line 598.
(pdftex.def)             Requested size: 178.50311pt x 238.00873pt.

<figs2/fig_relax_large.pdf, id=103, 433.62pt x 578.16pt>
File: figs2/fig_relax_large.pdf Graphic file (type pdf)

<use figs2/fig_relax_large.pdf>
Package pdftex.def Info: figs2/fig_relax_large.pdf used on input line 611.
(pdftex.def)             Requested size: 178.50311pt x 238.00873pt.

<figs2/fig_relax_highh.pdf, id=104, 722.7pt x 289.08pt>
File: figs2/fig_relax_highh.pdf Graphic file (type pdf)

<use figs2/fig_relax_highh.pdf>
Package pdftex.def Info: figs2/fig_relax_highh.pdf used on input line 650.
(pdftex.def)             Requested size: 458.99689pt x 183.59904pt.

<figs2/fig_thetadiffN.pdf, id=105, 361.35pt x 289.08pt>
File: figs2/fig_thetadiffN.pdf Graphic file (type pdf)

<use figs2/fig_thetadiffN.pdf>
Package pdftex.def Info: figs2/fig_thetadiffN.pdf used on input line 664.
(pdftex.def)             Requested size: 203.99689pt x 163.19817pt.

<figs2/fig_relaxtheta2.pdf, id=106, 722.7pt x 289.08pt>
File: figs2/fig_relaxtheta2.pdf Graphic file (type pdf)

<use figs2/fig_relaxtheta2.pdf>
Package pdftex.def Info: figs2/fig_relaxtheta2.pdf used on input line 677.
(pdftex.def)             Requested size: 408.00156pt x 163.20258pt.

<figs2/fig_MDPE_hm_mtheta_rt.pdf, id=107, 289.08pt x 289.08pt>
File: figs2/fig_MDPE_hm_mtheta_rt.pdf Graphic file (type pdf)

<use figs2/fig_MDPE_hm_mtheta_rt.pdf>
Package pdftex.def Info: figs2/fig_MDPE_hm_mtheta_rt.pdf used on input line 691
.
(pdftex.def)             Requested size: 178.50311pt x 178.49992pt.

<figs2/fig_relax_inertia.pdf, id=108, 433.62pt x 578.16pt>
File: figs2/fig_relax_inertia.pdf Graphic file (type pdf)

<use figs2/fig_relax_inertia.pdf>
Package pdftex.def Info: figs2/fig_relax_inertia.pdf used on input line 702.
(pdftex.def)             Requested size: 178.50311pt x 238.00873pt.

<figs2/fig_relax_mtheta.pdf, id=109, 722.7pt x 289.08pt>
File: figs2/fig_relax_mtheta.pdf Graphic file (type pdf)

<use figs2/fig_relax_mtheta.pdf>
Package pdftex.def Info: figs2/fig_relax_mtheta.pdf used on input line 716.
(pdftex.def)             Requested size: 408.00156pt x 163.20258pt.

<figs2/fig_relax_both_lowh.pdf, id=110, 433.62pt x 578.16pt>
File: figs2/fig_relax_both_lowh.pdf Graphic file (type pdf)

<use figs2/fig_relax_both_lowh.pdf>
Package pdftex.def Info: figs2/fig_relax_both_lowh.pdf used on input line 731.
(pdftex.def)             Requested size: 178.50311pt x 238.00873pt.


Package natbib Warning: There were undefined citations.

[12 <./figs2/fig_relax_small.pdf>] [13 <./figs2/fig_relax_large.pdf> <./figs2/f
ig_relax_highh.pdf>] [14 <./figs2/fig_thetadiffN.pdf> <./figs2/fig_relaxtheta2.
pdf>] [15 <./figs2/fig_MDPE_hm_mtheta_rt.pdf> <./figs2/fig_relax_inertia.pdf>]
[16 <./figs2/fig_relax_mtheta.pdf> <./figs2/fig_relax_both_lowh.pdf>]
(./msv3.aux (./bu.aux))

LaTeX Warning: There were undefined references.

 ) 
Here is how much of TeX's memory you used:
 6926 strings out of 493089
 99602 string characters out of 6134842
 191142 words of memory out of 5000000
 10250 multiletter control sequences out of 15000+600000
 20056 words of font info for 62 fonts, out of 8000000 for 9000
 1141 hyphenation exceptions out of 8191
 38i,10n,38p,1026b,484s stack positions out of 5000i,500n,10000p,200000b,80000s
{/usr/local/texlive/2015/texmf-dist/fonts/enc/dvips/cm-super/cm-super-t1.enc}
</usr/local/texlive/2015/texmf-dist/fonts/type1/public/amsfonts/cm/cmex10.pfb><
/usr/local/texlive/2015/texmf-dist/fonts/type1/public/amsfonts/cm/cmmi10.pfb></
usr/local/texlive/2015/texmf-dist/fonts/type1/public/amsfonts/cm/cmmi5.pfb></us
r/local/texlive/2015/texmf-dist/fonts/type1/public/amsfonts/cm/cmmi6.pfb></usr/
local/texlive/2015/texmf-dist/fonts/type1/public/amsfonts/cm/cmmi7.pfb></usr/lo
cal/texlive/2015/texmf-dist/fonts/type1/public/amsfonts/cm/cmmi9.pfb></usr/loca
l/texlive/2015/texmf-dist/fonts/type1/public/amsfonts/cm/cmr10.pfb></usr/local/
texlive/2015/texmf-dist/fonts/type1/public/amsfonts/cm/cmr6.pfb></usr/local/tex
live/2015/texmf-dist/fonts/type1/public/amsfonts/cm/cmr7.pfb></usr/local/texliv
e/2015/texmf-dist/fonts/type1/public/amsfonts/cm/cmr9.pfb></usr/local/texlive/2
015/texmf-dist/fonts/type1/public/amsfonts/cm/cmsy10.pfb></usr/local/texlive/20
15/texmf-dist/fonts/type1/public/amsfonts/cm/cmsy6.pfb></usr/local/texlive/2015
/texmf-dist/fonts/type1/public/amsfonts/cm/cmsy7.pfb></usr/local/texlive/2015/t
exmf-dist/fonts/type1/public/amsfonts/cm/cmsy9.pfb></usr/local/texlive/2015/tex
mf-dist/fonts/type1/public/cm-super/sfbx0900.pfb></usr/local/texlive/2015/texmf
-dist/fonts/type1/public/cm-super/sfbx1000.pfb></usr/local/texlive/2015/texmf-d
ist/fonts/type1/public/cm-super/sfbx1200.pfb></usr/local/texlive/2015/texmf-dis
t/fonts/type1/public/cm-super/sfrm0900.pfb></usr/local/texlive/2015/texmf-dist/
fonts/type1/public/cm-super/sfrm1000.pfb></usr/local/texlive/2015/texmf-dist/fo
nts/type1/public/cm-super/sfti0900.pfb></usr/local/texlive/2015/texmf-dist/font
s/type1/public/cm-super/sfti1000.pfb>
Output written on msv3.pdf (16 pages, 1950027 bytes).
PDF statistics:
 252 PDF objects out of 1000 (max. 8388607)
 181 compressed objects within 2 object streams
 0 named destinations out of 1000 (max. 500000)
 76 words of extra memory for PDF output out of 10000 (max. 10000000)

