This is pdfTeX, Version 3.14159265-2.6-1.40.17 (TeX Live 2016) (preloaded format=pdflatex 2016.5.22)  21 SEP 2017 13:58
entering extended mode
 restricted \write18 enabled.
 %&-line parsing enabled.
**msv6_arxiv.tex
(./msv6_arxiv.tex
LaTeX2e <2016/03/31>
Babel <3.9r> and hyphenation patterns for 83 language(s) loaded.
(/usr/local/texlive/2016/texmf-dist/tex/latex/revtex4/revtex4.cls
Document Class: revtex4 2001/08/02 v4.0 (http://publish.aps.org/revtex4/ for do
cumentation)
 Copyright (c) 2001 The American Physical Society.
 mailto:revtex@aps.org
 Licensed under the LPPL:
http://www.ctan.org/tex-archive/macros/latex/base/lppl.txt
 Arthur Ogawa <ogawa@teleport.com>
 Based on work by David Carlisle <david@dcarlisle.demon.co.uk>.
ltxutil: portions licensed from W. E. Baxter (web@superscript.com)
Class revtex4 Info: Repairing broken LateX \@sect on input line 596.
\intertabularlinepenalty=\count79
\@tbpen=\count80
\@arstrutbox@hline=\box26
Class revtex4 Info: Repairing broken LaTeX \@xbitor on input line 1610.
ltxgrid: portions licensed from W. E. Baxter (web@superscript.com)
\c@linecount=\count81
\output=\toks14
\@protection@box=\box27
\@topmark@saved=\toks15
\footins@saved=\box28
\pagesofar=\box29
\footbox=\box30
\pagegrid@col=\count82
Class revtex4 Info: Incorporating package {textcase}  [1998/11/12 v0.06 Text on
ly upper/lower case changing (DPC)]. on input line 3682.
(/usr/local/texlive/2016/texmf-dist/tex/latex/url/url.sty
\Urlmuskip=\muskip10
Package: url 2013/09/16  ver 3.4  Verb mode for urls, etc.
)
\c@affil=\count83
\absbox=\box31
\c@part=\count84
\c@section=\count85
\c@subsection=\count86
\c@subsubsection=\count87
\c@paragraph=\count88
\c@subparagraph=\count89
\abovecaptionskip=\skip41
\belowcaptionskip=\skip42
\c@figure=\count90
\c@table=\count91

(/usr/local/texlive/2016/texmf-dist/tex/latex/natbib/natbib.sty
Package: natbib 2010/09/13 8.31b (PWD, AO)
\bibhang=\skip43
\bibsep=\skip44
LaTeX Info: Redefining \cite on input line 694.
\c@NAT@ctr=\count92
)
\widetext@top=\box32
\widetext@bot=\box33

(/usr/local/texlive/2016/texmf-dist/tex/latex/revtex4/revsymb.sty
Package: revsymb 2001/08/02 v4.0 (http://publish.aps.org/revtex4/ for documenta
tion)
LaTeX Info: Redefining \REV@mathfrak on input line 118.
))

Class revtex4 Warning: No Society specified, using generic APS style.

(/usr/local/texlive/2016/texmf-dist/tex/latex/revtex4/aps.rtx
File: aps.rtx 2001/08/02 v4.0 (http://publish.aps.org/revtex4/ for documentatio
n)
)
(/usr/local/texlive/2016/texmf-dist/tex/latex/revtex4/10pt.rtx
File: 10pt.rtx 2001/08/02 v4.0 (http://publish.aps.org/revtex4/ for documentati
on)
)
(/usr/local/texlive/2016/texmf-dist/tex/latex/amsmath/amsmath.sty
Package: amsmath 2016/03/10 v2.15b AMS math features
\@mathmargin=\skip45

For additional information on amsmath, use the `?' option.
(/usr/local/texlive/2016/texmf-dist/tex/latex/amsmath/amstext.sty
Package: amstext 2000/06/29 v2.01 AMS text

(/usr/local/texlive/2016/texmf-dist/tex/latex/amsmath/amsgen.sty
File: amsgen.sty 1999/11/30 v2.0 generic functions
\@emptytoks=\toks16
\ex@=\dimen102
))
(/usr/local/texlive/2016/texmf-dist/tex/latex/amsmath/amsbsy.sty
Package: amsbsy 1999/11/29 v1.2d Bold Symbols
\pmbraise@=\dimen103
)
(/usr/local/texlive/2016/texmf-dist/tex/latex/amsmath/amsopn.sty
Package: amsopn 2016/03/08 v2.02 operator names
)
\inf@bad=\count93
LaTeX Info: Redefining \frac on input line 199.
\uproot@=\count94
\leftroot@=\count95
LaTeX Info: Redefining \overline on input line 297.
\classnum@=\count96
\DOTSCASE@=\count97
LaTeX Info: Redefining \ldots on input line 394.
LaTeX Info: Redefining \dots on input line 397.
LaTeX Info: Redefining \cdots on input line 518.
\Mathstrutbox@=\box34
\strutbox@=\box35
\big@size=\dimen104
LaTeX Font Info:    Redeclaring font encoding OML on input line 634.
LaTeX Font Info:    Redeclaring font encoding OMS on input line 635.
\macc@depth=\count98
\c@MaxMatrixCols=\count99
\dotsspace@=\muskip11
\c@parentequation=\count100
\dspbrk@lvl=\count101
\tag@help=\toks17
\row@=\count102
\column@=\count103
\maxfields@=\count104
\andhelp@=\toks18
\eqnshift@=\dimen105
\alignsep@=\dimen106
\tagshift@=\dimen107
\tagwidth@=\dimen108
\totwidth@=\dimen109
\lineht@=\dimen110
\@envbody=\toks19
\multlinegap=\skip46
\multlinetaggap=\skip47
\mathdisplay@stack=\toks20
LaTeX Info: Redefining \[ on input line 2739.
LaTeX Info: Redefining \] on input line 2740.
)
(/usr/local/texlive/2016/texmf-dist/tex/latex/amsfonts/amsfonts.sty
Package: amsfonts 2013/01/14 v3.01 Basic AMSFonts support
\symAMSa=\mathgroup4
\symAMSb=\mathgroup5
LaTeX Font Info:    Overwriting math alphabet `\mathfrak' in version `bold'
(Font)                  U/euf/m/n --> U/euf/b/n on input line 106.
LaTeX Info: Redefining \frak on input line 111.
LaTeX Info: Redefining \Bbb on input line 113.
)
(/usr/local/texlive/2016/texmf-dist/tex/latex/amsfonts/amssymb.sty
Package: amssymb 2013/01/14 v3.01 AMS font symbols
)
(/usr/local/texlive/2016/texmf-dist/tex/generic/babel/babel.sty
Package: babel 2016/04/23 3.9r The Babel package

(/usr/local/texlive/2016/texmf-dist/tex/generic/babel-english/english.ldf
Language: english 2012/08/20 v3.3p English support from the babel system

(/usr/local/texlive/2016/texmf-dist/tex/generic/babel/babel.def
File: babel.def 2016/04/23 3.9r Babel common definitions
\babel@savecnt=\count105
\U@D=\dimen111
)
\l@canadian = a dialect from \language\l@american 
\l@australian = a dialect from \language\l@british 
\l@newzealand = a dialect from \language\l@british 
))
(/usr/local/texlive/2016/texmf-dist/tex/latex/base/inputenc.sty
Package: inputenc 2015/03/17 v1.2c Input encoding file
\inpenc@prehook=\toks21
\inpenc@posthook=\toks22

(/usr/local/texlive/2016/texmf-dist/tex/latex/base/latin1.def
File: latin1.def 2015/03/17 v1.2c Input encoding file
))
(/usr/local/texlive/2016/texmf-dist/tex/latex/base/fontenc.sty
Package: fontenc 2005/09/27 v1.99g Standard LaTeX package

(/usr/local/texlive/2016/texmf-dist/tex/latex/base/t1enc.def
File: t1enc.def 2005/09/27 v1.99g Standard LaTeX file
LaTeX Font Info:    Redeclaring font encoding T1 on input line 48.
))
(/usr/local/texlive/2016/texmf-dist/tex/latex/graphics/color.sty
Package: color 2016/05/09 v1.1c Standard LaTeX Color (DPC)

(/usr/local/texlive/2016/texmf-dist/tex/latex/graphics-cfg/color.cfg
File: color.cfg 2016/01/02 v1.6 sample color configuration
)
Package color Info: Driver file: pdftex.def on input line 144.

(/usr/local/texlive/2016/texmf-dist/tex/latex/pdftex-def/pdftex.def
File: pdftex.def 2011/05/27 v0.06d Graphics/color for pdfTeX

(/usr/local/texlive/2016/texmf-dist/tex/generic/oberdiek/infwarerr.sty
Package: infwarerr 2016/05/16 v1.4 Providing info/warning/error messages (HO)
)
(/usr/local/texlive/2016/texmf-dist/tex/generic/oberdiek/ltxcmds.sty
Package: ltxcmds 2016/05/16 v1.23 LaTeX kernel commands for general use (HO)
)
\Gread@gobject=\count106
))
(/usr/local/texlive/2016/texmf-dist/tex/latex/float/float.sty
Package: float 2001/11/08 v1.3d Float enhancements (AL)
\c@float@type=\count107
\float@exts=\toks23
\float@box=\box36
\@float@everytoks=\toks24
\@floatcapt=\box37
)
(/usr/local/texlive/2016/texmf-dist/tex/latex/tools/verbatim.sty
Package: verbatim 2014/10/28 v1.5q LaTeX2e package for verbatim enhancements
\every@verbatim=\toks25
\verbatim@line=\toks26
\verbatim@in@stream=\read1
)
(/usr/local/texlive/2016/texmf-dist/tex/latex/graphics/graphicx.sty
Package: graphicx 2014/10/28 v1.0g Enhanced LaTeX Graphics (DPC,SPQR)

(/usr/local/texlive/2016/texmf-dist/tex/latex/graphics/keyval.sty
Package: keyval 2014/10/28 v1.15 key=value parser (DPC)
\KV@toks@=\toks27
)
(/usr/local/texlive/2016/texmf-dist/tex/latex/graphics/graphics.sty
Package: graphics 2016/05/09 v1.0r Standard LaTeX Graphics (DPC,SPQR)

(/usr/local/texlive/2016/texmf-dist/tex/latex/graphics/trig.sty
Package: trig 2016/01/03 v1.10 sin cos tan (DPC)
)
(/usr/local/texlive/2016/texmf-dist/tex/latex/graphics-cfg/graphics.cfg
File: graphics.cfg 2016/01/02 v1.10 sample graphics configuration
)
Package graphics Info: Driver file: pdftex.def on input line 96.
)
\Gin@req@height=\dimen112
\Gin@req@width=\dimen113
)
(/usr/local/texlive/2016/texmf-dist/tex/latex/tools/bm.sty
Package: bm 2016/02/27 v1.2a Bold Symbol Support (DPC/FMi)
\symboldoperators=\mathgroup6
\symboldletters=\mathgroup7
\symboldsymbols=\mathgroup8
LaTeX Font Info:    Redeclaring math alphabet \mathbf on input line 142.
LaTeX Info: Redefining \bm on input line 208.
)
(/usr/local/texlive/2016/texmf-dist/tex/latex/mathtools/mathtools.sty
Package: mathtools 2015/11/12 v1.18 mathematical typesetting tools

(/usr/local/texlive/2016/texmf-dist/tex/latex/tools/calc.sty
Package: calc 2014/10/28 v4.3 Infix arithmetic (KKT,FJ)
\calc@Acount=\count108
\calc@Bcount=\count109
\calc@Adimen=\dimen114
\calc@Bdimen=\dimen115
\calc@Askip=\skip48
\calc@Bskip=\skip49
LaTeX Info: Redefining \setlength on input line 80.
LaTeX Info: Redefining \addtolength on input line 81.
\calc@Ccount=\count110
\calc@Cskip=\skip50
)
(/usr/local/texlive/2016/texmf-dist/tex/latex/mathtools/mhsetup.sty
Package: mhsetup 2010/01/21 v1.2a programming setup (MH)
)
LaTeX Info: Thecontrolsequence`\('isalreadyrobust on input line 129.
LaTeX Info: Thecontrolsequence`\)'isalreadyrobust on input line 129.
LaTeX Info: Thecontrolsequence`\['isalreadyrobust on input line 129.
LaTeX Info: Thecontrolsequence`\]'isalreadyrobust on input line 129.
\g_MT_multlinerow_int=\count111
\l_MT_multwidth_dim=\dimen116
\origjot=\skip51
\l_MT_shortvdotswithinadjustabove_dim=\dimen117
\l_MT_shortvdotswithinadjustbelow_dim=\dimen118
\l_MT_above_intertext_sep=\dimen119
\l_MT_below_intertext_sep=\dimen120
\l_MT_above_shortintertext_sep=\dimen121
\l_MT_below_shortintertext_sep=\dimen122
)
(/usr/local/texlive/2016/texmf-dist/tex/latex/stmaryrd/stmaryrd.sty
Package: stmaryrd 1994/03/03 St Mary's Road symbol package
\symstmry=\mathgroup9
LaTeX Font Info:    Overwriting symbol font `stmry' in version `bold'
(Font)                  U/stmry/m/n --> U/stmry/b/n on input line 89.
)
(/usr/local/texlive/2016/texmf-dist/tex/latex/anyfontsize/anyfontsize.sty
Package: anyfontsize 2007/11/22 anyfontsize.sty by pts
)
(/usr/local/texlive/2016/texmf-dist/tex/latex/caption/caption.sty
Package: caption 2016/02/21 v3.3-144 Customizing captions (AR)

(/usr/local/texlive/2016/texmf-dist/tex/latex/caption/caption3.sty
Package: caption3 2016/02/04 v1.7-139 caption3 kernel (AR)
Package caption3 Info: TeX engine: e-TeX on input line 67.
\captionmargin=\dimen123
\captionmargin@=\dimen124
\captionwidth=\dimen125
\caption@tempdima=\dimen126
\caption@indent=\dimen127
\caption@parindent=\dimen128
\caption@hangindent=\dimen129
Package caption Info: Unknown document class (or package),
(caption)             standard defaults will be used.
)

Package caption Warning: Unsupported document class (or package) detected,
(caption)                usage of the caption package is not recommended.
See the caption package documentation for explanation.

Package caption Info: \@makecaption = \long macro:#1#2->\par \vskip \abovecapti
onskip \begingroup \small \rmfamily \sbox \@tempboxa {\let \\\heading@cr #1: #2
}\@ifdim {\wd \@tempboxa >\hsize }{\begingroup \samepage \flushing \let \footno
te \@footnotemark@gobble #1: #2\par \endgroup }{\global \@minipagefalse \hb@xt@
 \hsize {\hfil \unhbox \@tempboxa \hfil }}\endgroup \vskip \belowcaptionskip .
\c@ContinuedFloat=\count112
Package caption Info: float package is loaded.
) (/usr/local/texlive/2016/texmf-dist/tex/latex/caption/subcaption.sty
Package: subcaption 2016/02/20 v1.1-142 Sub-captions (AR)
\c@subfigure=\count113
\c@subtable=\count114
)
(./msv6_arxiv.aux)
\openout1 = `msv6_arxiv.aux'.

LaTeX Font Info:    Checking defaults for OML/cmm/m/it on input line 64.
LaTeX Font Info:    ... okay on input line 64.
LaTeX Font Info:    Checking defaults for T1/cmr/m/n on input line 64.
LaTeX Font Info:    ... okay on input line 64.
LaTeX Font Info:    Checking defaults for OT1/cmr/m/n on input line 64.
LaTeX Font Info:    ... okay on input line 64.
LaTeX Font Info:    Checking defaults for OMS/cmsy/m/n on input line 64.
LaTeX Font Info:    ... okay on input line 64.
LaTeX Font Info:    Checking defaults for OMX/cmex/m/n on input line 64.
LaTeX Font Info:    ... okay on input line 64.
LaTeX Font Info:    Checking defaults for U/cmr/m/n on input line 64.
LaTeX Font Info:    ... okay on input line 64.
Class revtex4 Info: Patching LaTeX tabular. on input line 64.
Class revtex4 Info: cite was not loaded (OK!) on input line 64.
Class revtex4 Info: multicol was not loaded (OK!) on input line 64.

(/usr/local/texlive/2016/texmf-dist/tex/context/base/mkii/supp-pdf.mkii
[Loading MPS to PDF converter (version 2006.09.02).]
\scratchcounter=\count115
\scratchdimen=\dimen130
\scratchbox=\box38
\nofMPsegments=\count116
\nofMParguments=\count117
\everyMPshowfont=\toks28
\MPscratchCnt=\count118
\MPscratchDim=\dimen131
\MPnumerator=\count119
\makeMPintoPDFobject=\count120
\everyMPtoPDFconversion=\toks29
) (/usr/local/texlive/2016/texmf-dist/tex/generic/oberdiek/pdftexcmds.sty
Package: pdftexcmds 2016/05/10 v0.21 Utility functions of pdfTeX for LuaTeX (HO
)

(/usr/local/texlive/2016/texmf-dist/tex/generic/oberdiek/ifluatex.sty
Package: ifluatex 2016/05/16 v1.4 Provides the ifluatex switch (HO)
Package ifluatex Info: LuaTeX not detected.
)
(/usr/local/texlive/2016/texmf-dist/tex/generic/oberdiek/ifpdf.sty
Package: ifpdf 2016/05/14 v3.1 Provides the ifpdf switch
)
Package pdftexcmds Info: LuaTeX not detected.
Package pdftexcmds Info: \pdf@primitive is available.
Package pdftexcmds Info: \pdf@ifprimitive is available.
Package pdftexcmds Info: \pdfdraftmode found.
)
(/usr/local/texlive/2016/texmf-dist/tex/latex/oberdiek/epstopdf-base.sty
Package: epstopdf-base 2016/05/15 v2.6 Base part for package epstopdf

(/usr/local/texlive/2016/texmf-dist/tex/latex/oberdiek/grfext.sty
Package: grfext 2016/05/16 v1.2 Manage graphics extensions (HO)

(/usr/local/texlive/2016/texmf-dist/tex/generic/oberdiek/kvdefinekeys.sty
Package: kvdefinekeys 2016/05/16 v1.4 Define keys (HO)
))
(/usr/local/texlive/2016/texmf-dist/tex/latex/oberdiek/kvoptions.sty
Package: kvoptions 2016/05/16 v3.12 Key value format for package options (HO)

(/usr/local/texlive/2016/texmf-dist/tex/generic/oberdiek/kvsetkeys.sty
Package: kvsetkeys 2016/05/16 v1.17 Key value parser (HO)

(/usr/local/texlive/2016/texmf-dist/tex/generic/oberdiek/etexcmds.sty
Package: etexcmds 2016/05/16 v1.6 Avoid name clashes with e-TeX commands (HO)
Package etexcmds Info: Could not find \expanded.
(etexcmds)             That can mean that you are not using pdfTeX 1.50 or
(etexcmds)             that some package has redefined \expanded.
(etexcmds)             In the latter case, load this package earlier.
)))
Package grfext Info: Graphics extension search list:
(grfext)             [.png,.pdf,.jpg,.mps,.jpeg,.jbig2,.jb2,.PNG,.PDF,.JPG,.JPE
G,.JBIG2,.JB2,.eps]
(grfext)             \AppendGraphicsExtensions on input line 456.

(/usr/local/texlive/2016/texmf-dist/tex/latex/latexconfig/epstopdf-sys.cfg
File: epstopdf-sys.cfg 2010/07/13 v1.3 Configuration of (r)epstopdf for TeX Liv
e
))
Package caption Info: Begin \AtBeginDocument code.
Package caption Info: Incompatible package detected (regarding \caption).
(caption)             \caption = macro:->\minipagefootnote@here \ifx \@captype 
\@undefined \@latex@error {\noexpand \caption outside float}\@ehd \expandafter 
\@gobble \else \refstepcounter \@captype \let \@tempf \@caption \expandafter \i
fx \csname @float@c@\@captype \endcsname \relax \else \expandafter \expandafter
 \let \expandafter \@tempf \csname @float@c@\@captype \endcsname \fi \fi \@dbla
rg {\@tempf \@captype }.


Package caption Warning: Forced redefinition of \caption since the
(caption)                unsupported(!) package option `compatibility=false'
(caption)                was given.
See the caption package documentation for explanation.

Package caption Info: End \AtBeginDocument code.

Class revtex4 Warning: Assuming \noaffiliation for  Justin D. Yeakel${}^{1,2,*}
$, Jean P. Gibert${}^{1}$, Peter A. H. Westley${}^{3}$, \& Jonathan W. Moore${}
^{4}$ \\ ${}^1$School of Natural Sciences, University of California, Merced, Me
rced CA, USA \\ ${}^2$The Santa Fe Institute, Santa Fe NM, USA \\ ${}^3$College
 of Fisheries and Ocean Sciences, University of Alaska, Fairbanks, Fairbanks AK
, USA \\ ${}^4$Earth${}_2$Oceans Research Group, Simon Fraser University, Burna
by BC, Canada \\ ${}^*$To whom correspondence should be addressed: jdyeakel@gma
il.com .

LaTeX Font Info:    Try loading font information for U+msa on input line 87.
(/usr/local/texlive/2016/texmf-dist/tex/latex/amsfonts/umsa.fd
File: umsa.fd 2013/01/14 v3.01 AMS symbols A
)
LaTeX Font Info:    Try loading font information for U+msb on input line 87.

(/usr/local/texlive/2016/texmf-dist/tex/latex/amsfonts/umsb.fd
File: umsb.fd 2013/01/14 v3.01 AMS symbols B
)
LaTeX Font Info:    Try loading font information for U+stmry on input line 87.

(/usr/local/texlive/2016/texmf-dist/tex/latex/stmaryrd/Ustmry.fd)
Underfull \hbox (badness 2205) in paragraph at lines 91--94
\T1/cmr/m/n/10 This hom-ing has al-lowed fine-scale adap-ta-tions to
 []


Underfull \hbox (badness 1997) in paragraph at lines 91--94
\T1/cmr/m/n/10 in-di-vid-u-als to help with col-lec-tive decision-making.
 []


Underfull \hbox (badness 10000) in paragraph at lines 91--94

 []

[1{/usr/local/texlive/2016/texmf-var/fonts/map/pdftex/updmap/pdftex.map}]
<fig_traj.pdf, id=14, 361.35pt x 578.16pt>
File: fig_traj.pdf Graphic file (type pdf)
 <use fig_traj.pdf>
Package pdftex.def Info: fig_traj.pdf used on input line 125.
(pdftex.def)             Requested size: 229.49844pt x 367.19809pt.

Underfull \hbox (badness 1803) in paragraph at lines 190--197
[]\T1/cmr/m/n/10 Here we seek to ex-plore how col-lec-tive density-
 []

<fig_MDPE_hm.pdf, id=15, 722.7pt x 216.81pt>
File: fig_MDPE_hm.pdf Graphic file (type pdf)
 <use fig_MDPE_hm.pdf>
Package pdftex.def Info: fig_MDPE_hm.pdf used on input line 206.
(pdftex.def)             Requested size: 510.0pt x 152.99994pt.
 [2 <./fig_traj.pdf>]
Underfull \hbox (badness 2318) in paragraph at lines 234--240
\T1/cmr/m/n/10 in-com-ing strays, the re-cruit-ment of the ag-gre-gate
 []


Underfull \hbox (badness 10000) in paragraph at lines 260--266

 []

[3 <./fig_MDPE_hm.pdf>]
Underfull \hbox (badness 1270) in paragraph at lines 282--283
[]\T1/cmr/m/n/10 Following Lande [[]], the mean trait value thus
 []


Underfull \hbox (badness 10000) in paragraph at lines 290--296

 []


Underfull \hbox (badness 10000) in paragraph at lines 338--342

 []

<fig_relax_lowh.pdf, id=44, 722.7pt x 289.08pt>
File: fig_relax_lowh.pdf Graphic file (type pdf)
 <use fig_relax_lowh.pdf>
Package pdftex.def Info: fig_relax_lowh.pdf used on input line 349.
(pdftex.def)             Requested size: 458.99689pt x 183.59904pt.

Underfull \hbox (badness 1325) in paragraph at lines 358--373
\T1/cmr/m/n/10 that in-creased habi-tat het-ero-gene-ity cor-re-lates with
 []


Underfull \hbox (badness 10000) in paragraph at lines 358--373

 []

[4]
Underfull \hbox (badness 1308) in paragraph at lines 375--378
\T1/cmr/bx/n/10 (d) Mea-sur-ing metapop-u-la-tion ro-bust-ness \T1/cmr/m/n/10 W
e
 []


Underfull \hbox (badness 10000) in paragraph at lines 402--406

 []

<fig_traitdiff.pdf, id=48, 361.35pt x 289.08pt>
File: fig_traitdiff.pdf Graphic file (type pdf)
 <use fig_traitdiff.pdf>
Package pdftex.def Info: fig_traitdiff.pdf used on input line 413.
(pdftex.def)             Requested size: 255.0pt x 203.99991pt.

Overfull \hbox (9.0pt too wide) in paragraph at lines 413--416
 [][] 
 []

[5 <./fig_relax_lowh.pdf>]

LaTeX Warning: A float is stuck (cannot be placed); try class option [floatfix]
 on input line 431.

<fig_thetaPEmvm.pdf, id=58, 361.35pt x 578.16pt>
File: fig_thetaPEmvm.pdf Graphic file (type pdf)
 <use fig_thetaPEmvm.pdf>
Package pdftex.def Info: fig_thetaPEmvm.pdf used on input line 446.
(pdftex.def)             Requested size: 203.99689pt x 326.39635pt.

[6 <./fig_traitdiff.pdf> <./fig_thetaPEmvm.pdf>]
Underfull \hbox (badness 1320) in paragraph at lines 490--496
\T1/cmr/m/n/10 both lo-cal and re-mote pop-u-la-tions are in-creas-ingly
 []


Underfull \hbox (badness 10000) in paragraph at lines 490--496

 []


Underfull \hbox (badness 1895) in paragraph at lines 498--509
\T1/cmr/bx/n/10 (b) The ef-fects of col-lec-tive nav-i-ga-tion and
 []


Underfull \hbox (badness 1057) in paragraph at lines 498--509
\T1/cmr/m/n/10 If we as-sume that the rate of stray-ing is density-
 []


Underfull \hbox (badness 10000) in paragraph at lines 512--524

 []

[7] <fig_mtheta_rt.pdf, id=82, 361.35pt x 289.08pt>
File: fig_mtheta_rt.pdf Graphic file (type pdf)
 <use fig_mtheta_rt.pdf>
Package pdftex.def Info: fig_mtheta_rt.pdf used on input line 574.
(pdftex.def)             Requested size: 255.0pt x 203.99991pt.

Overfull \hbox (9.0pt too wide) in paragraph at lines 574--580
 [][] 
 []

[8 <./fig_mtheta_rt.pdf>] [9]
Underfull \hbox (badness 1163) in paragraph at lines 712--718
\T1/cmr/m/n/10 Im-por-tantly, density-dependent stray-ing, which may
 []


Underfull \hbox (badness 1082) in paragraph at lines 712--718
\T1/cmr/m/n/10 in-crease the port-fo-lio ef-fect and lower the time to
 []


Underfull \hbox (badness 3088) in paragraph at lines 712--718
\T1/cmr/m/n/10 of metapop-u-la-tions dis-pers-ing across het-ero-ge-neous
 []


Underfull \hbox (badness 10000) in paragraph at lines 712--718

 []


Underfull \hbox (badness 10000) in paragraph at lines 712--718

 []


Underfull \hbox (badness 2582) in paragraph at lines 730--737
\T1/cmr/bx/n/10 Data Ac-ces-si-bil-ity: \T1/cmr/m/n/10 Code is made avail-able 
at
 []

[10]
Underfull \hbox (badness 10000) in paragraph at lines 766--769
 []\T1/cmr/m/n/9 Thibaut LM, Con-nolly SR, 2013 Un-der-stand-ing
 []


Underfull \hbox (badness 2150) in paragraph at lines 796--800
 \T1/cmr/m/n/9 and steel-head (\T1/cmr/m/it/9 On-corhynchus mykiss\T1/cmr/m/n/9
 ) dif-fer among
 []

[11]
Underfull \hbox (badness 2165) in paragraph at lines 996--999
 \T1/cmr/m/n/9 MAM, 2014 Syn-chro-ni-sa-tion and sta-bil-ity in river
 []


Underfull \hbox (badness 2608) in paragraph at lines 1073--1076
 []\T1/cmr/m/n/9 Reisenbichler RR, 1988 Re-la-tion be-tween Dis-tance
 []


Underfull \hbox (badness 1552) in paragraph at lines 1083--1087
 \T1/cmr/m/n/9 Phe-no-typic di-ver-gence of ex-otic fish pop-u-la-tions is
 []

[12] <fig_mthetarelation.pdf, id=104, 433.62pt x 361.35pt>
File: fig_mthetarelation.pdf Graphic file (type pdf)

<use fig_mthetarelation.pdf>
Package pdftex.def Info: fig_mthetarelation.pdf used on input line 1142.
(pdftex.def)             Requested size: 178.50311pt x 148.75545pt.
 <fig_recovery.pdf, id=105, 433.62pt x 361.35pt>
File: fig_recovery.pdf Graphic file (type pdf)

<use fig_recovery.pdf>
Package pdftex.def Info: fig_recovery.pdf used on input line 1155.
(pdftex.def)             Requested size: 178.50311pt x 148.75545pt.
 <fig_eigs.pdf, id=106, 361.35pt x 578.16pt>
File: fig_eigs.pdf Graphic file (type pdf)

<use fig_eigs.pdf>
Package pdftex.def Info: fig_eigs.pdf used on input line 1167.
(pdftex.def)             Requested size: 178.50311pt x 285.60342pt.
 <fig_hysteresis.pdf, id=107, 433.62pt x 361.35pt>
File: fig_hysteresis.pdf Graphic file (type pdf)

<use fig_hysteresis.pdf>
Package pdftex.def Info: fig_hysteresis.pdf used on input line 1180.
(pdftex.def)             Requested size: 178.50311pt x 148.75545pt.
 <fig_relax_large.pdf, id=108, 433.62pt x 578.16pt>
File: fig_relax_large.pdf Graphic file (type pdf)

<use fig_relax_large.pdf>
Package pdftex.def Info: fig_relax_large.pdf used on input line 1194.
(pdftex.def)             Requested size: 178.50311pt x 238.00873pt.
 <fig_relax_small.pdf, id=109, 433.62pt x 578.16pt>
File: fig_relax_small.pdf Graphic file (type pdf)

<use fig_relax_small.pdf>
Package pdftex.def Info: fig_relax_small.pdf used on input line 1208.
(pdftex.def)             Requested size: 178.50311pt x 238.00873pt.
 <fig_relax_highh.pdf, id=110, 722.7pt x 289.08pt>
File: fig_relax_highh.pdf Graphic file (type pdf)

<use fig_relax_highh.pdf>
Package pdftex.def Info: fig_relax_highh.pdf used on input line 1223.
(pdftex.def)             Requested size: 458.99689pt x 183.59904pt.
 <fig_thetadiffN.pdf, id=111, 361.35pt x 289.08pt>
File: fig_thetadiffN.pdf Graphic file (type pdf)

<use fig_thetadiffN.pdf>
Package pdftex.def Info: fig_thetadiffN.pdf used on input line 1237.
(pdftex.def)             Requested size: 203.99689pt x 163.19817pt.
 <fig_relaxtheta2.pdf, id=112, 722.7pt x 289.08pt>
File: fig_relaxtheta2.pdf Graphic file (type pdf)

<use fig_relaxtheta2.pdf>
Package pdftex.def Info: fig_relaxtheta2.pdf used on input line 1249.
(pdftex.def)             Requested size: 408.00156pt x 163.20258pt.

<fig_MDPE_hm_mtheta_rt.pdf, id=113, 289.08pt x 289.08pt>
File: fig_MDPE_hm_mtheta_rt.pdf Graphic file (type pdf)

<use fig_MDPE_hm_mtheta_rt.pdf>
Package pdftex.def Info: fig_MDPE_hm_mtheta_rt.pdf used on input line 1264.
(pdftex.def)             Requested size: 178.50311pt x 178.49992pt.

<fig_relax_inertia.pdf, id=114, 433.62pt x 578.16pt>
File: fig_relax_inertia.pdf Graphic file (type pdf)

<use fig_relax_inertia.pdf>
Package pdftex.def Info: fig_relax_inertia.pdf used on input line 1277.
(pdftex.def)             Requested size: 178.50311pt x 238.00873pt.
 <fig_relax_mtheta.pdf, id=115, 722.7pt x 289.08pt>
File: fig_relax_mtheta.pdf Graphic file (type pdf)

<use fig_relax_mtheta.pdf>
Package pdftex.def Info: fig_relax_mtheta.pdf used on input line 1293.
(pdftex.def)             Requested size: 408.00156pt x 163.20258pt.
 <fig_asymdensity.pdf, id=116, 433.62pt x 361.35pt>
File: fig_asymdensity.pdf Graphic file (type pdf)

<use fig_asymdensity.pdf>
Package pdftex.def Info: fig_asymdensity.pdf used on input line 1306.
(pdftex.def)             Requested size: 178.50311pt x 148.75545pt.

<fig_relax_both_lowh.pdf, id=117, 433.62pt x 578.16pt>
File: fig_relax_both_lowh.pdf Graphic file (type pdf)

<use fig_relax_both_lowh.pdf>
Package pdftex.def Info: fig_relax_both_lowh.pdf used on input line 1322.
(pdftex.def)             Requested size: 178.50311pt x 238.00873pt.
 [13 <./fig_mthetarelation.pdf> <./fig_recovery.pdf>] [14 <./fig_eigs.pdf> <./f
ig_hysteresis.pdf>] [15 <./fig_relax_large.pdf> <./fig_relax_small.pdf>] [16 <.
/fig_relax_highh.pdf> <./fig_thetadiffN.pdf>]
[17 <./fig_relaxtheta2.pdf> <./fig_MDPE_hm_mtheta_rt.pdf>] [18 <./fig_relax_ine
rtia.pdf> <./fig_relax_mtheta.pdf>] [19 <./fig_asymdensity.pdf> <./fig_relax_bo
th_lowh.pdf>] (./msv6_arxiv.aux) ) 
Here is how much of TeX's memory you used:
 6953 strings out of 493014
 100377 string characters out of 6133351
 201923 words of memory out of 5000000
 10344 multiletter control sequences out of 15000+600000
 20056 words of font info for 62 fonts, out of 8000000 for 9000
 1141 hyphenation exceptions out of 8191
 38i,10n,39p,2054b,446s stack positions out of 5000i,500n,10000p,200000b,80000s
{/usr/local/texlive/2016/texmf-dist/fonts/enc
/dvips/cm-super/cm-super-t1.enc}</usr/local/texlive/2016/texmf-dist/fonts/type1
/public/amsfonts/cm/cmex10.pfb></usr/local/texlive/2016/texmf-dist/fonts/type1/
public/amsfonts/cm/cmmi10.pfb></usr/local/texlive/2016/texmf-dist/fonts/type1/p
ublic/amsfonts/cm/cmmi5.pfb></usr/local/texlive/2016/texmf-dist/fonts/type1/pub
lic/amsfonts/cm/cmmi6.pfb></usr/local/texlive/2016/texmf-dist/fonts/type1/publi
c/amsfonts/cm/cmmi7.pfb></usr/local/texlive/2016/texmf-dist/fonts/type1/public/
amsfonts/cm/cmmi9.pfb></usr/local/texlive/2016/texmf-dist/fonts/type1/public/am
sfonts/cm/cmr10.pfb></usr/local/texlive/2016/texmf-dist/fonts/type1/public/amsf
onts/cm/cmr6.pfb></usr/local/texlive/2016/texmf-dist/fonts/type1/public/amsfont
s/cm/cmr7.pfb></usr/local/texlive/2016/texmf-dist/fonts/type1/public/amsfonts/c
m/cmr9.pfb></usr/local/texlive/2016/texmf-dist/fonts/type1/public/amsfonts/cm/c
msy10.pfb></usr/local/texlive/2016/texmf-dist/fonts/type1/public/amsfonts/cm/cm
sy6.pfb></usr/local/texlive/2016/texmf-dist/fonts/type1/public/amsfonts/cm/cmsy
7.pfb></usr/local/texlive/2016/texmf-dist/fonts/type1/public/amsfonts/cm/cmsy9.
pfb></usr/local/texlive/2016/texmf-dist/fonts/type1/public/cm-super/sfbx0900.pf
b></usr/local/texlive/2016/texmf-dist/fonts/type1/public/cm-super/sfbx1000.pfb>
</usr/local/texlive/2016/texmf-dist/fonts/type1/public/cm-super/sfbx1200.pfb></
usr/local/texlive/2016/texmf-dist/fonts/type1/public/cm-super/sfrm0900.pfb></us
r/local/texlive/2016/texmf-dist/fonts/type1/public/cm-super/sfrm1000.pfb></usr/
local/texlive/2016/texmf-dist/fonts/type1/public/cm-super/sfti0900.pfb></usr/lo
cal/texlive/2016/texmf-dist/fonts/type1/public/cm-super/sfti1000.pfb>
Output written on msv6_arxiv.pdf (19 pages, 3088180 bytes).
PDF statistics:
 295 PDF objects out of 1000 (max. 8388607)
 210 compressed objects within 3 object streams
 0 named destinations out of 1000 (max. 500000)
 101 words of extra memory for PDF output out of 10000 (max. 10000000)

