This is pdfTeX, Version 3.14159265-2.6-1.40.17 (TeX Live 2016) (preloaded format=pdflatex 2016.5.22)  1 JUN 2017 17:28
entering extended mode
 restricted \write18 enabled.
 %&-line parsing enabled.
**msv3.tex
(./msv3.tex
LaTeX2e <2016/03/31>
Babel <3.9r> and hyphenation patterns for 83 language(s) loaded.
(/usr/local/texlive/2016/texmf-dist/tex/latex/revtex4/revtex4.cls
Document Class: revtex4 2001/08/02 v4.0 (http://publish.aps.org/revtex4/ for do
cumentation)
 Copyright (c) 2001 The American Physical Society.
 mailto:revtex@aps.org
 Licensed under the LPPL:
http://www.ctan.org/tex-archive/macros/latex/base/lppl.txt
 Arthur Ogawa <ogawa@teleport.com>
 Based on work by David Carlisle <david@dcarlisle.demon.co.uk>.
ltxutil: portions licensed from W. E. Baxter (web@superscript.com)
Class revtex4 Info: Repairing broken LateX \@sect on input line 596.
\intertabularlinepenalty=\count79
\@tbpen=\count80
\@arstrutbox@hline=\box26
Class revtex4 Info: Repairing broken LaTeX \@xbitor on input line 1610.
ltxgrid: portions licensed from W. E. Baxter (web@superscript.com)
\c@linecount=\count81
\output=\toks14
\@protection@box=\box27
\@topmark@saved=\toks15
\footins@saved=\box28
\pagesofar=\box29
\footbox=\box30
\pagegrid@col=\count82
Class revtex4 Info: Incorporating package {textcase}  [1998/11/12 v0.06 Text on
ly upper/lower case changing (DPC)]. on input line 3682.
(/usr/local/texlive/2016/texmf-dist/tex/latex/url/url.sty
\Urlmuskip=\muskip10
Package: url 2013/09/16  ver 3.4  Verb mode for urls, etc.
)
\c@affil=\count83
\absbox=\box31
\c@part=\count84
\c@section=\count85
\c@subsection=\count86
\c@subsubsection=\count87
\c@paragraph=\count88
\c@subparagraph=\count89
\abovecaptionskip=\skip41
\belowcaptionskip=\skip42
\c@figure=\count90
\c@table=\count91

(/usr/local/texlive/2016/texmf-dist/tex/latex/natbib/natbib.sty
Package: natbib 2010/09/13 8.31b (PWD, AO)
\bibhang=\skip43
\bibsep=\skip44
LaTeX Info: Redefining \cite on input line 694.
\c@NAT@ctr=\count92
)
\widetext@top=\box32
\widetext@bot=\box33

(/usr/local/texlive/2016/texmf-dist/tex/latex/revtex4/revsymb.sty
Package: revsymb 2001/08/02 v4.0 (http://publish.aps.org/revtex4/ for documenta
tion)
LaTeX Info: Redefining \REV@mathfrak on input line 118.
))
(/usr/local/texlive/2016/texmf-dist/tex/latex/amsfonts/amssymb.sty
Package: amssymb 2013/01/14 v3.01 AMS font symbols

(/usr/local/texlive/2016/texmf-dist/tex/latex/amsfonts/amsfonts.sty
Package: amsfonts 2013/01/14 v3.01 Basic AMSFonts support
\@emptytoks=\toks16
\symAMSa=\mathgroup4
\symAMSb=\mathgroup5
LaTeX Font Info:    Overwriting math alphabet `\mathfrak' in version `bold'
(Font)                  U/euf/m/n --> U/euf/b/n on input line 106.
LaTeX Info: Redefining \frak on input line 111.
LaTeX Info: Redefining \Bbb on input line 113.
))
(/usr/local/texlive/2016/texmf-dist/tex/latex/amsmath/amsmath.sty
Package: amsmath 2016/03/10 v2.15b AMS math features
\@mathmargin=\skip45

For additional information on amsmath, use the `?' option.
(/usr/local/texlive/2016/texmf-dist/tex/latex/amsmath/amstext.sty
Package: amstext 2000/06/29 v2.01 AMS text

(/usr/local/texlive/2016/texmf-dist/tex/latex/amsmath/amsgen.sty
File: amsgen.sty 1999/11/30 v2.0 generic functions
\@emptytoks=\toks17
\ex@=\dimen102
))
(/usr/local/texlive/2016/texmf-dist/tex/latex/amsmath/amsbsy.sty
Package: amsbsy 1999/11/29 v1.2d Bold Symbols
\pmbraise@=\dimen103
)
(/usr/local/texlive/2016/texmf-dist/tex/latex/amsmath/amsopn.sty
Package: amsopn 2016/03/08 v2.02 operator names
)
\inf@bad=\count93
LaTeX Info: Redefining \frac on input line 199.
\uproot@=\count94
\leftroot@=\count95
LaTeX Info: Redefining \overline on input line 297.
\classnum@=\count96
\DOTSCASE@=\count97
LaTeX Info: Redefining \ldots on input line 394.
LaTeX Info: Redefining \dots on input line 397.
LaTeX Info: Redefining \cdots on input line 518.
\Mathstrutbox@=\box34
\strutbox@=\box35
\big@size=\dimen104
LaTeX Font Info:    Redeclaring font encoding OML on input line 634.
LaTeX Font Info:    Redeclaring font encoding OMS on input line 635.
\macc@depth=\count98
\c@MaxMatrixCols=\count99
\dotsspace@=\muskip11
\c@parentequation=\count100
\dspbrk@lvl=\count101
\tag@help=\toks18
\row@=\count102
\column@=\count103
\maxfields@=\count104
\andhelp@=\toks19
\eqnshift@=\dimen105
\alignsep@=\dimen106
\tagshift@=\dimen107
\tagwidth@=\dimen108
\totwidth@=\dimen109
\lineht@=\dimen110
\@envbody=\toks20
\multlinegap=\skip46
\multlinetaggap=\skip47
\mathdisplay@stack=\toks21
LaTeX Info: Redefining \[ on input line 2739.
LaTeX Info: Redefining \] on input line 2740.
)

Class revtex4 Warning: No Society specified, using generic APS style.

(/usr/local/texlive/2016/texmf-dist/tex/latex/revtex4/aps.rtx
File: aps.rtx 2001/08/02 v4.0 (http://publish.aps.org/revtex4/ for documentatio
n)
)
(/usr/local/texlive/2016/texmf-dist/tex/latex/revtex4/10pt.rtx
File: 10pt.rtx 2001/08/02 v4.0 (http://publish.aps.org/revtex4/ for documentati
on)
)
(/usr/local/texlive/2016/texmf-dist/tex/generic/babel/babel.sty
Package: babel 2016/04/23 3.9r The Babel package

(/usr/local/texlive/2016/texmf-dist/tex/generic/babel-english/english.ldf
Language: english 2012/08/20 v3.3p English support from the babel system

(/usr/local/texlive/2016/texmf-dist/tex/generic/babel/babel.def
File: babel.def 2016/04/23 3.9r Babel common definitions
\babel@savecnt=\count105
\U@D=\dimen111
)
\l@canadian = a dialect from \language\l@american 
\l@australian = a dialect from \language\l@british 
\l@newzealand = a dialect from \language\l@british 
))
(/usr/local/texlive/2016/texmf-dist/tex/latex/base/inputenc.sty
Package: inputenc 2015/03/17 v1.2c Input encoding file
\inpenc@prehook=\toks22
\inpenc@posthook=\toks23

(/usr/local/texlive/2016/texmf-dist/tex/latex/base/latin1.def
File: latin1.def 2015/03/17 v1.2c Input encoding file
))
(/usr/local/texlive/2016/texmf-dist/tex/latex/base/fontenc.sty
Package: fontenc 2005/09/27 v1.99g Standard LaTeX package

(/usr/local/texlive/2016/texmf-dist/tex/latex/base/t1enc.def
File: t1enc.def 2005/09/27 v1.99g Standard LaTeX file
LaTeX Font Info:    Redeclaring font encoding T1 on input line 48.
))
(/usr/local/texlive/2016/texmf-dist/tex/latex/graphics/color.sty
Package: color 2016/05/09 v1.1c Standard LaTeX Color (DPC)

(/usr/local/texlive/2016/texmf-dist/tex/latex/graphics-cfg/color.cfg
File: color.cfg 2016/01/02 v1.6 sample color configuration
)
Package color Info: Driver file: pdftex.def on input line 144.

(/usr/local/texlive/2016/texmf-dist/tex/latex/pdftex-def/pdftex.def
File: pdftex.def 2011/05/27 v0.06d Graphics/color for pdfTeX

(/usr/local/texlive/2016/texmf-dist/tex/generic/oberdiek/infwarerr.sty
Package: infwarerr 2016/05/16 v1.4 Providing info/warning/error messages (HO)
)
(/usr/local/texlive/2016/texmf-dist/tex/generic/oberdiek/ltxcmds.sty
Package: ltxcmds 2016/05/16 v1.23 LaTeX kernel commands for general use (HO)
)
\Gread@gobject=\count106
))
(/usr/local/texlive/2016/texmf-dist/tex/latex/float/float.sty
Package: float 2001/11/08 v1.3d Float enhancements (AL)
\c@float@type=\count107
\float@exts=\toks24
\float@box=\box36
\@float@everytoks=\toks25
\@floatcapt=\box37
)
(/usr/local/texlive/2016/texmf-dist/tex/latex/tools/verbatim.sty
Package: verbatim 2014/10/28 v1.5q LaTeX2e package for verbatim enhancements
\every@verbatim=\toks26
\verbatim@line=\toks27
\verbatim@in@stream=\read1
)
(/usr/local/texlive/2016/texmf-dist/tex/latex/graphics/graphicx.sty
Package: graphicx 2014/10/28 v1.0g Enhanced LaTeX Graphics (DPC,SPQR)

(/usr/local/texlive/2016/texmf-dist/tex/latex/graphics/keyval.sty
Package: keyval 2014/10/28 v1.15 key=value parser (DPC)
\KV@toks@=\toks28
)
(/usr/local/texlive/2016/texmf-dist/tex/latex/graphics/graphics.sty
Package: graphics 2016/05/09 v1.0r Standard LaTeX Graphics (DPC,SPQR)

(/usr/local/texlive/2016/texmf-dist/tex/latex/graphics/trig.sty
Package: trig 2016/01/03 v1.10 sin cos tan (DPC)
)
(/usr/local/texlive/2016/texmf-dist/tex/latex/graphics-cfg/graphics.cfg
File: graphics.cfg 2016/01/02 v1.10 sample graphics configuration
)
Package graphics Info: Driver file: pdftex.def on input line 96.
)
\Gin@req@height=\dimen112
\Gin@req@width=\dimen113
)
(/usr/local/texlive/2016/texmf-dist/tex/latex/tools/bm.sty
Package: bm 2016/02/27 v1.2a Bold Symbol Support (DPC/FMi)
\symboldoperators=\mathgroup6
\symboldletters=\mathgroup7
\symboldsymbols=\mathgroup8
LaTeX Font Info:    Redeclaring math alphabet \mathbf on input line 142.
LaTeX Info: Redefining \bm on input line 208.
)
(/usr/local/texlive/2016/texmf-dist/tex/latex/mathtools/mathtools.sty
Package: mathtools 2015/11/12 v1.18 mathematical typesetting tools

(/usr/local/texlive/2016/texmf-dist/tex/latex/tools/calc.sty
Package: calc 2014/10/28 v4.3 Infix arithmetic (KKT,FJ)
\calc@Acount=\count108
\calc@Bcount=\count109
\calc@Adimen=\dimen114
\calc@Bdimen=\dimen115
\calc@Askip=\skip48
\calc@Bskip=\skip49
LaTeX Info: Redefining \setlength on input line 80.
LaTeX Info: Redefining \addtolength on input line 81.
\calc@Ccount=\count110
\calc@Cskip=\skip50
)
(/usr/local/texlive/2016/texmf-dist/tex/latex/mathtools/mhsetup.sty
Package: mhsetup 2010/01/21 v1.2a programming setup (MH)
)
LaTeX Info: Thecontrolsequence`\('isalreadyrobust on input line 129.
LaTeX Info: Thecontrolsequence`\)'isalreadyrobust on input line 129.
LaTeX Info: Thecontrolsequence`\['isalreadyrobust on input line 129.
LaTeX Info: Thecontrolsequence`\]'isalreadyrobust on input line 129.
\g_MT_multlinerow_int=\count111
\l_MT_multwidth_dim=\dimen116
\origjot=\skip51
\l_MT_shortvdotswithinadjustabove_dim=\dimen117
\l_MT_shortvdotswithinadjustbelow_dim=\dimen118
\l_MT_above_intertext_sep=\dimen119
\l_MT_below_intertext_sep=\dimen120
\l_MT_above_shortintertext_sep=\dimen121
\l_MT_below_shortintertext_sep=\dimen122
)
(/usr/local/texlive/2016/texmf-dist/tex/latex/stmaryrd/stmaryrd.sty
Package: stmaryrd 1994/03/03 St Mary's Road symbol package
\symstmry=\mathgroup9
LaTeX Font Info:    Overwriting symbol font `stmry' in version `bold'
(Font)                  U/stmry/m/n --> U/stmry/b/n on input line 89.
)
(/usr/local/texlive/2016/texmf-dist/tex/latex/anyfontsize/anyfontsize.sty
Package: anyfontsize 2007/11/22 anyfontsize.sty by pts
)
(/usr/local/texlive/2016/texmf-dist/tex/latex/caption/caption.sty
Package: caption 2016/02/21 v3.3-144 Customizing captions (AR)

(/usr/local/texlive/2016/texmf-dist/tex/latex/caption/caption3.sty
Package: caption3 2016/02/04 v1.7-139 caption3 kernel (AR)
Package caption3 Info: TeX engine: e-TeX on input line 67.
\captionmargin=\dimen123
\captionmargin@=\dimen124
\captionwidth=\dimen125
\caption@tempdima=\dimen126
\caption@indent=\dimen127
\caption@parindent=\dimen128
\caption@hangindent=\dimen129
Package caption Info: Unknown document class (or package),
(caption)             standard defaults will be used.
)

Package caption Warning: Unsupported document class (or package) detected,
(caption)                usage of the caption package is not recommended.
See the caption package documentation for explanation.

Package caption Info: \@makecaption = \long macro:#1#2->\par \vskip \abovecapti
onskip \begingroup \small \rmfamily \sbox \@tempboxa {\let \\\heading@cr #1: #2
}\@ifdim {\wd \@tempboxa >\hsize }{\begingroup \samepage \flushing \let \footno
te \@footnotemark@gobble #1: #2\par \endgroup }{\global \@minipagefalse \hb@xt@
 \hsize {\hfil \unhbox \@tempboxa \hfil }}\endgroup \vskip \belowcaptionskip .
\c@ContinuedFloat=\count112
Package caption Info: float package is loaded.
) (/usr/local/texlive/2016/texmf-dist/tex/latex/caption/subcaption.sty
Package: subcaption 2016/02/20 v1.1-142 Sub-captions (AR)
\c@subfigure=\count113
\c@subtable=\count114
)
(/usr/local/texlive/2016/texmf-dist/tex/latex/bibunits/bibunits.sty
Package: bibunits 2004/05/12 v2.4 Multiple bibliographies in one document.
\@bibunitaux=\write3
\@bibunitauxcnt=\count115
)
(./msv3.aux (./bu.aux))
\openout1 = `msv3.aux'.

LaTeX Font Info:    Checking defaults for OML/cmm/m/it on input line 53.
LaTeX Font Info:    ... okay on input line 53.
LaTeX Font Info:    Checking defaults for T1/cmr/m/n on input line 53.
LaTeX Font Info:    ... okay on input line 53.
LaTeX Font Info:    Checking defaults for OT1/cmr/m/n on input line 53.
LaTeX Font Info:    ... okay on input line 53.
LaTeX Font Info:    Checking defaults for OMS/cmsy/m/n on input line 53.
LaTeX Font Info:    ... okay on input line 53.
LaTeX Font Info:    Checking defaults for OMX/cmex/m/n on input line 53.
LaTeX Font Info:    ... okay on input line 53.
LaTeX Font Info:    Checking defaults for U/cmr/m/n on input line 53.
LaTeX Font Info:    ... okay on input line 53.
Class revtex4 Info: Patching LaTeX tabular. on input line 53.
Class revtex4 Info: cite was not loaded (OK!) on input line 53.
Class revtex4 Info: multicol was not loaded (OK!) on input line 53.

(/usr/local/texlive/2016/texmf-dist/tex/context/base/mkii/supp-pdf.mkii
[Loading MPS to PDF converter (version 2006.09.02).]
\scratchcounter=\count116
\scratchdimen=\dimen130
\scratchbox=\box38
\nofMPsegments=\count117
\nofMParguments=\count118
\everyMPshowfont=\toks29
\MPscratchCnt=\count119
\MPscratchDim=\dimen131
\MPnumerator=\count120
\makeMPintoPDFobject=\count121
\everyMPtoPDFconversion=\toks30
) (/usr/local/texlive/2016/texmf-dist/tex/generic/oberdiek/pdftexcmds.sty
Package: pdftexcmds 2016/05/10 v0.21 Utility functions of pdfTeX for LuaTeX (HO
)

(/usr/local/texlive/2016/texmf-dist/tex/generic/oberdiek/ifluatex.sty
Package: ifluatex 2016/05/16 v1.4 Provides the ifluatex switch (HO)
Package ifluatex Info: LuaTeX not detected.
)
(/usr/local/texlive/2016/texmf-dist/tex/generic/oberdiek/ifpdf.sty
Package: ifpdf 2016/05/14 v3.1 Provides the ifpdf switch
)
Package pdftexcmds Info: LuaTeX not detected.
Package pdftexcmds Info: \pdf@primitive is available.
Package pdftexcmds Info: \pdf@ifprimitive is available.
Package pdftexcmds Info: \pdfdraftmode found.
)
(/usr/local/texlive/2016/texmf-dist/tex/latex/oberdiek/epstopdf-base.sty
Package: epstopdf-base 2016/05/15 v2.6 Base part for package epstopdf

(/usr/local/texlive/2016/texmf-dist/tex/latex/oberdiek/grfext.sty
Package: grfext 2016/05/16 v1.2 Manage graphics extensions (HO)

(/usr/local/texlive/2016/texmf-dist/tex/generic/oberdiek/kvdefinekeys.sty
Package: kvdefinekeys 2016/05/16 v1.4 Define keys (HO)
))
(/usr/local/texlive/2016/texmf-dist/tex/latex/oberdiek/kvoptions.sty
Package: kvoptions 2016/05/16 v3.12 Key value format for package options (HO)

(/usr/local/texlive/2016/texmf-dist/tex/generic/oberdiek/kvsetkeys.sty
Package: kvsetkeys 2016/05/16 v1.17 Key value parser (HO)

(/usr/local/texlive/2016/texmf-dist/tex/generic/oberdiek/etexcmds.sty
Package: etexcmds 2016/05/16 v1.6 Avoid name clashes with e-TeX commands (HO)
Package etexcmds Info: Could not find \expanded.
(etexcmds)             That can mean that you are not using pdfTeX 1.50 or
(etexcmds)             that some package has redefined \expanded.
(etexcmds)             In the latter case, load this package earlier.
)))
Package grfext Info: Graphics extension search list:
(grfext)             [.png,.pdf,.jpg,.mps,.jpeg,.jbig2,.jb2,.PNG,.PDF,.JPG,.JPE
G,.JBIG2,.JB2,.eps]
(grfext)             \AppendGraphicsExtensions on input line 456.

(/usr/local/texlive/2016/texmf-dist/tex/latex/latexconfig/epstopdf-sys.cfg
File: epstopdf-sys.cfg 2010/07/13 v1.3 Configuration of (r)epstopdf for TeX Liv
e
))
Package caption Info: Begin \AtBeginDocument code.
Package caption Info: Incompatible package detected (regarding \caption).
(caption)             \caption = macro:->\minipagefootnote@here \ifx \@captype 
\@undefined \@latex@error {\noexpand \caption outside float}\@ehd \expandafter 
\@gobble \else \refstepcounter \@captype \let \@tempf \@caption \expandafter \i
fx \csname @float@c@\@captype \endcsname \relax \else \expandafter \expandafter
 \let \expandafter \@tempf \csname @float@c@\@captype \endcsname \fi \fi \@dbla
rg {\@tempf \@captype }.


Package caption Warning: Forced redefinition of \caption since the
(caption)                unsupported(!) package option `compatibility=false'
(caption)                was given.
See the caption package documentation for explanation.

Package caption Info: End \AtBeginDocument code.

Class revtex4 Warning: Assuming \noaffiliation for Justin D. Yeakel${}^{1,2,*}$
, Jean P. Gibert${}^{1}$, Peter A. H. Westley${}^{3}$, \& Jonathan W. Moore${}^
{4}$ \\ ${}^1$School of Natural Sciences, University of California, Merced, Mer
ced CA, USA \\ ${}^2$The Santa Fe Institute, Santa Fe NM, USA \\ ${}^3$College 
of Fisheries and Ocean Sciences, University of Alaska, Fairbanks, Fairbanks AK,
 USA \\ ${}^4$Earth${}_2$Oceans Research Group, Simon Fraser University, Vancou
ver BC, Canada \\ ${}^*$To whom correspondence should be addressed: jdyeakel@gm
ail.com .

LaTeX Font Info:    Try loading font information for U+msa on input line 82.
(/usr/local/texlive/2016/texmf-dist/tex/latex/amsfonts/umsa.fd
File: umsa.fd 2013/01/14 v3.01 AMS symbols A
)
LaTeX Font Info:    Try loading font information for U+msb on input line 82.

(/usr/local/texlive/2016/texmf-dist/tex/latex/amsfonts/umsb.fd
File: umsb.fd 2013/01/14 v3.01 AMS symbols B
)
LaTeX Font Info:    Try loading font information for U+stmry on input line 82.

(/usr/local/texlive/2016/texmf-dist/tex/latex/stmaryrd/Ustmry.fd)

Package natbib Warning: Citation `Brown:1977gk' on page 1 undefined on input li
ne 86.


Package natbib Warning: Citation `Earn:2000fm' on page 1 undefined on input lin
e 86.


Package natbib Warning: Citation `Anonymous:2015gf' on page 1 undefined on inpu
t line 86.


Package natbib Warning: Citation `Abbott:2017hl' on page 1 undefined on input l
ine 87.


Package natbib Warning: Citation `Thibaut:2012km' on page 1 undefined on input 
line 88.


Package natbib Warning: Citation `Thibaut:2012km' on page 1 undefined on input 
line 89.


Package natbib Warning: Citation `MilnerGulland:2011vm' on page 1 undefined on 
input line 94.


Package natbib Warning: Citation `Bell:2011ki' on page 1 undefined on input lin
e 95.


Package natbib Warning: Citation `Carlson:2014is' on page 1 undefined on input 
line 95.


Package natbib Warning: Citation `Earn:2000fm' on page 1 undefined on input lin
e 97.


Package natbib Warning: Citation `Muhlfeld:2014hs' on page 1 undefined on input
 line 100.


Package natbib Warning: Citation `Lowe:2015ft' on page 1 undefined on input lin
e 101.


Package natbib Warning: Citation `H:2013fs' on page 1 undefined on input line 1
09.


Package natbib Warning: Citation `Keefer:2014gg' on page 1 undefined on input l
ine 109.


Package natbib Warning: Citation `Bett:2017ha' on page 1 undefined on input lin
e 109.


Package natbib Warning: Citation `Simons:2004jo' on page 1 undefined on input l
ine 112.


Package natbib Warning: Citation `Berdahl:2015kv' on page 1 undefined on input 
line 112.


Package natbib Warning: Citation `Berdahl:2016dx' on page 1 undefined on input 
line 112.


Package natbib Warning: Citation `Brenner:2012gl' on page 1 undefined on input 
line 113.


Package natbib Warning: Citation `Johnson:2012fe' on page 1 undefined on input 
line 113.


Package natbib Warning: Citation `Fullerton:2011ii' on page 1 undefined on inpu
t line 113.

[1{/usr/local/texlive/2016/texmf-var/fonts/map/pdftex/updmap/pdftex.map}]

Package natbib Warning: Citation `Quinn:2011tf' on page 2 undefined on input li
ne 128.


Package natbib Warning: Citation `Jonsson:2011kg' on page 2 undefined on input 
line 128.


Package natbib Warning: Citation `Keefer:2014gg' on page 2 undefined on input l
ine 128.


Package natbib Warning: Citation `Quinn:1993ge' on page 2 undefined on input li
ne 128.


Package natbib Warning: Citation `Hendry:2004wf' on page 2 undefined on input l
ine 128.


Package natbib Warning: Citation `Schtickzelle:2007wb' on page 2 undefined on i
nput line 129.


Package natbib Warning: Citation `Anderson:2014cx' on page 2 undefined on input
 line 129.


Package natbib Warning: Citation `Keefer:2014gg' on page 2 undefined on input l
ine 130.


Package natbib Warning: Citation `Bett:2017ha' on page 2 undefined on input lin
e 130.


Package natbib Warning: Citation `Keefer:2008bs' on page 2 undefined on input l
ine 130.


Package natbib Warning: Citation `Westley:2015to' on page 2 undefined on input 
line 130.


Package natbib Warning: Citation `Bond:2016dz' on page 2 undefined on input lin
e 130.


Package natbib Warning: Citation `Peterson:2014gy' on page 2 undefined on input
 line 131.


Package natbib Warning: Citation `Moore:2010gs' on page 2 undefined on input li
ne 133.


Package natbib Warning: Citation `Carlson:2011ce' on page 2 undefined on input 
line 133.


Package natbib Warning: Citation `Braun:2016ib' on page 2 undefined on input li
ne 133.


Underfull \hbox (badness 1803) in paragraph at lines 163--170
[]\T1/cmr/m/n/10 Here we seek to ex-plore how col-lec-tive density-
 []


Package natbib Warning: Citation `simpson1953major' on page 2 undefined on inpu
t line 180.


Package natbib Warning: Citation `Lande:1976ga' on page 2 undefined on input li
ne 180.

<figs2/fig_traj.pdf, id=15, 361.35pt x 578.16pt>
File: figs2/fig_traj.pdf Graphic file (type pdf)
 <use figs2/fig_traj.pdf>
Package pdftex.def Info: figs2/fig_traj.pdf used on input line 193.
(pdftex.def)             Requested size: 203.99689pt x 326.39635pt.


Package natbib Warning: Citation `Shelton:2011eq' on page 2 undefined on input 
line 201.


Underfull \hbox (badness 1248) in paragraph at lines 201--207
\T1/cmr/m/n/10 ton and Man-gel \T1/cmr/bx/n/10 ? \T1/cmr/m/n/10 as the ba-sis f
or our two-site
 []


Underfull \hbox (badness 2318) in paragraph at lines 201--207
\T1/cmr/m/n/10 in-com-ing strays, the re-cruit-ment of the ag-gre-gate
 []


Overfull \hbox (0.50703pt too wide) in paragraph at lines 225--225
[] 
 []

[2]

LaTeX Warning: A float is stuck (cannot be placed); try class option [floatfix]
 on input line 225.


Package natbib Warning: Citation `Peterson:2014gy' on page 3 undefined on input
 line 230.


Underfull \hbox (badness 1622) in paragraph at lines 227--233
\T1/cmr/m/n/10 and through-out. Be-cause stray-ing in-di-vid-u-als are
 []


Underfull \hbox (badness 10000) in paragraph at lines 227--233

 []

<figs2/fig_MDPE_hm.pdf, id=24, 722.7pt x 216.81pt>
File: figs2/fig_MDPE_hm.pdf Graphic file (type pdf)
 <use figs2/fig_MDPE_hm.pdf>
Package pdftex.def Info: figs2/fig_MDPE_hm.pdf used on input line 239.
(pdftex.def)             Requested size: 408.00156pt x 122.40193pt.


Package natbib Warning: Citation `Jasper:2013cc' on page 3 undefined on input l
ine 255.


Package natbib Warning: Citation `Lande:1976ga' on page 3 undefined on input li
ne 256.


Package natbib Warning: Citation `Schreiber:2011wx' on page 3 undefined on inpu
t line 256.


Package natbib Warning: Citation `Gilbert:2014ee' on page 3 undefined on input 
line 256.


Package natbib Warning: Citation `Gibert:2015kc' on page 3 undefined on input l
ine 256.


Package natbib Warning: Citation `Lande:1976ga' on page 3 undefined on input li
ne 261.


Package natbib Warning: Citation `Lande:1976ga' on page 3 undefined on input li
ne 270.


Underfull \hbox (badness 10000) in paragraph at lines 269--272

 []


Package natbib Warning: Citation `Berdahl:2016dx' on page 3 undefined on input 
line 277.


Package natbib Warning: Citation `Bett:2017ha' on page 3 undefined on input lin
e 277.


Package natbib Warning: Citation `Berdahl:2014bl' on page 3 undefined on input 
line 279.


Package natbib Warning: Citation `Berdahl:2016dx' on page 3 undefined on input 
line 279.


Underfull \hbox (badness 10000) in paragraph at lines 286--290

 []

[3 <./figs2/fig_traj.pdf>]

Package natbib Warning: Citation `Candy:2000hu' on page 4 undefined on input li
ne 299.


Package natbib Warning: Citation `JPE:JPE1383' on page 4 undefined on input lin
e 299.


Package natbib Warning: Citation `Peterson:2014gy' on page 4 undefined on input
 line 300.


Underfull \hbox (badness 10000) in paragraph at lines 302--305

 []


Package natbib Warning: Citation `Anderson:2014cx' on page 4 undefined on input
 line 308.


Package natbib Warning: Citation `Schindler:2015gf' on page 4 undefined on inpu
t line 308.


Package natbib Warning: Citation `Ovaskainen:2002il' on page 4 undefined on inp
ut line 308.


Package natbib Warning: Citation `Anderson:2013gb' on page 4 undefined on input
 line 309.


Underfull \hbox (badness 1308) in paragraph at lines 307--310
\T1/cmr/bx/n/10 (d) Mea-sur-ing metapop-u-la-tion ro-bust-ness \T1/cmr/m/n/10 W
e
 []


Package natbib Warning: Citation `Loreau:2008ju' on page 4 undefined on input l
ine 319.


Package natbib Warning: Citation `Anderson:2014cx' on page 4 undefined on input
 line 319.


Package natbib Warning: Citation `Yeakel:2013vz' on page 4 undefined on input l
ine 319.


Package natbib Warning: Citation `GuckHolmes' on page 4 undefined on input line
 323.


Underfull \hbox (badness 10000) in paragraph at lines 325--330

 []

[4 <./figs2/fig_MDPE_hm.pdf>]
<figs2/fig_thetaPEmvm.pdf, id=48, 361.35pt x 578.16pt>
File: figs2/fig_thetaPEmvm.pdf Graphic file (type pdf)

<use figs2/fig_thetaPEmvm.pdf>
Package pdftex.def Info: figs2/fig_thetaPEmvm.pdf used on input line 340.
(pdftex.def)             Requested size: 203.99689pt x 326.39635pt.


Package natbib Warning: Citation `Bett:2017ha' on page 5 undefined on input lin
e 354.

<figs2/fig_relax_lowh.pdf, id=49, 722.7pt x 289.08pt>
File: figs2/fig_relax_lowh.pdf Graphic file (type pdf)

<use figs2/fig_relax_lowh.pdf>
Package pdftex.def Info: figs2/fig_relax_lowh.pdf used on input line 367.
(pdftex.def)             Requested size: 458.99689pt x 183.59904pt.


Package natbib Warning: Citation `Carlson:2008hl' on page 5 undefined on input 
line 379.


Package natbib Warning: Citation `Scheffer:2009gg' on page 5 undefined on input
 line 383.


Package natbib Warning: Citation `Scheffer:2009gg' on page 5 undefined on input
 line 383.


Package natbib Warning: Citation `Lade:2012eu' on page 5 undefined on input lin
e 383.


Package natbib Warning: Citation `Anonymous:2013br' on page 5 undefined on inpu
t line 383.


Package natbib Warning: Citation `Dakos:2014br' on page 5 undefined on input li
ne 383.


Package natbib Warning: Citation `Krkosek:2014ch' on page 5 undefined on input 
line 383.

[5 <./figs2/fig_thetaPEmvm.pdf>]

Package natbib Warning: Citation `Scheffer:2009gg' on page 6 undefined on input
 line 399.


Package natbib Warning: Citation `Kuehn:2010p2591' on page 6 undefined on input
 line 399.


Underfull \hbox (badness 1515) in paragraph at lines 394--400
[]\T1/cmr/m/n/10 Straying had non-linear im-pacts on the re-cov-ery
 []


Underfull \hbox (badness 10000) in paragraph at lines 394--400

 []


Package natbib Warning: Citation `Berdahl:2016dx' on page 6 undefined on input 
line 404.


Underfull \hbox (badness 1057) in paragraph at lines 402--413
\T1/cmr/m/n/10 If we as-sume that the rate of stray-ing is density-
 []

[6 <./figs2/fig_relax_lowh.pdf>]
<figs2/fig_traitdiff.pdf, id=73, 361.35pt x 289.08pt>
File: figs2/fig_traitdiff.pdf Graphic file (type pdf)

<use figs2/fig_traitdiff.pdf>
Package pdftex.def Info: figs2/fig_traitdiff.pdf used on input line 434.
(pdftex.def)             Requested size: 255.0pt x 203.99991pt.

Overfull \hbox (9.0pt too wide) in paragraph at lines 434--437
 [][] 
 []


Underfull \hbox (badness 10000) in paragraph at lines 441--448

 []

<figs2/fig_mtheta_rt.pdf, id=74, 361.35pt x 289.08pt>
File: figs2/fig_mtheta_rt.pdf Graphic file (type pdf)

<use figs2/fig_mtheta_rt.pdf>
Package pdftex.def Info: figs2/fig_mtheta_rt.pdf used on input line 485.
(pdftex.def)             Requested size: 255.0pt x 203.99991pt.

Overfull \hbox (9.0pt too wide) in paragraph at lines 485--490
 [][] 
 []


Package natbib Warning: Citation `Anderson:2013gb' on page 7 undefined on input
 line 504.


Package natbib Warning: Citation `Anonymous:2015gf' on page 7 undefined on inpu
t line 504.


Package natbib Warning: Citation `Ovaskainen:2002il' on page 7 undefined on inp
ut line 505.


Package natbib Warning: Citation `Donohue:2013iu' on page 7 undefined on input 
line 506.

[7 <./figs2/fig_traitdiff.pdf>]

LaTeX Warning: A float is stuck (cannot be placed); try class option [floatfix]
 on input line 508.


Package natbib Warning: Citation `Levin:1992p1472' on page 8 undefined on input
 line 522.


Package natbib Warning: Citation `Meinhardt:2012hw' on page 8 undefined on inpu
t line 523.


Package natbib Warning: Citation `Hanski:1999vu' on page 8 undefined on input l
ine 526.


Package natbib Warning: Citation `Boughton:1999fa' on page 8 undefined on input
 line 526.


Package natbib Warning: Citation `Secor:2009ena' on page 8 undefined on input l
ine 537.

[8 <./figs2/fig_mtheta_rt.pdf>]

Package natbib Warning: Citation `Westley:2015to' on page 9 undefined on input 
line 567.


Package natbib Warning: Citation `Christie:2012bj' on page 9 undefined on input
 line 572.


Package natbib Warning: Citation `Chilcote:2003bb' on page 9 undefined on input
 line 573.


Package natbib Warning: Citation `Araki:2007cm' on page 9 undefined on input li
ne 573.


Package natbib Warning: Citation `Westley:2012ui' on page 9 undefined on input 
line 576.


Package natbib Warning: Citation `Candy:2000hu' on page 9 undefined on input li
ne 577.


Package natbib Warning: Citation `JPE:JPE1383' on page 9 undefined on input lin
e 577.


Package natbib Warning: Citation `Peterson:2014gy' on page 9 undefined on input
 line 578.


Package natbib Warning: Citation `Anderson:2013bf' on page 9 undefined on input
 line 583.


Package natbib Warning: Citation `Pess:2014isa' on page 9 undefined on input li
ne 583.


Package natbib Warning: Citation `Brenner:2012gl' on page 9 undefined on input 
line 601.


Package natbib Warning: Citation `Ford:2002ip' on page 9 undefined on input lin
e 601.


Package natbib Warning: Citation `Liermann:2017gj' on page 9 undefined on input
 line 604.

\openout3 = `bu.aux'.

(./msv3.bbl) [9] <figs2/fig_relax_small.pdf, id=96, 433.62pt x 578.16pt>
File: figs2/fig_relax_small.pdf Graphic file (type pdf)

<use figs2/fig_relax_small.pdf>
Package pdftex.def Info: figs2/fig_relax_small.pdf used on input line 640.
(pdftex.def)             Requested size: 178.50311pt x 238.00873pt.

<figs2/fig_relax_large.pdf, id=97, 433.62pt x 578.16pt>
File: figs2/fig_relax_large.pdf Graphic file (type pdf)

<use figs2/fig_relax_large.pdf>
Package pdftex.def Info: figs2/fig_relax_large.pdf used on input line 653.
(pdftex.def)             Requested size: 178.50311pt x 238.00873pt.

<figs2/fig_relax_highh.pdf, id=98, 722.7pt x 289.08pt>
File: figs2/fig_relax_highh.pdf Graphic file (type pdf)

<use figs2/fig_relax_highh.pdf>
Package pdftex.def Info: figs2/fig_relax_highh.pdf used on input line 692.
(pdftex.def)             Requested size: 458.99689pt x 183.59904pt.

<figs2/fig_thetadiffN.pdf, id=99, 361.35pt x 289.08pt>
File: figs2/fig_thetadiffN.pdf Graphic file (type pdf)

<use figs2/fig_thetadiffN.pdf>
Package pdftex.def Info: figs2/fig_thetadiffN.pdf used on input line 706.
(pdftex.def)             Requested size: 203.99689pt x 163.19817pt.

<figs2/fig_relaxtheta2.pdf, id=100, 722.7pt x 289.08pt>
File: figs2/fig_relaxtheta2.pdf Graphic file (type pdf)

<use figs2/fig_relaxtheta2.pdf>
Package pdftex.def Info: figs2/fig_relaxtheta2.pdf used on input line 719.
(pdftex.def)             Requested size: 408.00156pt x 163.20258pt.

<figs2/fig_MDPE_hm_mtheta_rt.pdf, id=101, 289.08pt x 289.08pt>
File: figs2/fig_MDPE_hm_mtheta_rt.pdf Graphic file (type pdf)

<use figs2/fig_MDPE_hm_mtheta_rt.pdf>
Package pdftex.def Info: figs2/fig_MDPE_hm_mtheta_rt.pdf used on input line 733
.
(pdftex.def)             Requested size: 178.50311pt x 178.49992pt.

<figs2/fig_relax_inertia.pdf, id=102, 433.62pt x 578.16pt>
File: figs2/fig_relax_inertia.pdf Graphic file (type pdf)

<use figs2/fig_relax_inertia.pdf>
Package pdftex.def Info: figs2/fig_relax_inertia.pdf used on input line 744.
(pdftex.def)             Requested size: 178.50311pt x 238.00873pt.

<figs2/fig_relax_mtheta.pdf, id=103, 722.7pt x 289.08pt>
File: figs2/fig_relax_mtheta.pdf Graphic file (type pdf)

<use figs2/fig_relax_mtheta.pdf>
Package pdftex.def Info: figs2/fig_relax_mtheta.pdf used on input line 758.
(pdftex.def)             Requested size: 408.00156pt x 163.20258pt.

<figs2/fig_relax_both_lowh.pdf, id=104, 433.62pt x 578.16pt>
File: figs2/fig_relax_both_lowh.pdf Graphic file (type pdf)

<use figs2/fig_relax_both_lowh.pdf>
Package pdftex.def Info: figs2/fig_relax_both_lowh.pdf used on input line 773.
(pdftex.def)             Requested size: 178.50311pt x 238.00873pt.


Package natbib Warning: There were undefined citations.

[10 <./figs2/fig_relax_small.pdf>] [11 <./figs2/fig_relax_large.pdf> <./figs2/f
ig_relax_highh.pdf>] [12 <./figs2/fig_thetadiffN.pdf> <./figs2/fig_relaxtheta2.
pdf>] [13 <./figs2/fig_MDPE_hm_mtheta_rt.pdf> <./figs2/fig_relax_inertia.pdf>]
[14 <./figs2/fig_relax_mtheta.pdf> <./figs2/fig_relax_both_lowh.pdf>]
(./msv3.aux (./bu.aux)) ) 
Here is how much of TeX's memory you used:
 6855 strings out of 493014
 97552 string characters out of 6133351
 188180 words of memory out of 5000000
 10236 multiletter control sequences out of 15000+600000
 20056 words of font info for 62 fonts, out of 8000000 for 9000
 1141 hyphenation exceptions out of 8191
 38i,10n,38p,1026b,431s stack positions out of 5000i,500n,10000p,200000b,80000s
{/usr/local/texlive/2016/texmf-dist/fonts/enc/dvips/cm
-super/cm-super-t1.enc}</usr/local/texlive/2016/texmf-dist/fonts/type1/public/a
msfonts/cm/cmex10.pfb></usr/local/texlive/2016/texmf-dist/fonts/type1/public/am
sfonts/cm/cmmi10.pfb></usr/local/texlive/2016/texmf-dist/fonts/type1/public/ams
fonts/cm/cmmi5.pfb></usr/local/texlive/2016/texmf-dist/fonts/type1/public/amsfo
nts/cm/cmmi6.pfb></usr/local/texlive/2016/texmf-dist/fonts/type1/public/amsfont
s/cm/cmmi7.pfb></usr/local/texlive/2016/texmf-dist/fonts/type1/public/amsfonts/
cm/cmmi9.pfb></usr/local/texlive/2016/texmf-dist/fonts/type1/public/amsfonts/cm
/cmr10.pfb></usr/local/texlive/2016/texmf-dist/fonts/type1/public/amsfonts/cm/c
mr6.pfb></usr/local/texlive/2016/texmf-dist/fonts/type1/public/amsfonts/cm/cmr7
.pfb></usr/local/texlive/2016/texmf-dist/fonts/type1/public/amsfonts/cm/cmr9.pf
b></usr/local/texlive/2016/texmf-dist/fonts/type1/public/amsfonts/cm/cmsy10.pfb
></usr/local/texlive/2016/texmf-dist/fonts/type1/public/amsfonts/cm/cmsy6.pfb><
/usr/local/texlive/2016/texmf-dist/fonts/type1/public/amsfonts/cm/cmsy7.pfb></u
sr/local/texlive/2016/texmf-dist/fonts/type1/public/amsfonts/cm/cmsy9.pfb></usr
/local/texlive/2016/texmf-dist/fonts/type1/public/cm-super/sfbx0900.pfb></usr/l
ocal/texlive/2016/texmf-dist/fonts/type1/public/cm-super/sfbx1000.pfb></usr/loc
al/texlive/2016/texmf-dist/fonts/type1/public/cm-super/sfbx1200.pfb></usr/local
/texlive/2016/texmf-dist/fonts/type1/public/cm-super/sfrm0900.pfb></usr/local/t
exlive/2016/texmf-dist/fonts/type1/public/cm-super/sfrm1000.pfb></usr/local/tex
live/2016/texmf-dist/fonts/type1/public/cm-super/sfti0900.pfb></usr/local/texli
ve/2016/texmf-dist/fonts/type1/public/cm-super/sfti1000.pfb>
Output written on msv3.pdf (14 pages, 1917114 bytes).
PDF statistics:
 246 PDF objects out of 1000 (max. 8388607)
 177 compressed objects within 2 object streams
 0 named destinations out of 1000 (max. 500000)
 76 words of extra memory for PDF output out of 10000 (max. 10000000)

