This is pdfTeX, Version 3.14159265-2.6-1.40.17 (TeX Live 2016) (preloaded format=pdflatex 2016.5.22)  5 JUN 2017 07:49
entering extended mode
 restricted \write18 enabled.
 %&-line parsing enabled.
**msv4.pdf
(./msv4.pdf
LaTeX2e <2016/03/31>
Babel <3.9r> and hyphenation patterns for 83 language(s) loaded.

! LaTeX Error: Missing \begin{document}.

See the LaTeX manual or LaTeX Companion for explanation.
Type  H <return>  for immediate help.
 ...                                              
                                                  
l.3 3
      0 obj
? 
Missing character: There is no 3 in font nullfont!
Missing character: There is no 0 in font nullfont!
Missing character: There is no o in font nullfont!
Missing character: There is no b in font nullfont!
Missing character: There is no j in font nullfont!
Missing character: There is no < in font nullfont!
Missing character: There is no < in font nullfont!
Missing character: There is no / in font nullfont!
Missing character: There is no L in font nullfont!
Missing character: There is no e in font nullfont!
Missing character: There is no n in font nullfont!
Missing character: There is no g in font nullfont!
Missing character: There is no t in font nullfont!
Missing character: There is no h in font nullfont!
Missing character: There is no 3 in font nullfont!
Missing character: There is no 2 in font nullfont!
Missing character: There is no 0 in font nullfont!
Missing character: There is no 9 in font nullfont!
Missing character: There is no / in font nullfont!
Missing character: There is no F in font nullfont!
Missing character: There is no i in font nullfont!
Missing character: There is no l in font nullfont!
Missing character: There is no t in font nullfont!
Missing character: There is no e in font nullfont!
Missing character: There is no r in font nullfont!
Missing character: There is no / in font nullfont!
Missing character: There is no F in font nullfont!
Missing character: There is no l in font nullfont!
Missing character: There is no a in font nullfont!
Missing character: There is no t in font nullfont!
Missing character: There is no e in font nullfont!
Missing character: There is no D in font nullfont!
Missing character: There is no e in font nullfont!
Missing character: There is no c in font nullfont!
Missing character: There is no o in font nullfont!
Missing character: There is no d in font nullfont!
Missing character: There is no e in font nullfont!
Missing character: There is no > in font nullfont!
Missing character: There is no > in font nullfont!
Missing character: There is no s in font nullfont!
Missing character: There is no t in font nullfont!
Missing character: There is no r in font nullfont!
Missing character: There is no e in font nullfont!
Missing character: There is no a in font nullfont!
Missing character: There is no m in font nullfont!
Missing character: There is no x in font nullfont!
Missing character: There is no Ú in font nullfont!
Missing character: There is no • in font nullfont!
Missing character: There is no Z in font nullfont!
Missing character: There is no K in font nullfont!
Missing character: There is no “ in font nullfont!
Missing character: There is no Û in font nullfont!
Missing character: There is no 6 in font nullfont!
! Text line contains an invalid character.
l.9 xÚ•ZK“Û6^^R
               ¾çWè´EUÍ0^^DÁgö²c'öVœTf²©-'^^Gˆ‚%Ä|($åÉì¯ß~¢4Œâ9^^Qh<^^Zİèş...

? q
OK, entering \batchmode...
Missing character: There is no ¾ in font nullfont!
Missing character: There is no ç in font nullfont!
Missing character: There is no W in font nullfont!
Missing character: There is no è in font nullfont!
Missing character: There is no ´ in font nullfont!
Missing character: There is no E in font nullfont!
Missing character: There is no U in font nullfont!
Missing character: There is no Í in font nullfont!
Missing character: There is no 0 in font nullfont!
! Text line contains an invalid character.
l.9 xÚ•ZK“Û6^^R¾çWè´EUÍ0^^D
                           Ágö²c'öVœTf²©-'^^Gˆ‚%Ä|($åÉì¯ß~¢4Œâ9^^Qh<^^Zİèş...
A funny symbol that I can't read has just been input.
Continue, and I'll forget that it ever happened.

Missing character: There is no Á in font nullfont!
Missing character: There is no g in font nullfont!
Missing character: There is no ö in font nullfont!
Missing character: There is no ² in font nullfont!
Missing character: There is no  in font nullfont!
Missing character: There is no c in font nullfont!
Missing character: There is no ' in font nullfont!
Missing character: There is no ö in font nullfont!
Missing character: There is no V in font nullfont!
Missing character: There is no œ in font nullfont!
Missing character: There is no T in font nullfont!
Missing character: There is no f in font nullfont!
Missing character: There is no ² in font nullfont!
Missing character: There is no © in font nullfont!
Missing character: There is no - in font nullfont!
Missing character: There is no ' in font nullfont!
! Text line contains an invalid character.
l.9 xÚ•ZK“Û6^^R¾çWè´EUÍ0^^DÁgö²c'öVœTf²©-'^^G
                                              ˆ‚%Ä|($åÉì¯ß~¢4Œâ9^^Qh<^^Zİèş...
A funny symbol that I can't read has just been input.
Continue, and I'll forget that it ever happened.

Missing character: There is no ˆ in font nullfont!
Missing character: There is no ‚ in font nullfont!
Missing character: There is no È in font nullfont!
! Text line contains an invalid character.
l.10 È^^X
         GÁ[kDê^^_QZ‘ü[·Yß¢Ôı¸ 6ğK^^VÅ>g˜då^^RÇ^^_I£í™í‹¿ßÉ÷—u‘^^Dv^^Xkûø”...
A funny symbol that I can't read has just been input.
Continue, and I'll forget that it ever happened.

Missing character: There is no G in font nullfont!
Missing character: There is no Á in font nullfont!
Missing character: There is no [ in font nullfont!
Missing character: There is no k in font nullfont!
Missing character: There is no D in font nullfont!
Missing character: There is no ê in font nullfont!
! Text line contains an invalid character.
l.10 È^^XGÁ[kDê^^_
                  QZ‘ü[·Yß¢Ôı¸ 6ğK^^VÅ>g˜då^^RÇ^^_I£í™í‹¿ßÉ÷—u‘^^Dv^^Xkûø”...
A funny symbol that I can't read has just been input.
Continue, and I'll forget that it ever happened.

Missing character: There is no Q in font nullfont!
Missing character: There is no Z in font nullfont!
Missing character: There is no ‘ in font nullfont!
Missing character: There is no ü in font nullfont!
Missing character: There is no [ in font nullfont!
Missing character: There is no · in font nullfont!
Missing character: There is no Y in font nullfont!
Missing character: There is no ß in font nullfont!
Missing character: There is no ¢ in font nullfont!
Missing character: There is no Ô in font nullfont!
Missing character: There is no ı in font nullfont!
Missing character: There is no ¸ in font nullfont!
Missing character: There is no 6 in font nullfont!
Missing character: There is no ğ in font nullfont!
Missing character: There is no K in font nullfont!
! Text line contains an invalid character.
l.10 È^^XGÁ[kDê^^_QZ‘ü[·Yß¢Ôı¸ 6ğK^^V
                                     Å>g˜då^^RÇ^^_I£í™í‹¿ßÉ÷—u‘^^Dv^^Xkûø”...
A funny symbol that I can't read has just been input.
Continue, and I'll forget that it ever happened.

Missing character: There is no Å in font nullfont!
Missing character: There is no > in font nullfont!
Missing character: There is no g in font nullfont!
Missing character: There is no ˜ in font nullfont!
Missing character: There is no d in font nullfont!
Missing character: There is no å in font nullfont!
! Text line contains an invalid character.
l.10 È^^XGÁ[kDê^^_QZ‘ü[·Yß¢Ôı¸ 6ğK^^VÅ>g˜då^^R
                                              Ç^^_I£í™í‹¿ßÉ÷—u‘^^Dv^^Xkûø”...
A funny symbol that I can't read has just been input.
Continue, and I'll forget that it ever happened.

Missing character: There is no Ç in font nullfont!
! Text line contains an invalid character.
l.10 È^^XGÁ[kDê^^_QZ‘ü[·Yß¢Ôı¸ 6ğK^^VÅ>g˜då^^RÇ^^_
                                                  I£í™í‹¿ßÉ÷—u‘^^Dv^^Xkûø”...
A funny symbol that I can't read has just been input.
Continue, and I'll forget that it ever happened.

Missing character: There is no I in font nullfont!
Missing character: There is no  in font nullfont!
Missing character: There is no £ in font nullfont!
Missing character: There is no í in font nullfont!
Missing character: There is no ™ in font nullfont!
Missing character: There is no í in font nullfont!
Missing character: There is no ‹ in font nullfont!
Missing character: There is no  in font nullfont!
Missing character: There is no ¿ in font nullfont!
Missing character: There is no ß in font nullfont!
Missing character: There is no É in font nullfont!
Missing character: There is no ÷ in font nullfont!
Missing character: There is no — in font nullfont!
Missing character: There is no u in font nullfont!
Missing character: There is no ‘ in font nullfont!
! Text line contains an invalid character.
l.10 ...¢Ôı¸ 6ğK^^VÅ>g˜då^^RÇ^^_I£í™í‹¿ßÉ÷—u‘^^D
                                                  v^^Xkûø”u	7—^^WsÖú9¬ÿÁ,Ş‚Ç...
A funny symbol that I can't read has just been input.
Continue, and I'll forget that it ever happened.

Missing character: There is no v in font nullfont!
! Text line contains an invalid character.
l.10 ... 6ğK^^VÅ>g˜då^^RÇ^^_I£í™í‹¿ßÉ÷—u‘^^Dv^^X
                                                  kûø”u	7—^^WsÖú9¬ÿÁ,Ş‚ÇŒ{–;...
A funny symbol that I can't read has just been input.
Continue, and I'll forget that it ever happened.

Missing character: There is no k in font nullfont!
Missing character: There is no û in font nullfont!
Missing character: There is no ø in font nullfont!
Missing character: There is no ” in font nullfont!
Missing character: There is no u in font nullfont!
Missing character: There is no 7 in font nullfont!
Missing character: There is no — in font nullfont!
! Text line contains an invalid character.
l.10 ...då^^RÇ^^_I£í™í‹¿ßÉ÷—u‘^^Dv^^Xkûø”u	7—^^W
                                                  sÖú9¬ÿÁ,Ş‚ÇŒ{–;^^N~^^QÆßw$...
A funny symbol that I can't read has just been input.
Continue, and I'll forget that it ever happened.

Missing character: There is no s in font nullfont!
Missing character: There is no Ö in font nullfont!
Missing character: There is no ú in font nullfont!
Missing character: There is no 9 in font nullfont!
Missing character: There is no ¬ in font nullfont!
Missing character: There is no ÿ in font nullfont!
Missing character: There is no Á in font nullfont!
Missing character: There is no , in font nullfont!
Missing character: There is no Ş in font nullfont!
Missing character: There is no ‚ in font nullfont!
Missing character: There is no Ç in font nullfont!
Missing character: There is no Œ in font nullfont!
Missing character: There is no – in font nullfont!
Missing character: There is no ; in font nullfont!
! Text line contains an invalid character.
l.10 ...ßÉ÷—u‘^^Dv^^Xkûø”u	7—^^WsÖú9¬ÿÁ,Ş‚ÇŒ{–;^^N
                                                  ~^^QÆßw$r×Û§|U^^DÖ^^E:m™\...
A funny symbol that I can't read has just been input.
Continue, and I'll forget that it ever happened.

! Text line contains an invalid character.
l.10 ...u‘^^Dv^^Xkûø”u	7—^^WsÖú9¬ÿÁ,Ş‚ÇŒ{–;^^N~^^Q
                                                  Æßw$r×Û§|U^^DÖ^^E:m™\÷‡T‡...
A funny symbol that I can't read has just been input.
Continue, and I'll forget that it ever happened.

Missing character: There is no Æ in font nullfont!
Missing character: There is no ß in font nullfont!
Missing character: There is no w in font nullfont!
LaTeX Font Info:    External font `cmex10' loaded for size
(Font)              <7> on input line 10.
LaTeX Font Info:    External font `cmex10' loaded for size
(Font)              <5> on input line 10.
! Text line contains an invalid character.
l.10 ...u	7—^^WsÖú9¬ÿÁ,Ş‚ÇŒ{–;^^N~^^QÆßw$r×Û§|U^^D
                                                  Ö^^E:m™\÷‡T‡q¢Ï^^N¡/VÌ^^Y...
A funny symbol that I can't read has just been input.
Continue, and I'll forget that it ever happened.

! Text line contains an invalid character.
l.10 ...^^WsÖú9¬ÿÁ,Ş‚ÇŒ{–;^^N~^^QÆßw$r×Û§|U^^DÖ^^E
                                                  :m™\÷‡T‡q¢Ï^^N¡/VÌ^^Y^^T^...
A funny symbol that I can't read has just been input.
Continue, and I'll forget that it ever happened.

! Undefined control sequence.
l.10 ...9¬ÿÁ,Ş‚ÇŒ{–;^^N~^^QÆßw$r×Û§|U^^DÖ^^E:m™\÷
                                                  ‡T‡q¢Ï^^N¡/VÌ^^Y^^T^^EÌS`Æ...
The control sequence at the end of the top line
of your error message was never \def'ed. If you have
misspelled it (e.g., `\hobx'), type `I' and the correct
spelling (e.g., `I\hbox'). Otherwise just continue,
and I'll forget about whatever was undefined.

! Text line contains an invalid character.
l.10 ...{–;^^N~^^QÆßw$r×Û§|U^^DÖ^^E:m™\÷‡T‡q¢Ï^^N
                                                  ¡/VÌ^^Y^^T^^EÌS`ÆpOÙ³´zW¡>...
A funny symbol that I can't read has just been input.
Continue, and I'll forget that it ever happened.

! Text line contains an invalid character.
l.10 ...^^QÆßw$r×Û§|U^^DÖ^^E:m™\÷‡T‡q¢Ï^^N¡/VÌ^^Y
                                                  ^^T^^EÌS`ÆpOÙ³´zW¡>÷rø^^Zd...
A funny symbol that I can't read has just been input.
Continue, and I'll forget that it ever happened.

! Text line contains an invalid character.
l.10 ...Æßw$r×Û§|U^^DÖ^^E:m™\÷‡T‡q¢Ï^^N¡/VÌ^^Y^^T
                                                  ^^EÌS`ÆpOÙ³´zW¡>÷rø^^ZdQYĞ...
A funny symbol that I can't read has just been input.
Continue, and I'll forget that it ever happened.

! Text line contains an invalid character.
l.10 ...$r×Û§|U^^DÖ^^E:m™\÷‡T‡q¢Ï^^N¡/VÌ^^Y^^T^^E
                                                  ÌS`ÆpOÙ³´zW¡>÷rø^^ZdQYĞ}Ào...
A funny symbol that I can't read has just been input.
Continue, and I'll forget that it ever happened.

! Text line contains an invalid character.
l.10 ...÷‡T‡q¢Ï^^N¡/VÌ^^Y^^T^^EÌS`ÆpOÙ³´zW¡>÷rø^^Z
                                                  dQYĞ}Ào^^Z¼[ßªÀ¬U0^^^±ÕCËÈ...
A funny symbol that I can't read has just been input.
Continue, and I'll forget that it ever happened.

! Extra }, or forgotten $.
l.10 ...¢Ï^^N¡/VÌ^^Y^^T^^EÌS`ÆpOÙ³´zW¡>÷rø^^ZdQYĞ}
                                                  Ào^^Z¼[ßªÀ¬U0^^^±ÕCËÈ”»ÊÙ¶...
I've deleted a group-closing symbol because it seems to be
spurious, as in `$x}$'. But perhaps the } is legitimate and
you forgot something else, as in `\hbox{$x}'. In such cases
the way to recover is to insert both the forgotten and the
deleted material, e.g., by typing `I$}'.

! Text line contains an invalid character.
l.10 ...¡/VÌ^^Y^^T^^EÌS`ÆpOÙ³´zW¡>÷rø^^ZdQYĞ}Ào^^Z
                                                  ¼[ßªÀ¬U0^^^±ÕCËÈ”»ÊÙ¶²^^Cª...
A funny symbol that I can't read has just been input.
Continue, and I'll forget that it ever happened.

! Text line contains an invalid character.
l.10 ...^EÌS`ÆpOÙ³´zW¡>÷rø^^ZdQYĞ}Ào^^Z¼[ßªÀ¬U0^^^
                                                  ±ÕCËÈ”»ÊÙ¶²^^CªFçÁÏ- ^^Cİø...
A funny symbol that I can't read has just been input.
Continue, and I'll forget that it ever happened.

! Text line contains an invalid character.
l.10 ...>÷rø^^ZdQYĞ}Ào^^Z¼[ßªÀ¬U0^^^±ÕCËÈ”»ÊÙ¶²^^C
                                                  ªFçÁÏ- ^^CİøàFl<ÎwÊ‚—¦v^^@...
A funny symbol that I can't read has just been input.
Continue, and I'll forget that it ever happened.

! Text line contains an invalid character.
l.10 ...Ğ}Ào^^Z¼[ßªÀ¬U0^^^±ÕCËÈ”»ÊÙ¶²^^CªFçÁÏ- ^^C
                                                  İøàFl<ÎwÊ‚—¦v^^@^^H­3´ ¾·...
A funny symbol that I can't read has just been input.
Continue, and I'll forget that it ever happened.

! Text line contains an invalid character.
l.10 ...^^±ÕCËÈ”»ÊÙ¶²^^CªFçÁÏ- ^^CİøàFl<ÎwÊ‚—¦v^^@
                                                  ^^H­3´ ¾·}e·²š;2óÅ
A funny symbol that I can't read has just been input.
Continue, and I'll forget that it ever happened.

! Text line contains an invalid character.
l.10 ...ÕCËÈ”»ÊÙ¶²^^CªFçÁÏ- ^^CİøàFl<ÎwÊ‚—¦v^^@^^H
                                                  ­3´ ¾·}e·²š;2óÅ
A funny symbol that I can't read has just been input.
Continue, and I'll forget that it ever happened.

! Text line contains an invalid character.
l.10 ...»ÊÙ¶²^^CªFçÁÏ- ^^CİøàFl<ÎwÊ‚—¦v^^@^^H­3´ 
                                                  ¾·}e·²š;2óÅ
A funny symbol that I can't read has just been input.
Continue, and I'll forget that it ever happened.

! Extra }, or forgotten $.
l.10 ...¶²^^CªFçÁÏ- ^^CİøàFl<ÎwÊ‚—¦v^^@^^H­3´ ¾·}
                                                  e·²š;2óÅ
I've deleted a group-closing symbol because it seems to be
spurious, as in `$x}$'. But perhaps the } is legitimate and
you forgot something else, as in `\hbox{$x}'. In such cases
the way to recover is to insert both the forgotten and the
deleted material, e.g., by typing `I$}'.

! Text line contains an invalid character.
l.11 3ÿùîÅU^^]
              •:Œ&‡M®(Ge	Ì¼ĞN|];)Ïºß^^CÜ%e^^QÜÁuÇy0^^Zî¾&×æö›^^V\^^?<^^VÎê...
A funny symbol that I can't read has just been input.
Continue, and I'll forget that it ever happened.

! Misplaced alignment tab character &.
l.11 3ÿùîÅU^^]•:Œ&
                  ‡M®(Ge	Ì¼ĞN|];)Ïºß^^CÜ%e^^QÜÁuÇy0^^Zî¾&×æö›^^V\^^?<^^VÎê...
I can't figure out why you would want to use a tab mark
here. If you just want an ampersand, the remedy is
simple: Just type `I\&' now. But if some right brace
up above has ended a previous alignment prematurely,
you're probably due for more error messages, and you
might try typing `S' now just to see what is salvageable.

! Text line contains an invalid character.
l.11 3ÿùîÅU^^]•:Œ&‡M®(Ge	Ì¼ĞN|];)Ïºß^^C
                                       Ü%e^^QÜÁuÇy0^^Zî¾&×æö›^^V\^^?<^^VÎê...
A funny symbol that I can't read has just been input.
Continue, and I'll forget that it ever happened.

! Text line contains an invalid character.
l.12 –µ_^^_
           ûÖl&^^?^^DÂË^^[ï­ÙšëF^^XkPØäbùeLœÇ^^P¥4HYœûØçÆ’{<1 P’èàaß5Üªº¾·^...
A funny symbol that I can't read has just been input.
Continue, and I'll forget that it ever happened.

! Misplaced alignment tab character &.
l.12 –µ_^^_ûÖl&
               ^^?^^DÂË^^[ï­ÙšëF^^XkPØäbùeLœÇ^^P¥4HYœûØçÆ’{<1 P’èàaß5Üªº¾·^...
I can't figure out why you would want to use a tab mark
here. If you just want an ampersand, the remedy is
simple: Just type `I\&' now. But if some right brace
up above has ended a previous alignment prematurely,
you're probably due for more error messages, and you
might try typing `S' now just to see what is salvageable.

! Text line contains an invalid character.
l.12 –µ_^^_ûÖl&^^?
                  ^^DÂË^^[ï­ÙšëF^^XkPØäbùeLœÇ^^P¥4HYœûØçÆ’{<1 P’èàaß5Üªº¾·^...
A funny symbol that I can't read has just been input.
Continue, and I'll forget that it ever happened.

! Text line contains an invalid character.
l.12 –µ_^^_ûÖl&^^?^^D
                     ÂË^^[ï­ÙšëF^^XkPØäbùeLœÇ^^P¥4HYœûØçÆ’{<1 P’èàaß5Üªº¾·^...
A funny symbol that I can't read has just been input.
Continue, and I'll forget that it ever happened.

! Text line contains an invalid character.
l.12 –µ_^^_ûÖl&^^?^^DÂË^^[
                          ï­ÙšëF^^XkPØäbùeLœÇ^^P¥4HYœûØçÆ’{<1 P’èàaß5Üªº¾·^...
A funny symbol that I can't read has just been input.
Continue, and I'll forget that it ever happened.

! Text line contains an invalid character.
l.12 –µ_^^_ûÖl&^^?^^DÂË^^[ï­ÙšëF^^X
                                    kPØäbùeLœÇ^^P¥4HYœûØçÆ’{<1 P’èàaß5Üªº¾·^...
A funny symbol that I can't read has just been input.
Continue, and I'll forget that it ever happened.

! Text line contains an invalid character.
l.12 –µ_^^_ûÖl&^^?^^DÂË^^[ï­ÙšëF^^XkPØäbùeLœÇ^^P
                                                 ¥4HYœûØçÆ’{<1 P’èàaß5Üªº¾·^...
A funny symbol that I can't read has just been input.
Continue, and I'll forget that it ever happened.

! Text line contains an invalid character.
l.12 ...kPØäbùeLœÇ^^P¥4HYœûØçÆ’{<1 P’èàaß5Üªº¾·^^C
                                                  ^^Dup¦®İ’Ì`x<8ì»c½åö†¦È€Ùn...
A funny symbol that I can't read has just been input.
Continue, and I'll forget that it ever happened.

! Text line contains an invalid character.
l.12 ...äbùeLœÇ^^P¥4HYœûØçÆ’{<1 P’èàaß5Üªº¾·^^C^^D
                                                  up¦®İ’Ì`x<8ì»c½åö†¦È€ÙnaÕ`...
A funny symbol that I can't read has just been input.
Continue, and I'll forget that it ever happened.

! Text line contains an invalid character.
l.12 ...¾·^^C^^Dup¦®İ’Ì`x<8ì»c½åö†¦È€ÙnaÕ`·—dY^^R
                                                  ü¾}$í`^^X†Iõ¿vquX^^A—«²«"...
A funny symbol that I can't read has just been input.
Continue, and I'll forget that it ever happened.

Missing character: There is no × in font cmr10!
Missing character: There is no Û in font cmr10!
Missing character: There is no § in font cmr10!
Missing character: There is no Ö in font cmr10!
Missing character: There is no  in font cmr10!
Missing character: There is no ™ in font cmr10!
Missing character: There is no ‡ in font cmr10!
Missing character: There is no ‡ in font cmr10!
Missing character: There is no ¢ in font cmr10!
Missing character: There is no Ï in font cmr10!
Missing character: There is no ¡ in font cmr10!
Missing character: There is no Ì in font cmr10!
Missing character: There is no Ì in font cmr10!
Missing character: There is no Æ in font cmr10!
Missing character: There is no Ù in font cmr10!
Missing character: There is no ³ in font cmr10!
Missing character: There is no ´ in font cmr10!
Missing character: There is no ¡ in font cmr10!
Missing character: There is no ÷ in font cmr10!
Missing character: There is no ø in font cmr10!
Missing character: There is no Ğ in font cmr10!
Missing character: There is no À in font cmr10!
Missing character: There is no ¼ in font cmr10!
Missing character: There is no ß in font cmr10!
Missing character: There is no ª in font cmr10!
Missing character: There is no À in font cmr10!
Missing character: There is no ¬ in font cmr10!
Missing character: There is no ± in font cmr10!
Missing character: There is no Õ in font cmr10!
Missing character: There is no Ë in font cmr10!
Missing character: There is no È in font cmr10!
Missing character: There is no ” in font cmr10!
Missing character: There is no » in font cmr10!
Missing character: There is no Ê in font cmr10!
Missing character: There is no Ù in font cmr10!
Missing character: There is no ¶ in font cmr10!
Missing character: There is no ² in font cmr10!
Missing character: There is no ª in font cmr10!
Missing character: There is no ç in font cmr10!
Missing character: There is no Á in font cmr10!
Missing character: There is no Ï in font cmr10!
Missing character: There is no   in font cmr10!
Missing character: There is no İ in font cmr10!
Missing character: There is no ø in font cmr10!
Missing character: There is no à in font cmr10!
Missing character: There is no Î in font cmr10!
Missing character: There is no Ê in font cmr10!
Missing character: There is no ‚ in font cmr10!
Missing character: There is no — in font cmr10!
Missing character: There is no ¦ in font cmr10!
Missing character: There is no ­ in font cmr10!
Missing character: There is no ´ in font cmr10!
Missing character: There is no ¾ in font cmr10!
Missing character: There is no · in font cmr10!
Missing character: There is no · in font cmr10!
Missing character: There is no ² in font cmr10!
Missing character: There is no š in font cmr10!
Missing character: There is no ó in font cmr10!
Missing character: There is no Å in font cmr10!
Missing character: There is no ÿ in font cmr10!
Missing character: There is no ù in font cmr10!
Missing character: There is no î in font cmr10!
Missing character: There is no Å in font cmr10!
Missing character: There is no • in font cmr10!
Missing character: There is no Œ in font cmr10!
Missing character: There is no ‡ in font cmr10!
Missing character: There is no ® in font cmr10!
Missing character: There is no Ì in font cmr10!
Missing character: There is no ¼ in font cmr10!
Missing character: There is no Ğ in font cmr10!
Missing character: There is no Ï in font cmr10!
Missing character: There is no º in font cmr10!
Missing character: There is no ß in font cmr10!
Missing character: There is no Ü in font cmr10!
Missing character: There is no – in font cmr10!
Missing character: There is no µ in font cmr10!
Missing character: There is no û in font cmr7!
Missing character: There is no Ö in font cmr10!
Missing character: There is no Â in font cmr10!
Missing character: There is no Ë in font cmr10!
Missing character: There is no ï in font cmr10!
Missing character: There is no  in font cmr10!
Missing character: There is no ­ in font cmr10!
Missing character: There is no Ù in font cmr10!
Missing character: There is no š in font cmr10!
Missing character: There is no ë in font cmr10!
Missing character: There is no Ø in font cmr10!
Missing character: There is no ä in font cmr10!
Missing character: There is no ù in font cmr10!
Missing character: There is no œ in font cmr10!
Missing character: There is no Ç in font cmr10!
Missing character: There is no ¥ in font cmr10!
Missing character: There is no œ in font cmr10!
Missing character: There is no û in font cmr10!
Missing character: There is no Ø in font cmr10!
Missing character: There is no ç in font cmr10!
Missing character: There is no Æ in font cmr10!
Missing character: There is no ’ in font cmr10!
Missing character: There is no ’ in font cmr10!
Missing character: There is no è in font cmr10!
Missing character: There is no à in font cmr10!
Missing character: There is no ß in font cmr10!
Missing character: There is no Ü in font cmr10!
Missing character: There is no ª in font cmr10!
Missing character: There is no º in font cmr10!
Missing character: There is no ¾ in font cmr10!
Missing character: There is no · in font cmr10!
Missing character: There is no ¦ in font cmr10!
Missing character: There is no ® in font cmr10!
Missing character: There is no İ in font cmr10!
Missing character: There is no ’ in font cmr10!
Missing character: There is no Ì in font cmr10!
Missing character: There is no ì in font cmr10!
Missing character: There is no » in font cmr10!
Missing character: There is no ½ in font cmr10!
Missing character: There is no å in font cmr10!
Missing character: There is no ö in font cmr10!
Missing character: There is no † in font cmr10!
Missing character: There is no ¦ in font cmr10!
Missing character: There is no È in font cmr10!
Missing character: There is no € in font cmr10!
Missing character: There is no Ù in font cmr10!
Missing character: There is no Õ in font cmr10!
Missing character: There is no · in font cmr10!
Missing character: There is no  in font cmr10!
Missing character: There is no — in font cmr10!
Missing character: There is no ü in font cmr10!
Missing character: There is no ¾ in font cmr10!
Missing character: There is no í in font nullfont!
Missing character: There is no ` in font nullfont!
! Text line contains an invalid character.
l.12 ...p¦®İ’Ì`x<8ì»c½åö†¦È€ÙnaÕ`·—dY^^Rü¾}$í`^^X
                                                  †Iõ¿vquX^^A—«²«"Œ’IöâRölU...
A funny symbol that I can't read has just been input.
Continue, and I'll forget that it ever happened.

Missing character: There is no † in font nullfont!
Missing character: There is no I in font nullfont!
Missing character: There is no õ in font nullfont!
Missing character: There is no ¿ in font nullfont!
Missing character: There is no v in font nullfont!
Missing character: There is no  in font nullfont!
Missing character: There is no q in font nullfont!
Missing character: There is no u in font nullfont!
Missing character: There is no X in font nullfont!
! Text line contains an invalid character.
l.12 ...c½åö†¦È€ÙnaÕ`·—dY^^Rü¾}$í`^^X†Iõ¿vquX^^A
                                                  —«²«"Œ’IöâRölU ¢'^^TĞÀ^^E3...
A funny symbol that I can't read has just been input.
Continue, and I'll forget that it ever happened.

Missing character: There is no — in font nullfont!
Missing character: There is no « in font nullfont!
Missing character: There is no ² in font nullfont!
Missing character: There is no « in font nullfont!
Missing character: There is no " in font nullfont!
Missing character: There is no Œ in font nullfont!
Missing character: There is no ’ in font nullfont!
Missing character: There is no I in font nullfont!
Missing character: There is no ö in font nullfont!
Missing character: There is no â in font nullfont!
Missing character: There is no R in font nullfont!
Missing character: There is no ö in font nullfont!
Missing character: There is no l in font nullfont!
Missing character: There is no U in font nullfont!
Missing character: There is no ¢ in font nullfont!
Missing character: There is no ' in font nullfont!
! Text line contains an invalid character.
l.12 ...Rü¾}$í`^^X†Iõ¿vquX^^A—«²«"Œ’IöâRölU ¢'^^T
                                                  ĞÀ^^E3€^^W0‡,MfÀ^^Q—q0^^\ ...
A funny symbol that I can't read has just been input.
Continue, and I'll forget that it ever happened.

Missing character: There is no Ğ in font nullfont!
Missing character: There is no À in font nullfont!
! Text line contains an invalid character.
l.12 ...í`^^X†Iõ¿vquX^^A—«²«"Œ’IöâRölU ¢'^^TĞÀ^^E
                                                  3€^^W0‡,MfÀ^^Q—q0^^\ ^^YAĞ...
A funny symbol that I can't read has just been input.
Continue, and I'll forget that it ever happened.

Missing character: There is no 3 in font nullfont!
Missing character: There is no € in font nullfont!
! Text line contains an invalid character.
l.12 ...†Iõ¿vquX^^A—«²«"Œ’IöâRölU ¢'^^TĞÀ^^E3€^^W
                                                  0‡,MfÀ^^Q—q0^^\ ^^YAĞÄÎÖ‘<...
A funny symbol that I can't read has just been input.
Continue, and I'll forget that it ever happened.

Missing character: There is no 0 in font nullfont!
Missing character: There is no ‡ in font nullfont!
Missing character: There is no , in font nullfont!
Missing character: There is no M in font nullfont!
Missing character: There is no f in font nullfont!
Missing character: There is no À in font nullfont!
! Text line contains an invalid character.
l.12 ...^^A—«²«"Œ’IöâRölU ¢'^^TĞÀ^^E3€^^W0‡,MfÀ^^Q
                                                  —q0^^\ ^^YAĞÄÎÖ‘<tY†‚_×n...
A funny symbol that I can't read has just been input.
Continue, and I'll forget that it ever happened.

Missing character: There is no — in font nullfont!
Missing character: There is no q in font nullfont!
Missing character: There is no 0 in font nullfont!
! Text line contains an invalid character.
l.12 ...«"Œ’IöâRölU ¢'^^TĞÀ^^E3€^^W0‡,MfÀ^^Q—q0^^\
                                                   ^^YAĞÄÎÖ‘<tY†‚_×nİ'·=šz...
A funny symbol that I can't read has just been input.
Continue, and I'll forget that it ever happened.

! Text line contains an invalid character.
l.12 ...IöâRölU ¢'^^TĞÀ^^E3€^^W0‡,MfÀ^^Q—q0^^\ ^^Y
                                                  AĞÄÎÖ‘<tY†‚_×nİ'·=šz^^P‚...
A funny symbol that I can't read has just been input.
Continue, and I'll forget that it ever happened.

Missing character: There is no A in font nullfont!
Missing character: There is no Ğ in font nullfont!
Missing character: There is no Ä in font nullfont!
Missing character: There is no Î in font nullfont!
Missing character: There is no Ö in font nullfont!
Missing character: There is no ‘ in font nullfont!
Missing character: There is no < in font nullfont!
Missing character: There is no t in font nullfont!
Missing character: There is no Y in font nullfont!
Missing character: There is no  in font nullfont!
Missing character: There is no † in font nullfont!
Missing character: There is no  in font nullfont!
Missing character: There is no ‚ in font nullfont!
! Missing $ inserted.
<inserted text> 
                $
l.12 ...À^^E3€^^W0‡,MfÀ^^Q—q0^^\ ^^YAĞÄÎÖ‘<tY†‚_
                                                  ×nİ'·=šz^^P‚|?¶^^]JğĞrwìø{...
I've inserted a begin-math/end-math symbol since I think
you left one out. Proceed, with fingers crossed.

! Text line contains an invalid character.
l.12 ...,MfÀ^^Q—q0^^\ ^^YAĞÄÎÖ‘<tY†‚_×nİ'·=šz^^P
                                                  ‚|?¶^^]JğĞrwìø{¨Í:.ñ^±gd^^...
A funny symbol that I can't read has just been input.
Continue, and I'll forget that it ever happened.

! Text line contains an invalid character.
l.12 ...—q0^^\ ^^YAĞÄÎÖ‘<tY†‚_×nİ'·=šz^^P‚|?¶^^]
                                                  JğĞrwìø{¨Í:.ñ^±gd^^TÒ0l€6Á...
A funny symbol that I can't read has just been input.
Continue, and I'll forget that it ever happened.

! Text line contains an invalid character.
l.12 ...†‚_×nİ'·=šz^^P‚|?¶^^]JğĞrwìø{¨Í:.ñ^±gd^^T
                                                  Ò0l€6Á@FD¢"^^Xy¨ïjëYÉVş§¼...
A funny symbol that I can't read has just been input.
Continue, and I'll forget that it ever happened.

! Text line contains an invalid character.
l.12 ...P‚|?¶^^]JğĞrwìø{¨Í:.ñ^±gd^^TÒ0l€6Á@FD¢"^^X
                                                  y¨ïjëYÉVş§¼ït"^^UÈN˜Oİ¢ü^...
A funny symbol that I can't read has just been input.
Continue, and I'll forget that it ever happened.

! Text line contains an invalid character.
l.12 ...:.ñ^±gd^^TÒ0l€6Á@FD¢"^^Xy¨ïjëYÉVş§¼ït"^^U
                                                  ÈN˜Oİ¢ü^^@¹a¬^^RP^^N^^HZ*^...
A funny symbol that I can't read has just been input.
Continue, and I'll forget that it ever happened.

! Text line contains an invalid character.
l.12 ...Ò0l€6Á@FD¢"^^Xy¨ïjëYÉVş§¼ït"^^UÈN˜Oİ¢ü^^@
                                                  ¹a¬^^RP^^N^^HZ*^^V”^^R>tÕH...
A funny symbol that I can't read has just been input.
Continue, and I'll forget that it ever happened.

! Text line contains an invalid character.
l.12 ...@FD¢"^^Xy¨ïjëYÉVş§¼ït"^^UÈN˜Oİ¢ü^^@¹a¬^^R
                                                  P^^N^^HZ*^^V”^^R>tÕHà".#9z...
A funny symbol that I can't read has just been input.
Continue, and I'll forget that it ever happened.

! Text line contains an invalid character.
l.12 ..."^^Xy¨ïjëYÉVş§¼ït"^^UÈN˜Oİ¢ü^^@¹a¬^^RP^^N
                                                  ^^HZ*^^V”^^R>tÕHà".#9z^^TT...
A funny symbol that I can't read has just been input.
Continue, and I'll forget that it ever happened.

! Text line contains an invalid character.
l.12 ...Xy¨ïjëYÉVş§¼ït"^^UÈN˜Oİ¢ü^^@¹a¬^^RP^^N^^H
                                                  Z*^^V”^^R>tÕHà".#9z^^TT¶Å3...
A funny symbol that I can't read has just been input.
Continue, and I'll forget that it ever happened.

! Text line contains an invalid character.
l.12 ...ëYÉVş§¼ït"^^UÈN˜Oİ¢ü^^@¹a¬^^RP^^N^^HZ*^^V
                                                  ”^^R>tÕHà".#9z^^TT¶Å3=^^...
A funny symbol that I can't read has just been input.
Continue, and I'll forget that it ever happened.

! Text line contains an invalid character.
l.12 ...ş§¼ït"^^UÈN˜Oİ¢ü^^@¹a¬^^RP^^N^^HZ*^^V”^^R
                                                  >tÕHà".#9z^^TT¶Å3=^^[Éá#...
A funny symbol that I can't read has just been input.
Continue, and I'll forget that it ever happened.

! You can't use `macro parameter character #' in math mode.
l.12 ...^UÈN˜Oİ¢ü^^@¹a¬^^RP^^N^^HZ*^^V”^^R>tÕHà".#
                                                  9z^^TT¶Å3=^^[Éá#Ÿ®aÈ9¥k4...
Sorry, but I'm not programmed to handle this case;
I'll just pretend that you didn't ask for it.
If you're in the wrong mode, you might be able to
return to the right one by typing `I}' or `I$' or `I\par'.

! Text line contains an invalid character.
l.12 ...Oİ¢ü^^@¹a¬^^RP^^N^^HZ*^^V”^^R>tÕHà".#9z^^T
                                                  T¶Å3=^^[Éá#Ÿ®aÈ9¥k4ao;ÈF...
A funny symbol that I can't read has just been input.
Continue, and I'll forget that it ever happened.

! Text line contains an invalid character.
l.12 ...¹a¬^^RP^^N^^HZ*^^V”^^R>tÕHà".#9z^^TT¶Å3=
                                                  ^^[Éá#Ÿ®aÈ9¥k4ao;ÈF‹”R	@Ó^...
A funny symbol that I can't read has just been input.
Continue, and I'll forget that it ever happened.

! Text line contains an invalid character.
l.12 ...^^RP^^N^^HZ*^^V”^^R>tÕHà".#9z^^TT¶Å3=^^[
                                                  Éá#Ÿ®aÈ9¥k4ao;ÈF‹”R	@Ó^^W´...
A funny symbol that I can't read has just been input.
Continue, and I'll forget that it ever happened.

! You can't use `macro parameter character #' in math mode.
l.12 ...P^^N^^HZ*^^V”^^R>tÕHà".#9z^^TT¶Å3=^^[Éá#
                                                  Ÿ®aÈ9¥k4ao;ÈF‹”R	@Ó^^W´Á4È...
Sorry, but I'm not programmed to handle this case;
I'll just pretend that you didn't ask for it.
If you're in the wrong mode, you might be able to
return to the right one by typing `I}' or `I$' or `I\par'.

! Text line contains an invalid character.
l.12 ....#9z^^TT¶Å3=^^[Éá#Ÿ®aÈ9¥k4ao;ÈF‹”R	@Ó^^W
                                                  ´Á4ÈÁ4Ò^^Z]c…{Í1¬ò¼À¼^^Oã...
A funny symbol that I can't read has just been input.
Continue, and I'll forget that it ever happened.

! Text line contains an invalid character.
l.12 ...=^^[Éá#Ÿ®aÈ9¥k4ao;ÈF‹”R	@Ó^^W´Á4ÈÁ4Ò^^Z
                                                  ]c…{Í1¬ò¼À¼^^Oã|káÍgúäú®m,...
A funny symbol that I can't read has just been input.
Continue, and I'll forget that it ever happened.

! Text line contains an invalid character.
l.12 ...¥k4ao;ÈF‹”R	@Ó^^W´Á4ÈÁ4Ò^^Z]c…{Í1¬ò¼À¼^^O
                                                  ã|káÍgúäú®m,+ÈPv^^Fw{&Z^^E...
A funny symbol that I can't read has just been input.
Continue, and I'll forget that it ever happened.

! Text line contains an invalid character.
l.12 ...4ÈÁ4Ò^^Z]c…{Í1¬ò¼À¼^^Oã|káÍgúäú®m,+ÈPv^^F
                                                  w{&Z^^EVç$¡^^SHƒ{kF+^^]ÃŸ...
A funny symbol that I can't read has just been input.
Continue, and I'll forget that it ever happened.

! Misplaced alignment tab character &.
l.12 ...Á4Ò^^Z]c…{Í1¬ò¼À¼^^Oã|káÍgúäú®m,+ÈPv^^Fw{&
                                                  Z^^EVç$¡^^SHƒ{kF+^^]ÃŸ^^]...
I can't figure out why you would want to use a tab mark
here. If you just want an ampersand, the remedy is
simple: Just type `I\&' now. But if some right brace
up above has ended a previous alignment prematurely,
you're probably due for more error messages, and you
might try typing `S' now just to see what is salvageable.

! Text line contains an invalid character.
l.12 ...^Z]c…{Í1¬ò¼À¼^^Oã|káÍgúäú®m,+ÈPv^^Fw{&Z^^E
                                                  Vç$¡^^SHƒ{kF+^^]ÃŸ^^]èÙv
A funny symbol that I can't read has just been input.
Continue, and I'll forget that it ever happened.

! Missing } inserted.
<inserted text> 
                }
l.12 ...c…{Í1¬ò¼À¼^^Oã|káÍgúäú®m,+ÈPv^^Fw{&Z^^EVç$
                                                  ¡^^SHƒ{kF+^^]ÃŸ^^]èÙv
I've inserted something that you may have forgotten.
(See the <inserted text> above.)
With luck, this will get me unwedged. But if you
really didn't forget anything, try typing `2' now; then
my insertion and my current dilemma will both disappear.

! Missing } inserted.
<inserted text> 
                }
l.12 ...c…{Í1¬ò¼À¼^^Oã|káÍgúäú®m,+ÈPv^^Fw{&Z^^EVç$
                                                  ¡^^SHƒ{kF+^^]ÃŸ^^]èÙv
I've inserted something that you may have forgotten.
(See the <inserted text> above.)
With luck, this will get me unwedged. But if you
really didn't forget anything, try typing `2' now; then
my insertion and my current dilemma will both disappear.

! Missing } inserted.
<inserted text> 
                }
l.12 ...c…{Í1¬ò¼À¼^^Oã|káÍgúäú®m,+ÈPv^^Fw{&Z^^EVç$
                                                  ¡^^SHƒ{kF+^^]ÃŸ^^]èÙv
I've inserted something that you may have forgotten.
(See the <inserted text> above.)
With luck, this will get me unwedged. But if you
really didn't forget anything, try typing `2' now; then
my insertion and my current dilemma will both disappear.

Missing character: There is no × in font cmr7!
Missing character: There is no İ in font cmr10!
Missing character: There is no · in font cmr10!
Missing character: There is no š in font cmr10!
Missing character: There is no ‚ in font cmr10!
Missing character: There is no ¶ in font cmr10!
Missing character: There is no ğ in font cmr10!
Missing character: There is no Ğ in font cmr10!
Missing character: There is no ì in font cmr10!
Missing character: There is no ø in font cmr10!
Missing character: There is no ¨ in font cmr10!
Missing character: There is no Í in font cmr10!
Missing character: There is no ñ in font cmr10!
Missing character: There is no ± in font cmr7!
Missing character: There is no Ò in font cmr10!
Missing character: There is no € in font cmr10!
Missing character: There is no Á in font cmr10!
Missing character: There is no ¢ in font cmr10!
Missing character: There is no ¨ in font cmr10!
Missing character: There is no ï in font cmr10!
Missing character: There is no ë in font cmr10!
Missing character: There is no É in font cmr10!
Missing character: There is no ş in font cmr10!
Missing character: There is no  in font cmr10!
Missing character: There is no § in font cmr10!
Missing character: There is no ¼ in font cmr10!
Missing character: There is no ï in font cmr10!
Missing character: There is no È in font cmr10!
Missing character: There is no ˜ in font cmr10!
Missing character: There is no İ in font cmr10!
Missing character: There is no ¢ in font cmr10!
Missing character: There is no ü in font cmr10!
Missing character: There is no ¹ in font cmr10!
Missing character: There is no ¬ in font cmr10!
Missing character: There is no ” in font cmr10!
Missing character: There is no Õ in font cmr10!
Missing character: There is no à in font cmr10!
Missing character: There is no ¶ in font cmr10!
Missing character: There is no Å in font cmr10!
Missing character: There is no  in font cmr10!
Missing character: There is no É in font cmr10!
Missing character: There is no á in font cmr10!
Missing character: There is no Ÿ in font cmr10!
Missing character: There is no ® in font cmr10!
Missing character: There is no È in font cmr10!
Missing character: There is no ¥ in font cmr10!
Missing character: There is no È in font cmr10!
Missing character: There is no ‹ in font cmr10!
Missing character: There is no ” in font cmr10!
Missing character: There is no Ó in font cmr10!
Missing character: There is no ´ in font cmr10!
Missing character: There is no Á in font cmr10!
Missing character: There is no È in font cmr10!
Missing character: There is no  in font cmr10!
Missing character: There is no Á in font cmr10!
Missing character: There is no Ò in font cmr10!
Missing character: There is no … in font cmr10!
Missing character: There is no Í in font cmr10!
Missing character: There is no ¬ in font cmr10!
Missing character: There is no ò in font cmr10!
Missing character: There is no ¼ in font cmr10!
Missing character: There is no À in font cmr10!
Missing character: There is no ¼ in font cmr10!
Missing character: There is no ã in font cmr10!
Missing character: There is no á in font cmr10!
Missing character: There is no Í in font cmr10!
Missing character: There is no ú in font cmr10!
Missing character: There is no ä in font cmr10!
Missing character: There is no ú in font cmr10!
Missing character: There is no ® in font cmr10!
Missing character: There is no È in font cmr10!
Missing character: There is no ç in font cmr10!
Missing character: There is no ¡ in font nullfont!
Missing character: There is no  in font nullfont!
! Text line contains an invalid character.
l.12 ...¬ò¼À¼^^Oã|káÍgúäú®m,+ÈPv^^Fw{&Z^^EVç$¡^^S
                                                  Hƒ{kF+^^]ÃŸ^^]èÙv
A funny symbol that I can't read has just been input.
Continue, and I'll forget that it ever happened.

Missing character: There is no H in font nullfont!
Missing character: There is no ƒ in font nullfont!
Missing character: There is no k in font nullfont!
Missing character: There is no F in font nullfont!
Missing character: There is no + in font nullfont!
! Text line contains an invalid character.
l.12 ...|káÍgúäú®m,+ÈPv^^Fw{&Z^^EVç$¡^^SHƒ{kF+^^]
                                                  ÃŸ^^]èÙv
A funny symbol that I can't read has just been input.
Continue, and I'll forget that it ever happened.

Missing character: There is no Ã in font nullfont!
Missing character: There is no Ÿ in font nullfont!
! Text line contains an invalid character.
l.12 ...úäú®m,+ÈPv^^Fw{&Z^^EVç$¡^^SHƒ{kF+^^]ÃŸ^^]
                                                  èÙv
A funny symbol that I can't read has just been input.
Continue, and I'll forget that it ever happened.

Missing character: There is no è in font nullfont!
Missing character: There is no Ù in font nullfont!
Missing character: There is no v in font nullfont!
Missing character: There is no  in font nullfont!
! Text line contains an invalid character.
l.13 ^^_
        ö®bRÓ
A funny symbol that I can't read has just been input.
Continue, and I'll forget that it ever happened.

Missing character: There is no ö in font nullfont!
Missing character: There is no ® in font nullfont!
Missing character: There is no b in font nullfont!
Missing character: There is no R in font nullfont!
Missing character: There is no Ó in font nullfont!
Missing character: There is no Æ in font nullfont!
Missing character: There is no · in font nullfont!
Missing character: There is no I in font nullfont!
Missing character: There is no • in font nullfont!
Missing character: There is no ğ in font nullfont!
Missing character: There is no … in font nullfont!
Missing character: There is no t in font nullfont!
! Text line contains an invalid character.
l.14 Æ·I•ğ…t^^[
               U9K·‘
A funny symbol that I can't read has just been input.
Continue, and I'll forget that it ever happened.

Missing character: There is no U in font nullfont!
Missing character: There is no 9 in font nullfont!
Missing character: There is no K in font nullfont!
Missing character: There is no · in font nullfont!
Missing character: There is no ‘ in font nullfont!
! Text line contains an invalid character.
l.15 ^^A
        ‘4^^FC}^^@àµLg9‘#X)¬Û é»^^V#dœ$Á–¼ßÑ–`Hçœ^^FK©:çÛ—^^R1^^Càîlk^^Y^...
A funny symbol that I can't read has just been input.
Continue, and I'll forget that it ever happened.

Missing character: There is no ‘ in font nullfont!
Missing character: There is no  in font nullfont!
Missing character: There is no 4 in font nullfont!
! Text line contains an invalid character.
l.15 ^^A‘4^^F
              C}^^@àµLg9‘#X)¬Û é»^^V#dœ$Á–¼ßÑ–`Hçœ^^FK©:çÛ—^^R1^^Càîlk^^Y^...
A funny symbol that I can't read has just been input.
Continue, and I'll forget that it ever happened.

Missing character: There is no C in font nullfont!
! Text line contains an invalid character.
l.15 ^^A‘4^^FC}^^@
                   àµLg9‘#X)¬Û é»^^V#dœ$Á–¼ßÑ–`Hçœ^^FK©:çÛ—^^R1^^Càîlk^^Y^...
A funny symbol that I can't read has just been input.
Continue, and I'll forget that it ever happened.

Missing character: There is no à in font nullfont!
Missing character: There is no µ in font nullfont!
Missing character: There is no L in font nullfont!
Missing character: There is no g in font nullfont!
Missing character: There is no 9 in font nullfont!
Missing character: There is no ‘ in font nullfont!
! You can't use `macro parameter character #' in horizontal mode.
l.15 ^^A‘4^^FC}^^@àµLg9‘#
                          X)¬Û é»^^V#dœ$Á–¼ßÑ–`Hçœ^^FK©:çÛ—^^R1^^Càîlk^^Y^...
Sorry, but I'm not programmed to handle this case;
I'll just pretend that you didn't ask for it.
If you're in the wrong mode, you might be able to
return to the right one by typing `I}' or `I$' or `I\par'.

Missing character: There is no X in font nullfont!
Missing character: There is no ) in font nullfont!
Missing character: There is no ¬ in font nullfont!
Missing character: There is no Û in font nullfont!
Missing character: There is no   in font nullfont!
Missing character: There is no é in font nullfont!
Missing character: There is no » in font nullfont!
! Text line contains an invalid character.
l.15 ^^A‘4^^FC}^^@àµLg9‘#X)¬Û é»^^V
                                    #dœ$Á–¼ßÑ–`Hçœ^^FK©:çÛ—^^R1^^Càîlk^^Y^...
A funny symbol that I can't read has just been input.
Continue, and I'll forget that it ever happened.

! You can't use `macro parameter character #' in horizontal mode.
l.15 ^^A‘4^^FC}^^@àµLg9‘#X)¬Û é»^^V#
                                     dœ$Á–¼ßÑ–`Hçœ^^FK©:çÛ—^^R1^^Càîlk^^Y^...
Sorry, but I'm not programmed to handle this case;
I'll just pretend that you didn't ask for it.
If you're in the wrong mode, you might be able to
return to the right one by typing `I}' or `I$' or `I\par'.

Missing character: There is no d in font nullfont!
Missing character: There is no œ in font nullfont!
! Text line contains an invalid character.
l.15 ...^^FC}^^@àµLg9‘#X)¬Û é»^^V#dœ$Á–¼ßÑ–`Hçœ^^F
                                                  K©:çÛ—^^R1^^Càîlk^^Y^^?...
A funny symbol that I can't read has just been input.
Continue, and I'll forget that it ever happened.

! Text line contains an invalid character.
l.15 ...µLg9‘#X)¬Û é»^^V#dœ$Á–¼ßÑ–`Hçœ^^FK©:çÛ—^^R
                                                  1^^Càîlk^^Y^^?tÊöÅ}Ç^^Z...
A funny symbol that I can't read has just been input.
Continue, and I'll forget that it ever happened.

! Text line contains an invalid character.
l.15 ...#X)¬Û é»^^V#dœ$Á–¼ßÑ–`Hçœ^^FK©:çÛ—^^R1^^C
                                                  àîlk^^Y^^?tÊöÅ}Ç^^Z±½©F¸...
A funny symbol that I can't read has just been input.
Continue, and I'll forget that it ever happened.

! Text line contains an invalid character.
l.15 ...»^^V#dœ$Á–¼ßÑ–`Hçœ^^FK©:çÛ—^^R1^^Càîlk^^Y
                                                  ^^?tÊöÅ}Ç^^Z±½©F¸‚LE^^@á...
A funny symbol that I can't read has just been input.
Continue, and I'll forget that it ever happened.

! Text line contains an invalid character.
l.15 ...#dœ$Á–¼ßÑ–`Hçœ^^FK©:çÛ—^^R1^^Càîlk^^Y^^?
                                                  tÊöÅ}Ç^^Z±½©F¸‚LE^^@á#xÛn...
A funny symbol that I can't read has just been input.
Continue, and I'll forget that it ever happened.

! Extra }, or forgotten $.
l.15 ...¼ßÑ–`Hçœ^^FK©:çÛ—^^R1^^Càîlk^^Y^^?tÊöÅ}
                                                  Ç^^Z±½©F¸‚LE^^@á#xÛnÏ^^Sèp...
I've deleted a group-closing symbol because it seems to be
spurious, as in `$x}$'. But perhaps the } is legitimate and
you forgot something else, as in `\hbox{$x}'. In such cases
the way to recover is to insert both the forgotten and the
deleted material, e.g., by typing `I$}'.

! Text line contains an invalid character.
l.15 ...`Hçœ^^FK©:çÛ—^^R1^^Càîlk^^Y^^?tÊöÅ}Ç^^Z
                                                  ±½©F¸‚LE^^@á#xÛnÏ^^Sèp¸‡^^...
A funny symbol that I can't read has just been input.
Continue, and I'll forget that it ever happened.

! Text line contains an invalid character.
l.15 ...Û—^^R1^^Càîlk^^Y^^?tÊöÅ}Ç^^Z±½©F¸‚LE^^@
                                                  á#xÛnÏ^^Sèp¸‡^^X3œ^^Amì^^...
A funny symbol that I can't read has just been input.
Continue, and I'll forget that it ever happened.

! You can't use `macro parameter character #' in math mode.
l.15 ...^^R1^^Càîlk^^Y^^?tÊöÅ}Ç^^Z±½©F¸‚LE^^@á#
                                                  xÛnÏ^^Sèp¸‡^^X3œ^^Amì^^YÉ...
Sorry, but I'm not programmed to handle this case;
I'll just pretend that you didn't ask for it.
If you're in the wrong mode, you might be able to
return to the right one by typing `I}' or `I$' or `I\par'.

! Text line contains an invalid character.
l.15 ...Càîlk^^Y^^?tÊöÅ}Ç^^Z±½©F¸‚LE^^@á#xÛnÏ^^S
                                                  èp¸‡^^X3œ^^Amì^^YÉ^^Düğ=³...
A funny symbol that I can't read has just been input.
Continue, and I'll forget that it ever happened.

! Text line contains an invalid character.
l.15 ...Y^^?tÊöÅ}Ç^^Z±½©F¸‚LE^^@á#xÛnÏ^^Sèp¸‡^^X
                                                  3œ^^Amì^^YÉ^^Düğ=³g\ø¡GÏ¦...
A funny symbol that I can't read has just been input.
Continue, and I'll forget that it ever happened.

! Text line contains an invalid character.
l.15 ...tÊöÅ}Ç^^Z±½©F¸‚LE^^@á#xÛnÏ^^Sèp¸‡^^X3œ^^A
                                                  mì^^YÉ^^Düğ=³g\ø¡GÏ¦•]Kµ^...
A funny symbol that I can't read has just been input.
Continue, and I'll forget that it ever happened.

! Text line contains an invalid character.
l.15 ...Ç^^Z±½©F¸‚LE^^@á#xÛnÏ^^Sèp¸‡^^X3œ^^Amì^^Y
                                                  É^^Düğ=³g\ø¡GÏ¦•]Kµ^^AîÖ1©...
(That makes 100 errors; please try again.) 
Here is how much of TeX's memory you used:
 7 strings out of 493014
 143 string characters out of 6133351
 54601 words of memory out of 5000000
 3650 multiletter control sequences out of 15000+600000
 3640 words of font info for 14 fonts, out of 8000000 for 9000
 1141 hyphenation exceptions out of 8191
 18i,4n,12p,365b,58s stack positions out of 5000i,500n,10000p,200000b,80000s

!  ==> Fatal error occurred, no output PDF file produced!
