This is pdfTeX, Version 3.14159265-2.6-1.40.17 (TeX Live 2016) (preloaded format=pdflatex 2016.5.22)  12 JAN 2018 14:38
entering extended mode
 restricted \write18 enabled.
 %&-line parsing enabled.
**msv10.tex
(./msv10.tex
LaTeX2e <2016/03/31>
Babel <3.9r> and hyphenation patterns for 83 language(s) loaded.
(/usr/local/texlive/2016/texmf-dist/tex/latex/lineno/lineno.sty
Package: lineno 2005/11/02 line numbers on paragraphs v4.41
\linenopenalty=\count79
\output=\toks14
\linenoprevgraf=\count80
\linenumbersep=\dimen102
\linenumberwidth=\dimen103
\c@linenumber=\count81
\c@pagewiselinenumber=\count82
\c@LN@truepage=\count83
\c@internallinenumber=\count84
\c@internallinenumbers=\count85
\quotelinenumbersep=\dimen104
\bframerule=\dimen105
\bframesep=\dimen106
\bframebox=\box26
LaTeX Info: Redefining \\ on input line 3056.
)
(/usr/local/texlive/2016/texmf-dist/tex/latex/revtex4/revtex4.cls
Document Class: revtex4 2001/08/02 v4.0 (http://publish.aps.org/revtex4/ for do
cumentation)
 Copyright (c) 2001 The American Physical Society.
 mailto:revtex@aps.org
 Licensed under the LPPL:
http://www.ctan.org/tex-archive/macros/latex/base/lppl.txt
 Arthur Ogawa <ogawa@teleport.com>
 Based on work by David Carlisle <david@dcarlisle.demon.co.uk>.
ltxutil: portions licensed from W. E. Baxter (web@superscript.com)
Class revtex4 Info: Repairing broken LateX \@sect on input line 596.
\intertabularlinepenalty=\count86
\@tbpen=\count87
\@arstrutbox@hline=\box27
Class revtex4 Info: Repairing broken LaTeX \@xbitor on input line 1610.
ltxgrid: portions licensed from W. E. Baxter (web@superscript.com)
\c@linecount=\count88
\output=\toks15
\@protection@box=\box28
\@topmark@saved=\toks16
\footins@saved=\box29
\pagesofar=\box30
\footbox=\box31
\pagegrid@col=\count89
Class revtex4 Info: Incorporating package {textcase}  [1998/11/12 v0.06 Text on
ly upper/lower case changing (DPC)]. on input line 3682.
(/usr/local/texlive/2016/texmf-dist/tex/latex/url/url.sty
\Urlmuskip=\muskip10
Package: url 2013/09/16  ver 3.4  Verb mode for urls, etc.
)
\c@affil=\count90
\absbox=\box32
\c@part=\count91
\c@section=\count92
\c@subsection=\count93
\c@subsubsection=\count94
\c@paragraph=\count95
\c@subparagraph=\count96
\abovecaptionskip=\skip41
\belowcaptionskip=\skip42
\c@figure=\count97
\c@table=\count98

(/usr/local/texlive/2016/texmf-dist/tex/latex/natbib/natbib.sty
Package: natbib 2010/09/13 8.31b (PWD, AO)
\bibhang=\skip43
\bibsep=\skip44
LaTeX Info: Redefining \cite on input line 694.
\c@NAT@ctr=\count99
)
\widetext@top=\box33
\widetext@bot=\box34

(/usr/local/texlive/2016/texmf-dist/tex/latex/revtex4/revsymb.sty
Package: revsymb 2001/08/02 v4.0 (http://publish.aps.org/revtex4/ for documenta
tion)
LaTeX Info: Redefining \REV@mathfrak on input line 118.
))

Class revtex4 Warning: No Society specified, using generic APS style.

(/usr/local/texlive/2016/texmf-dist/tex/latex/revtex4/aps.rtx
File: aps.rtx 2001/08/02 v4.0 (http://publish.aps.org/revtex4/ for documentatio
n)
)
(/usr/local/texlive/2016/texmf-dist/tex/latex/revtex4/10pt.rtx
File: 10pt.rtx 2001/08/02 v4.0 (http://publish.aps.org/revtex4/ for documentati
on)
)
(/usr/local/texlive/2016/texmf-dist/tex/latex/amsmath/amsmath.sty
Package: amsmath 2016/03/10 v2.15b AMS math features
\@mathmargin=\skip45

For additional information on amsmath, use the `?' option.
(/usr/local/texlive/2016/texmf-dist/tex/latex/amsmath/amstext.sty
Package: amstext 2000/06/29 v2.01 AMS text

(/usr/local/texlive/2016/texmf-dist/tex/latex/amsmath/amsgen.sty
File: amsgen.sty 1999/11/30 v2.0 generic functions
\@emptytoks=\toks17
\ex@=\dimen107
))
(/usr/local/texlive/2016/texmf-dist/tex/latex/amsmath/amsbsy.sty
Package: amsbsy 1999/11/29 v1.2d Bold Symbols
\pmbraise@=\dimen108
)
(/usr/local/texlive/2016/texmf-dist/tex/latex/amsmath/amsopn.sty
Package: amsopn 2016/03/08 v2.02 operator names
)
\inf@bad=\count100
LaTeX Info: Redefining \frac on input line 199.
\uproot@=\count101
\leftroot@=\count102
LaTeX Info: Redefining \overline on input line 297.
\classnum@=\count103
\DOTSCASE@=\count104
LaTeX Info: Redefining \ldots on input line 394.
LaTeX Info: Redefining \dots on input line 397.
LaTeX Info: Redefining \cdots on input line 518.
\Mathstrutbox@=\box35
\strutbox@=\box36
\big@size=\dimen109
LaTeX Font Info:    Redeclaring font encoding OML on input line 634.
LaTeX Font Info:    Redeclaring font encoding OMS on input line 635.
\macc@depth=\count105
\c@MaxMatrixCols=\count106
\dotsspace@=\muskip11
\c@parentequation=\count107
\dspbrk@lvl=\count108
\tag@help=\toks18
\row@=\count109
\column@=\count110
\maxfields@=\count111
\andhelp@=\toks19
\eqnshift@=\dimen110
\alignsep@=\dimen111
\tagshift@=\dimen112
\tagwidth@=\dimen113
\totwidth@=\dimen114
\lineht@=\dimen115
\@envbody=\toks20
\multlinegap=\skip46
\multlinetaggap=\skip47
\mathdisplay@stack=\toks21
LaTeX Info: Redefining \[ on input line 2739.
LaTeX Info: Redefining \] on input line 2740.
)
(/usr/local/texlive/2016/texmf-dist/tex/latex/amsfonts/amsfonts.sty
Package: amsfonts 2013/01/14 v3.01 Basic AMSFonts support
\symAMSa=\mathgroup4
\symAMSb=\mathgroup5
LaTeX Font Info:    Overwriting math alphabet `\mathfrak' in version `bold'
(Font)                  U/euf/m/n --> U/euf/b/n on input line 106.
LaTeX Info: Redefining \frak on input line 111.
LaTeX Info: Redefining \Bbb on input line 113.
)
(/usr/local/texlive/2016/texmf-dist/tex/latex/amsfonts/amssymb.sty
Package: amssymb 2013/01/14 v3.01 AMS font symbols
)
(/usr/local/texlive/2016/texmf-dist/tex/generic/babel/babel.sty
Package: babel 2016/04/23 3.9r The Babel package

(/usr/local/texlive/2016/texmf-dist/tex/generic/babel-english/english.ldf
Language: english 2012/08/20 v3.3p English support from the babel system

(/usr/local/texlive/2016/texmf-dist/tex/generic/babel/babel.def
File: babel.def 2016/04/23 3.9r Babel common definitions
\babel@savecnt=\count112
\U@D=\dimen116
)
\l@canadian = a dialect from \language\l@american 
\l@australian = a dialect from \language\l@british 
\l@newzealand = a dialect from \language\l@british 
))
(/usr/local/texlive/2016/texmf-dist/tex/latex/base/inputenc.sty
Package: inputenc 2015/03/17 v1.2c Input encoding file
\inpenc@prehook=\toks22
\inpenc@posthook=\toks23

(/usr/local/texlive/2016/texmf-dist/tex/latex/base/latin1.def
File: latin1.def 2015/03/17 v1.2c Input encoding file
))
(/usr/local/texlive/2016/texmf-dist/tex/latex/base/fontenc.sty
Package: fontenc 2005/09/27 v1.99g Standard LaTeX package

(/usr/local/texlive/2016/texmf-dist/tex/latex/base/t1enc.def
File: t1enc.def 2005/09/27 v1.99g Standard LaTeX file
LaTeX Font Info:    Redeclaring font encoding T1 on input line 48.
))
(/usr/local/texlive/2016/texmf-dist/tex/latex/graphics/color.sty
Package: color 2016/05/09 v1.1c Standard LaTeX Color (DPC)

(/usr/local/texlive/2016/texmf-dist/tex/latex/graphics-cfg/color.cfg
File: color.cfg 2016/01/02 v1.6 sample color configuration
)
Package color Info: Driver file: pdftex.def on input line 144.

(/usr/local/texlive/2016/texmf-dist/tex/latex/pdftex-def/pdftex.def
File: pdftex.def 2011/05/27 v0.06d Graphics/color for pdfTeX

(/usr/local/texlive/2016/texmf-dist/tex/generic/oberdiek/infwarerr.sty
Package: infwarerr 2016/05/16 v1.4 Providing info/warning/error messages (HO)
)
(/usr/local/texlive/2016/texmf-dist/tex/generic/oberdiek/ltxcmds.sty
Package: ltxcmds 2016/05/16 v1.23 LaTeX kernel commands for general use (HO)
)
\Gread@gobject=\count113
))
(/usr/local/texlive/2016/texmf-dist/tex/latex/float/float.sty
Package: float 2001/11/08 v1.3d Float enhancements (AL)
\c@float@type=\count114
\float@exts=\toks24
\float@box=\box37
\@float@everytoks=\toks25
\@floatcapt=\box38
)
(/usr/local/texlive/2016/texmf-dist/tex/latex/tools/verbatim.sty
Package: verbatim 2014/10/28 v1.5q LaTeX2e package for verbatim enhancements
\every@verbatim=\toks26
\verbatim@line=\toks27
\verbatim@in@stream=\read1
)
(/usr/local/texlive/2016/texmf-dist/tex/latex/graphics/graphicx.sty
Package: graphicx 2014/10/28 v1.0g Enhanced LaTeX Graphics (DPC,SPQR)

(/usr/local/texlive/2016/texmf-dist/tex/latex/graphics/keyval.sty
Package: keyval 2014/10/28 v1.15 key=value parser (DPC)
\KV@toks@=\toks28
)
(/usr/local/texlive/2016/texmf-dist/tex/latex/graphics/graphics.sty
Package: graphics 2016/05/09 v1.0r Standard LaTeX Graphics (DPC,SPQR)

(/usr/local/texlive/2016/texmf-dist/tex/latex/graphics/trig.sty
Package: trig 2016/01/03 v1.10 sin cos tan (DPC)
)
(/usr/local/texlive/2016/texmf-dist/tex/latex/graphics-cfg/graphics.cfg
File: graphics.cfg 2016/01/02 v1.10 sample graphics configuration
)
Package graphics Info: Driver file: pdftex.def on input line 96.
)
\Gin@req@height=\dimen117
\Gin@req@width=\dimen118
)
(/usr/local/texlive/2016/texmf-dist/tex/latex/tools/bm.sty
Package: bm 2016/02/27 v1.2a Bold Symbol Support (DPC/FMi)
\symboldoperators=\mathgroup6
\symboldletters=\mathgroup7
\symboldsymbols=\mathgroup8
LaTeX Font Info:    Redeclaring math alphabet \mathbf on input line 142.
LaTeX Info: Redefining \bm on input line 208.
)
(/usr/local/texlive/2016/texmf-dist/tex/latex/mathtools/mathtools.sty
Package: mathtools 2015/11/12 v1.18 mathematical typesetting tools

(/usr/local/texlive/2016/texmf-dist/tex/latex/tools/calc.sty
Package: calc 2014/10/28 v4.3 Infix arithmetic (KKT,FJ)
\calc@Acount=\count115
\calc@Bcount=\count116
\calc@Adimen=\dimen119
\calc@Bdimen=\dimen120
\calc@Askip=\skip48
\calc@Bskip=\skip49
LaTeX Info: Redefining \setlength on input line 80.
LaTeX Info: Redefining \addtolength on input line 81.
\calc@Ccount=\count117
\calc@Cskip=\skip50
)
(/usr/local/texlive/2016/texmf-dist/tex/latex/mathtools/mhsetup.sty
Package: mhsetup 2010/01/21 v1.2a programming setup (MH)
)
LaTeX Info: Thecontrolsequence`\('isalreadyrobust on input line 129.
LaTeX Info: Thecontrolsequence`\)'isalreadyrobust on input line 129.
LaTeX Info: Thecontrolsequence`\['isalreadyrobust on input line 129.
LaTeX Info: Thecontrolsequence`\]'isalreadyrobust on input line 129.
\g_MT_multlinerow_int=\count118
\l_MT_multwidth_dim=\dimen121
\origjot=\skip51
\l_MT_shortvdotswithinadjustabove_dim=\dimen122
\l_MT_shortvdotswithinadjustbelow_dim=\dimen123
\l_MT_above_intertext_sep=\dimen124
\l_MT_below_intertext_sep=\dimen125
\l_MT_above_shortintertext_sep=\dimen126
\l_MT_below_shortintertext_sep=\dimen127
)
(/usr/local/texlive/2016/texmf-dist/tex/latex/stmaryrd/stmaryrd.sty
Package: stmaryrd 1994/03/03 St Mary's Road symbol package
\symstmry=\mathgroup9
LaTeX Font Info:    Overwriting symbol font `stmry' in version `bold'
(Font)                  U/stmry/m/n --> U/stmry/b/n on input line 89.
)
(/usr/local/texlive/2016/texmf-dist/tex/latex/anyfontsize/anyfontsize.sty
Package: anyfontsize 2007/11/22 anyfontsize.sty by pts
)
(/usr/local/texlive/2016/texmf-dist/tex/latex/caption/caption.sty
Package: caption 2016/02/21 v3.3-144 Customizing captions (AR)

(/usr/local/texlive/2016/texmf-dist/tex/latex/caption/caption3.sty
Package: caption3 2016/02/04 v1.7-139 caption3 kernel (AR)
Package caption3 Info: TeX engine: e-TeX on input line 67.
\captionmargin=\dimen128
\captionmargin@=\dimen129
\captionwidth=\dimen130
\caption@tempdima=\dimen131
\caption@indent=\dimen132
\caption@parindent=\dimen133
\caption@hangindent=\dimen134
Package caption Info: Unknown document class (or package),
(caption)             standard defaults will be used.
)

Package caption Warning: Unsupported document class (or package) detected,
(caption)                usage of the caption package is not recommended.
See the caption package documentation for explanation.

Package caption Info: \@makecaption = \long macro:#1#2->\par \vskip \abovecapti
onskip \begingroup \small \rmfamily \sbox \@tempboxa {\let \\\heading@cr #1: #2
}\@ifdim {\wd \@tempboxa >\hsize }{\begingroup \samepage \flushing \let \footno
te \@footnotemark@gobble #1: #2\par \endgroup }{\global \@minipagefalse \hb@xt@
 \hsize {\hfil \unhbox \@tempboxa \hfil }}\endgroup \vskip \belowcaptionskip .
\c@ContinuedFloat=\count119
Package caption Info: float package is loaded.
) (/usr/local/texlive/2016/texmf-dist/tex/latex/caption/subcaption.sty
Package: subcaption 2016/02/20 v1.1-142 Sub-captions (AR)
\c@subfigure=\count120
\c@subtable=\count121
)
No file msv10.aux.
\openout1 = `msv10.aux'.

LaTeX Font Info:    Checking defaults for OML/cmm/m/it on input line 64.
LaTeX Font Info:    ... okay on input line 64.
LaTeX Font Info:    Checking defaults for T1/cmr/m/n on input line 64.
LaTeX Font Info:    ... okay on input line 64.
LaTeX Font Info:    Checking defaults for OT1/cmr/m/n on input line 64.
LaTeX Font Info:    ... okay on input line 64.
LaTeX Font Info:    Checking defaults for OMS/cmsy/m/n on input line 64.
LaTeX Font Info:    ... okay on input line 64.
LaTeX Font Info:    Checking defaults for OMX/cmex/m/n on input line 64.
LaTeX Font Info:    ... okay on input line 64.
LaTeX Font Info:    Checking defaults for U/cmr/m/n on input line 64.
LaTeX Font Info:    ... okay on input line 64.
Class revtex4 Info: Patching LaTeX tabular. on input line 64.
Class revtex4 Info: cite was not loaded (OK!) on input line 64.
Class revtex4 Info: multicol was not loaded (OK!) on input line 64.
(/usr/local/texlive/2016/texmf-dist/tex/context/base/mkii/supp-pdf.mkii
[Loading MPS to PDF converter (version 2006.09.02).]
\scratchcounter=\count122
\scratchdimen=\dimen135
\scratchbox=\box39
\nofMPsegments=\count123
\nofMParguments=\count124
\everyMPshowfont=\toks29
\MPscratchCnt=\count125
\MPscratchDim=\dimen136
\MPnumerator=\count126
\makeMPintoPDFobject=\count127
\everyMPtoPDFconversion=\toks30
) (/usr/local/texlive/2016/texmf-dist/tex/generic/oberdiek/pdftexcmds.sty
Package: pdftexcmds 2016/05/10 v0.21 Utility functions of pdfTeX for LuaTeX (HO
)

(/usr/local/texlive/2016/texmf-dist/tex/generic/oberdiek/ifluatex.sty
Package: ifluatex 2016/05/16 v1.4 Provides the ifluatex switch (HO)
Package ifluatex Info: LuaTeX not detected.
)
(/usr/local/texlive/2016/texmf-dist/tex/generic/oberdiek/ifpdf.sty
Package: ifpdf 2016/05/14 v3.1 Provides the ifpdf switch
)
Package pdftexcmds Info: LuaTeX not detected.
Package pdftexcmds Info: \pdf@primitive is available.
Package pdftexcmds Info: \pdf@ifprimitive is available.
Package pdftexcmds Info: \pdfdraftmode found.
)
(/usr/local/texlive/2016/texmf-dist/tex/latex/oberdiek/epstopdf-base.sty
Package: epstopdf-base 2016/05/15 v2.6 Base part for package epstopdf

(/usr/local/texlive/2016/texmf-dist/tex/latex/oberdiek/grfext.sty
Package: grfext 2016/05/16 v1.2 Manage graphics extensions (HO)

(/usr/local/texlive/2016/texmf-dist/tex/generic/oberdiek/kvdefinekeys.sty
Package: kvdefinekeys 2016/05/16 v1.4 Define keys (HO)
))
(/usr/local/texlive/2016/texmf-dist/tex/latex/oberdiek/kvoptions.sty
Package: kvoptions 2016/05/16 v3.12 Key value format for package options (HO)

(/usr/local/texlive/2016/texmf-dist/tex/generic/oberdiek/kvsetkeys.sty
Package: kvsetkeys 2016/05/16 v1.17 Key value parser (HO)

(/usr/local/texlive/2016/texmf-dist/tex/generic/oberdiek/etexcmds.sty
Package: etexcmds 2016/05/16 v1.6 Avoid name clashes with e-TeX commands (HO)
Package etexcmds Info: Could not find \expanded.
(etexcmds)             That can mean that you are not using pdfTeX 1.50 or
(etexcmds)             that some package has redefined \expanded.
(etexcmds)             In the latter case, load this package earlier.
)))
Package grfext Info: Graphics extension search list:
(grfext)             [.png,.pdf,.jpg,.mps,.jpeg,.jbig2,.jb2,.PNG,.PDF,.JPG,.JPE
G,.JBIG2,.JB2,.eps]
(grfext)             \AppendGraphicsExtensions on input line 456.

(/usr/local/texlive/2016/texmf-dist/tex/latex/latexconfig/epstopdf-sys.cfg
File: epstopdf-sys.cfg 2010/07/13 v1.3 Configuration of (r)epstopdf for TeX Liv
e
))
Package caption Info: Begin \AtBeginDocument code.
Package caption Info: Incompatible package detected (regarding \caption).
(caption)             \caption = macro:->\minipagefootnote@here \ifx \@captype 
\@undefined \@latex@error {\noexpand \caption outside float}\@ehd \expandafter 
\@gobble \else \refstepcounter \@captype \let \@tempf \@caption \expandafter \i
fx \csname @float@c@\@captype \endcsname \relax \else \expandafter \expandafter
 \let \expandafter \@tempf \csname @float@c@\@captype \endcsname \fi \fi \@dbla
rg {\@tempf \@captype }.


Package caption Warning: Forced redefinition of \caption since the
(caption)                unsupported(!) package option `compatibility=false'
(caption)                was given.
See the caption package documentation for explanation.

Package caption Info: End \AtBeginDocument code.

Class revtex4 Warning: Assuming \noaffiliation for  Justin D. Yeakel${}^{1,2,*}
$, Jean P. Gibert${}^{1}$, Thilo Gross${}^3$, Peter A. H. Westley${}^{4}$, \& J
onathan W. Moore${}^{5}$ \\ ${}^1$School of Natural Sciences, University of Cal
ifornia, Merced, Merced CA, USA \\ ${}^2$The Santa Fe Institute, Santa Fe NM, U
SA \\ ${}^3$University of Bristol, Bristol, UK\\ ${}^4$College of Fisheries and
 Ocean Sciences, University of Alaska, Fairbanks, Fairbanks AK, USA \\ ${}^5$Ea
rth${}_2$Oceans Research Group, Simon Fraser University, Burnaby BC, Canada \\ 
${}^*$To whom correspondence should be addressed: jdyeakel@gmail.com .

LaTeX Font Info:    Try loading font information for T1+cmss on input line 92.
(/usr/local/texlive/2016/texmf-dist/tex/latex/base/t1cmss.fd
File: t1cmss.fd 2014/09/29 v2.5h Standard LaTeX font definitions
)
LaTeX Font Info:    Try loading font information for U+msa on input line 92.

(/usr/local/texlive/2016/texmf-dist/tex/latex/amsfonts/umsa.fd
File: umsa.fd 2013/01/14 v3.01 AMS symbols A
)
LaTeX Font Info:    Try loading font information for U+msb on input line 92.

(/usr/local/texlive/2016/texmf-dist/tex/latex/amsfonts/umsb.fd
File: umsb.fd 2013/01/14 v3.01 AMS symbols B
)
LaTeX Font Info:    Try loading font information for U+stmry on input line 92.

(/usr/local/texlive/2016/texmf-dist/tex/latex/stmaryrd/Ustmry.fd)
Underfull \hbox (badness 10000) in paragraph at lines 96--98

 []


Package natbib Warning: Citation `Brown:1977gk' on page 1 undefined on input li
ne 105.


Package natbib Warning: Citation `Earn:2000fm' on page 1 undefined on input lin
e 105.


Package natbib Warning: Citation `Anonymous:2015gf' on page 1 undefined on inpu
t line 105.


Package natbib Warning: Citation `Abbott:2017hl' on page 1 undefined on input l
ine 106.


Package natbib Warning: Citation `Thibaut:2012km' on page 1 undefined on input 
line 107.


Package natbib Warning: Citation `Thibaut:2012km' on page 1 undefined on input 
line 108.


Package natbib Warning: Citation `Carlson:2011ce' on page 1 undefined on input 
line 109.

[1{/usr/local/texlive/2016/texmf-var/fonts/map/pdftex/updmap/pdftex.map}]

Package natbib Warning: Citation `MilnerGulland:2011vm' on page 2 undefined on 
input line 113.


Package natbib Warning: Citation `Bell:2011ki' on page 2 undefined on input lin
e 114.


Package natbib Warning: Citation `Carlson:2014is' on page 2 undefined on input 
line 114.


Package natbib Warning: Citation `Earn:2000fm' on page 2 undefined on input lin
e 116.


Package natbib Warning: Citation `Satterthwaite:2015ge' on page 2 undefined on 
input line 116.


Package natbib Warning: Citation `Ronce:2001dp' on page 2 undefined on input li
ne 119.


Package natbib Warning: Citation `Muhlfeld:2014hs' on page 2 undefined on input
 line 119.


Package natbib Warning: Citation `Lowe:2015ft' on page 2 undefined on input lin
e 120.


Package natbib Warning: Citation `Travis:2013en' on page 2 undefined on input l
ine 128.


Package natbib Warning: Citation `H:2013fs' on page 2 undefined on input line 1
28.


Package natbib Warning: Citation `Keefer:2014gg' on page 2 undefined on input l
ine 128.


Package natbib Warning: Citation `Bett:2017ha' on page 2 undefined on input lin
e 128.


Package natbib Warning: Citation `Berdahl:2016dx' on page 2 undefined on input 
line 130.


Package natbib Warning: Citation `HardestyMoore:wg' on page 2 undefined on inpu
t line 130.


Package natbib Warning: Citation `Berdahl:2017uu' on page 2 undefined on input 
line 130.


Package natbib Warning: Citation `Simons:2004jo' on page 2 undefined on input l
ine 131.


Package natbib Warning: Citation `Berdahl:2016dx' on page 2 undefined on input 
line 131.


Package natbib Warning: Citation `Berdahl:2017uu' on page 2 undefined on input 
line 131.


Package natbib Warning: Citation `Berdahl:2014bl' on page 2 undefined on input 
line 132.


Package natbib Warning: Citation `Brenner:2012gl' on page 2 undefined on input 
line 145.


Package natbib Warning: Citation `Johnson:2012fe' on page 2 undefined on input 
line 145.


Package natbib Warning: Citation `Fullerton:2011ii' on page 2 undefined on inpu
t line 145.


Package natbib Warning: Citation `Quinn:2011tf' on page 2 undefined on input li
ne 146.


Package natbib Warning: Citation `Jonsson:2011kg' on page 2 undefined on input 
line 146.


Package natbib Warning: Citation `Keefer:2014gg' on page 2 undefined on input l
ine 146.


Package natbib Warning: Citation `Quinn:1993ge' on page 2 undefined on input li
ne 146.


Package natbib Warning: Citation `Hendry:2004wf' on page 2 undefined on input l
ine 146.


Package natbib Warning: Citation `Hendry:2004wf' on page 2 undefined on input l
ine 147.


Package natbib Warning: Citation `Schtickzelle:2007wb' on page 2 undefined on i
nput line 148.


Package natbib Warning: Citation `Anderson:2014cx' on page 2 undefined on input
 line 148.


Package natbib Warning: Citation `Keefer:2014gg' on page 2 undefined on input l
ine 149.


Package natbib Warning: Citation `Bett:2017ha' on page 2 undefined on input lin
e 149.


Package natbib Warning: Citation `Keefer:2008bs' on page 2 undefined on input l
ine 149.


Package natbib Warning: Citation `Westley:2015to' on page 2 undefined on input 
line 149.


Package natbib Warning: Citation `Bond:2016dz' on page 2 undefined on input lin
e 149.


Package natbib Warning: Citation `Peterson:2014gy' on page 2 undefined on input
 line 150.


Package natbib Warning: Citation `Berdahl:2017uu' on page 2 undefined on input 
line 150.


Package natbib Warning: Citation `Moore:2010gs' on page 2 undefined on input li
ne 151.


Package natbib Warning: Citation `Carlson:2011ce' on page 2 undefined on input 
line 151.


Package natbib Warning: Citation `Braun:2016ib' on page 2 undefined on input li
ne 151.

[2]

Package natbib Warning: Citation `Ronce:2001dp' on page 3 undefined on input li
ne 156.


Package natbib Warning: Citation `Ronce:2001dp' on page 3 undefined on input li
ne 165.


Package natbib Warning: Citation `simpson1953major' on page 3 undefined on inpu
t line 170.


Package natbib Warning: Citation `Lande:1976ga' on page 3 undefined on input li
ne 170.


Package natbib Warning: Citation `Ronce:2001dp' on page 3 undefined on input li
ne 170.


Package natbib Warning: Citation `Reisenbichler:1988ex' on page 3 undefined on 
input line 171.


Package natbib Warning: Citation `Shelton:2011eq' on page 3 undefined on input 
line 178.

[3]

Package natbib Warning: Citation `Peterson:2014gy' on page 4 undefined on input
 line 206.


Package natbib Warning: Citation `Jasper:2013cc' on page 4 undefined on input l
ine 215.


Package natbib Warning: Citation `Lande:1976ga' on page 4 undefined on input li
ne 216.


Package natbib Warning: Citation `Ronce:2001dp' on page 4 undefined on input li
ne 216.


Package natbib Warning: Citation `Schreiber:2011wx' on page 4 undefined on inpu
t line 216.


Package natbib Warning: Citation `Gilbert:2014ee' on page 4 undefined on input 
line 216.


Package natbib Warning: Citation `Gibert:2015kc' on page 4 undefined on input l
ine 216.


Package natbib Warning: Citation `Ronce:2001dp' on page 4 undefined on input li
ne 217.


Package natbib Warning: Citation `Lande:1976ga' on page 4 undefined on input li
ne 222.

[4]

Package natbib Warning: Citation `Carlson:2008hl' on page 5 undefined on input 
line 230.


LaTeX Warning: Reference `eq:N' on page 5 undefined on input line 231.


LaTeX Warning: Reference `eq:mu' on page 5 undefined on input line 231.


Underfull \hbox (badness 10000) in paragraph at lines 228--232

 []


Package natbib Warning: Citation `Berdahl:2014bl' on page 5 undefined on input 
line 236.


Package natbib Warning: Citation `Berdahl:2017uu' on page 5 undefined on input 
line 236.


Package natbib Warning: Citation `Berdahl:2016dx' on page 5 undefined on input 
line 238.


Package natbib Warning: Citation `Anderson:2014cx' on page 5 undefined on input
 line 267.


Package natbib Warning: Citation `Schindler:2015gf' on page 5 undefined on inpu
t line 267.


Package natbib Warning: Citation `Ovaskainen:2002il' on page 5 undefined on inp
ut line 267.


Package natbib Warning: Citation `Anderson:2013gb' on page 5 undefined on input
 line 270.


Package natbib Warning: Citation `Loreau:2008ju' on page 5 undefined on input l
ine 280.


Package natbib Warning: Citation `Anderson:2014cx' on page 5 undefined on input
 line 280.


Package natbib Warning: Citation `Yeakel:2013vz' on page 5 undefined on input l
ine 280.

[5]

Package natbib Warning: Citation `GuckHolmes' on page 6 undefined on input line
 284.


LaTeX Warning: Reference `fig:recovery' on page 6 undefined on input line 288.


Underfull \hbox (badness 10000) in paragraph at lines 291--295

 []


LaTeX Warning: Reference `fig:traj' on page 6 undefined on input line 311.


LaTeX Warning: Reference `fig:traj' on page 6 undefined on input line 316.


LaTeX Warning: Reference `fig:traj' on page 6 undefined on input line 318.

[6]

LaTeX Warning: Reference `fig:symmetry' on page 7 undefined on input line 331.


LaTeX Warning: Reference `fig:mpert' on page 7 undefined on input line 337.


LaTeX Warning: Reference `fig:mpert' on page 7 undefined on input line 339.


LaTeX Warning: Reference `fig:mpert' on page 7 undefined on input line 344.


LaTeX Warning: Reference `fig:mpert' on page 7 undefined on input line 351.


Package natbib Warning: Citation `Scheffer:2009gg' on page 7 undefined on input
 line 362.


Package natbib Warning: Citation `Scheffer:2009gg' on page 7 undefined on input
 line 362.


Package natbib Warning: Citation `Lade:2012eu' on page 7 undefined on input lin
e 362.


Package natbib Warning: Citation `Anonymous:2013br' on page 7 undefined on inpu
t line 362.


Package natbib Warning: Citation `Dakos:2014br' on page 7 undefined on input li
ne 362.


Package natbib Warning: Citation `Krkosek:2014ch' on page 7 undefined on input 
line 362.


LaTeX Warning: Reference `fig:pevsrt' on page 7 undefined on input line 365.


Underfull \hbox (badness 10000) in paragraph at lines 360--369

 []

[7]

LaTeX Warning: Reference `eq:ddm' on page 8 undefined on input line 373.


Package natbib Warning: Citation `Berdahl:2016dx' on page 8 undefined on input 
line 373.


LaTeX Warning: Reference `eq:ddm' on page 8 undefined on input line 375.


Package natbib Warning: Citation `Berdahl:2016dx' on page 8 undefined on input 
line 375.


LaTeX Warning: Reference `fig:cb' on page 8 undefined on input line 384.


LaTeX Warning: Reference `fig:cb' on page 8 undefined on input line 385.


LaTeX Warning: Reference `fig:cb' on page 8 undefined on input line 387.


LaTeX Warning: Reference `fig:cb' on page 8 undefined on input line 388.


LaTeX Warning: Reference `fig:mpert' on page 8 undefined on input line 394.


LaTeX Warning: Reference `fig:pert' on page 8 undefined on input line 395.


LaTeX Warning: Reference `fig:pert' on page 8 undefined on input line 396.

[8]

LaTeX Warning: Reference `fig:bifurcationsddm' on page 9 undefined on input lin
e 403.


LaTeX Warning: Reference `fig:bifurcationsddm' on page 9 undefined on input lin
e 406.


LaTeX Warning: Reference `fig:bifurcationsddm' on page 9 undefined on input lin
e 406.


Package natbib Warning: Citation `Ronce:2001dp' on page 9 undefined on input li
ne 431.


LaTeX Warning: Reference `fig:bifurcationsddm' on page 9 undefined on input lin
e 433.


Package natbib Warning: Citation `Ronce:2001dp' on page 9 undefined on input li
ne 433.


LaTeX Warning: Reference `fig:bifurcationsddm' on page 9 undefined on input lin
e 436.


Package natbib Warning: Citation `Peterson:2014gy' on page 9 undefined on input
 line 445.


Package natbib Warning: Citation `Lin:2008kl' on page 9 undefined on input line
 445.


LaTeX Warning: Reference `fig:mtheta' on page 9 undefined on input line 446.


LaTeX Warning: Reference `fig:mtheta' on page 9 undefined on input line 448.


Package natbib Warning: Citation `Ronce:2001dp' on page 9 undefined on input li
ne 467.


Package natbib Warning: Citation `Anderson:2013gb' on page 9 undefined on input
 line 468.


Package natbib Warning: Citation `Anonymous:2015gf' on page 9 undefined on inpu
t line 468.


Package natbib Warning: Citation `Ovaskainen:2002il' on page 9 undefined on inp
ut line 469.


LaTeX Warning: Reference `fig:pevsrt' on page 9 undefined on input line 470.


Package natbib Warning: Citation `Donohue:2013iu' on page 9 undefined on input 
line 470.


LaTeX Warning: Reference `eq:ddm' on page 9 undefined on input line 472.


Package natbib Warning: Citation `Berdahl:2014bl' on page 9 undefined on input 
line 475.


Package natbib Warning: Citation `Berdahl:2016dx' on page 9 undefined on input 
line 475.

[9]

Package natbib Warning: Citation `Ronce:2001dp' on page 10 undefined on input l
ine 499.


Package natbib Warning: Citation `Ronce:2001dp' on page 10 undefined on input l
ine 500.


LaTeX Warning: Reference `fig:traj' on page 10 undefined on input line 501.


LaTeX Warning: Reference `fig:pert' on page 10 undefined on input line 501.


LaTeX Warning: Reference `fig:pert' on page 10 undefined on input line 504.


LaTeX Warning: Reference `fig:pert' on page 10 undefined on input line 529.


LaTeX Warning: Reference `fig:bifurcationsddm' on page 10 undefined on input li
ne 529.


LaTeX Warning: Reference `fig:traj' on page 10 undefined on input line 532.


Package natbib Warning: Citation `Berdahl:2016dx' on page 10 undefined on input
 line 532.

[10]

LaTeX Warning: Reference `fig:bifurcationsddm' on page 11 undefined on input li
ne 538.


LaTeX Warning: Reference `fig:cb' on page 11 undefined on input line 540.


LaTeX Warning: Reference `fig:pert' on page 11 undefined on input line 542.


Package natbib Warning: Citation `H:2013fs' on page 11 undefined on input line 
546.


Package natbib Warning: Citation `Keefer:2014gg' on page 11 undefined on input 
line 546.


LaTeX Warning: Reference `fig:cb' on page 11 undefined on input line 548.


LaTeX Warning: Reference `fig:bifurcationsddm' on page 11 undefined on input li
ne 548.


LaTeX Warning: Reference `fig:pert' on page 11 undefined on input line 549.


LaTeX Warning: Reference `fig:pert' on page 11 undefined on input line 550.


LaTeX Warning: Reference `fig:mpert' on page 11 undefined on input line 553.


LaTeX Warning: Reference `fig:bifurcationsddm' on page 11 undefined on input li
ne 576.


Package natbib Warning: Citation `Westley:2015to' on page 11 undefined on input
 line 577.


LaTeX Warning: Reference `fig:bifurcationsddm' on page 11 undefined on input li
ne 579.


Package natbib Warning: Citation `Christie:2012bj' on page 11 undefined on inpu
t line 582.


Package natbib Warning: Citation `Chilcote:2003bb' on page 11 undefined on inpu
t line 583.


Package natbib Warning: Citation `Araki:2007cm' on page 11 undefined on input l
ine 583.

[11]

Package natbib Warning: Citation `Reisenbichler:1988ex' on page 12 undefined on
 input line 586.


Package natbib Warning: Citation `Fraser:2011co' on page 12 undefined on input 
line 586.


Package natbib Warning: Citation `Westley:2012ui' on page 12 undefined on input
 line 586.


Package natbib Warning: Citation `Candy:2000hu' on page 12 undefined on input l
ine 587.


Package natbib Warning: Citation `JPE:JPE1383' on page 12 undefined on input li
ne 587.


Package natbib Warning: Citation `Peterson:2014gy' on page 12 undefined on inpu
t line 588.


LaTeX Warning: Reference `fig:mtheta' on page 12 undefined on input line 589.


LaTeX Warning: Reference `fig:mtheta' on page 12 undefined on input line 590.


Package natbib Warning: Citation `Anderson:2013bf' on page 12 undefined on inpu
t line 592.


Package natbib Warning: Citation `Pess:2014isa' on page 12 undefined on input l
ine 592.


Package natbib Warning: Citation `H:2013fs' on page 12 undefined on input line 
603.


Package natbib Warning: Citation `Heino:1997vf' on page 12 undefined on input l
ine 605.


Package natbib Warning: Citation `Carrara:2014cy' on page 12 undefined on input
 line 605.


Package natbib Warning: Citation `Yeakel:2013vz' on page 12 undefined on input 
line 605.


Package natbib Warning: Citation `Gilarranz:2017fs' on page 12 undefined on inp
ut line 605.


Package natbib Warning: Citation `Stanford:2017bu' on page 12 undefined on inpu
t line 613.


Package natbib Warning: Citation `Berdahl:2014bl' on page 12 undefined on input
 line 614.


Package natbib Warning: Citation `Leider:1989gx' on page 12 undefined on input 
line 614.


Package natbib Warning: Citation `Pess:2012by' on page 12 undefined on input li
ne 614.


Package natbib Warning: Citation `Pess:2014isa' on page 12 undefined on input l
ine 614.


Package natbib Warning: Citation `Milner:2008gb' on page 12 undefined on input 
line 614.


Package natbib Warning: Citation `Berdahl:2017uu' on page 12 undefined on input
 line 616.

[12]

Package natbib Warning: Citation `Ford:2002ip' on page 13 undefined on input li
ne 621.


Package natbib Warning: Citation `Brenner:2012gl' on page 13 undefined on input
 line 621.


Package natbib Warning: Citation `Ruzzante:1994bu' on page 13 undefined on inpu
t line 624.


Package natbib Warning: Citation `Jonsson:2011kg' on page 13 undefined on input
 line 624.


Package natbib Warning: Citation `Berdahl:2016dx' on page 13 undefined on input
 line 643.


Package natbib Warning: Citation `Ronce:2001dp' on page 13 undefined on input l
ine 645.


Package natbib Warning: Citation `HardestyMoore:wg' on page 13 undefined on inp
ut line 646.


Underfull \hbox (badness 10000) in paragraph at lines 642--654

 []


Underfull \hbox (badness 10000) in paragraph at lines 642--654

 []

[13]

LaTeX Warning: Reference `LastBibItem' on page 14 undefined on input line 669.

[14] [15] [16] [17] [18]

pdfTeX warning: pdflatex (file ./fig_traj.pdf): PDF inclusion: found PDF versio
n <1.7>, but at most version <1.5> allowed
<fig_traj.pdf, id=82, 433.62pt x 361.35pt>
File: fig_traj.pdf Graphic file (type pdf)
 <use fig_traj.pdf>
Package pdftex.def Info: fig_traj.pdf used on input line 1136.
(pdftex.def)             Requested size: 382.5pt x 318.76642pt.

<fig_mpert.pdf, id=83, 722.7pt x 289.08pt>
File: fig_mpert.pdf Graphic file (type pdf)
 <use fig_mpert.pdf>
Package pdftex.def Info: fig_mpert.pdf used on input line 1153.
(pdftex.def)             Requested size: 510.0pt x 203.99991pt.


LaTeX Warning: Reference `fig:traj' on page 19 undefined on input line 1161.

<fig_meandiff.pdf, id=84, 505.89pt x 433.62pt>
File: fig_meandiff.pdf Graphic file (type pdf)
 <use fig_meandiff.pdf>
Package pdftex.def Info: fig_meandiff.pdf used on input line 1170.
(pdftex.def)             Requested size: 382.5pt x 327.8608pt.

<fig_rtpe_ddm.pdf, id=85, 722.7pt x 578.16pt>
File: fig_rtpe_ddm.pdf Graphic file (type pdf)
 <use fig_rtpe_ddm.pdf>
Package pdftex.def Info: fig_rtpe_ddm.pdf used on input line 1186.
(pdftex.def)             Requested size: 382.5pt x 305.99988pt.

<fig_hysteresis_ddm.pdf, id=86, 650.43pt x 433.62pt>
File: fig_hysteresis_ddm.pdf Graphic file (type pdf)

<use fig_hysteresis_ddm.pdf>
Package pdftex.def Info: fig_hysteresis_ddm.pdf used on input line 1203.
(pdftex.def)             Requested size: 382.5pt x 255.00652pt.

<fig_hysteresis_ddm_mtheta.pdf, id=87, 433.62pt x 361.35pt>
File: fig_hysteresis_ddm_mtheta.pdf Graphic file (type pdf)

<use fig_hysteresis_ddm_mtheta.pdf>
Package pdftex.def Info: fig_hysteresis_ddm_mtheta.pdf used on input line 1219.

(pdftex.def)             Requested size: 255.0pt x 212.49992pt.
 [19 <./fig_traj.pdf>] [20 <./fig_mpert.pdf>] [21 <./fig_meandiff.pdf>] [22 <./
fig_rtpe_ddm.pdf>] [23 <./fig_hysteresis_ddm.pdf>] [24 <./fig_hysteresis_ddm_mt
heta.pdf>]

Class revtex4 Warning: Endnote numbers changed: rerun LaTeX.


Package natbib Warning: There were undefined citations.

[25] (./msv10.aux

Package natbib Warning: Citation(s) may have changed.
(natbib)                Rerun to get citations correct.

)

LaTeX Warning: There were undefined references.


LaTeX Warning: Label(s) may have changed. Rerun to get cross-references right .


 ) 
Here is how much of TeX's memory you used:
 7108 strings out of 493014
 102567 string characters out of 6133351
 187544 words of memory out of 5000000
 10506 multiletter control sequences out of 15000+600000
 21597 words of font info for 64 fonts, out of 8000000 for 9000
 1141 hyphenation exceptions out of 8191
 38i,10n,39p,1779b,483s stack positions out of 5000i,500n,10000p,200000b,80000s
{/usr/local/texlive/2016/texmf-dist/fonts/enc/dvips/cm-super/cm-super-t1.enc}
</usr/local/texlive/2016/texmf-dist/fonts/type1/public/amsfonts/cm/cmex10.pfb><
/usr/local/texlive/2016/texmf-dist/fonts/type1/public/amsfonts/cm/cmmi10.pfb></
usr/local/texlive/2016/texmf-dist/fonts/type1/public/amsfonts/cm/cmmi5.pfb></us
r/local/texlive/2016/texmf-dist/fonts/type1/public/amsfonts/cm/cmmi6.pfb></usr/
local/texlive/2016/texmf-dist/fonts/type1/public/amsfonts/cm/cmmi7.pfb></usr/lo
cal/texlive/2016/texmf-dist/fonts/type1/public/amsfonts/cm/cmmi9.pfb></usr/loca
l/texlive/2016/texmf-dist/fonts/type1/public/amsfonts/cm/cmr10.pfb></usr/local/
texlive/2016/texmf-dist/fonts/type1/public/amsfonts/cm/cmr6.pfb></usr/local/tex
live/2016/texmf-dist/fonts/type1/public/amsfonts/cm/cmr7.pfb></usr/local/texliv
e/2016/texmf-dist/fonts/type1/public/amsfonts/cm/cmr9.pfb></usr/local/texlive/2
016/texmf-dist/fonts/type1/public/amsfonts/cm/cmsy10.pfb></usr/local/texlive/20
16/texmf-dist/fonts/type1/public/amsfonts/cm/cmsy6.pfb></usr/local/texlive/2016
/texmf-dist/fonts/type1/public/amsfonts/cm/cmsy7.pfb></usr/local/texlive/2016/t
exmf-dist/fonts/type1/public/amsfonts/cm/cmsy9.pfb></usr/local/texlive/2016/tex
mf-dist/fonts/type1/public/amsfonts/symbols/msam10.pfb></usr/local/texlive/2016
/texmf-dist/fonts/type1/public/cm-super/sfbx0900.pfb></usr/local/texlive/2016/t
exmf-dist/fonts/type1/public/cm-super/sfbx1000.pfb></usr/local/texlive/2016/tex
mf-dist/fonts/type1/public/cm-super/sfbx1200.pfb></usr/local/texlive/2016/texmf
-dist/fonts/type1/public/cm-super/sfrm0900.pfb></usr/local/texlive/2016/texmf-d
ist/fonts/type1/public/cm-super/sfrm1000.pfb></usr/local/texlive/2016/texmf-dis
t/fonts/type1/public/cm-super/sfss0500.pfb></usr/local/texlive/2016/texmf-dist/
fonts/type1/public/cm-super/sfti0900.pfb></usr/local/texlive/2016/texmf-dist/fo
nts/type1/public/cm-super/sfti1000.pfb>
Output written on msv10.pdf (25 pages, 1697467 bytes).
PDF statistics:
 244 PDF objects out of 1000 (max. 8388607)
 174 compressed objects within 2 object streams
 0 named destinations out of 1000 (max. 500000)
 31 words of extra memory for PDF output out of 10000 (max. 10000000)

